------------------------------------------------------------------------------------------------------------------------

[2023-10-14 16:11:46 #1 store] 
Database 'C:\Users\ander\git\Bets21\src\main\resources\bets.temp' has been recovered (tr. 217-230)

[2023-10-14 16:11:46 #2 store] 
Database 'C:\Users\ander\git\Bets21\src\main\resources\bets.temp' is opened by 6940@LAPTOP-KMC7QC4S

[2023-10-14 16:11:46 #3 type] 
Type domain.User is not enhanced.

[2023-10-14 16:11:46 #4 type] 
Type domain.Admin is not enhanced.

[2023-10-14 16:11:46 #5 type] 
Type domain.Message is not enhanced.

[2023-10-14 16:11:46 #6 type] 
Type domain.Question is not enhanced.

[2023-10-14 16:11:46 #7 type] 
Type domain.Quote is not enhanced.

[2023-10-14 16:11:46 #8 type] 
Type domain.Event is not enhanced.

[2023-10-14 16:11:46 #9 type] 
Type domain.Bet is not enhanced.

[2023-10-14 16:11:46 #10 type] 
Type domain.Registered is not enhanced.

[2023-10-14 16:11:46 #11 type] 
Type domain.Movement is not enhanced.

------------------------------------------------------------------------------------------------------------------------

[2023-10-14 16:14:00 #1 store] 
Database 'C:\Users\ander\git\Bets21\src\main\resources\bets.temp' has been recovered (tr. 231-251)

[2023-10-14 16:14:00 #2 store] 
Database 'C:\Users\ander\git\Bets21\src\main\resources\bets.temp' is opened by 15468@LAPTOP-KMC7QC4S

[2023-10-14 16:14:00 #3 type] 
Type domain.User is not enhanced.

[2023-10-14 16:14:00 #4 type] 
Type domain.Admin is not enhanced.

[2023-10-14 16:14:00 #5 type] 
Type domain.Message is not enhanced.

[2023-10-14 16:14:00 #6 type] 
Type domain.Question is not enhanced.

[2023-10-14 16:14:00 #7 type] 
Type domain.Quote is not enhanced.

[2023-10-14 16:14:00 #8 type] 
Type domain.Event is not enhanced.

[2023-10-14 16:14:00 #9 type] 
Type domain.Bet is not enhanced.

[2023-10-14 16:14:00 #10 type] 
Type domain.Registered is not enhanced.

[2023-10-14 16:14:00 #11 type] 
Type domain.Movement is not enhanced.

------------------------------------------------------------------------------------------------------------------------

[2023-10-14 16:15:26 #1 store] 
Database 'C:\Users\ander\git\Bets21\src\main\resources\bets.temp' has been recovered (tr. 252-257)

[2023-10-14 16:15:26 #2 store] 
Database 'C:\Users\ander\git\Bets21\src\main\resources\bets.temp' is opened by 20392@LAPTOP-KMC7QC4S

[2023-10-14 16:15:27 #3 type] 
Type domain.User is not enhanced.

[2023-10-14 16:15:27 #4 type] 
Type domain.Admin is not enhanced.

[2023-10-14 16:15:27 #5 type] 
Type domain.Message is not enhanced.

[2023-10-14 16:15:27 #6 type] 
Type domain.Question is not enhanced.

[2023-10-14 16:15:27 #7 type] 
Type domain.Quote is not enhanced.

[2023-10-14 16:15:27 #8 type] 
Type domain.Event is not enhanced.

[2023-10-14 16:15:27 #9 type] 
Type domain.Bet is not enhanced.

[2023-10-14 16:15:27 #10 type] 
Type domain.Registered is not enhanced.

[2023-10-14 16:15:27 #11 type] 
Type domain.Movement is not enhanced.

------------------------------------------------------------------------------------------------------------------------

[2023-10-14 16:19:13 #1 store] 
Database 'C:\Users\ander\git\Bets21\src\main\resources\bets.temp' has been recovered (tr. 258-278)

[2023-10-14 16:19:13 #2 store] 
Database 'C:\Users\ander\git\Bets21\src\main\resources\bets.temp' is opened by 9928@LAPTOP-KMC7QC4S

[2023-10-14 16:19:13 #3 type] 
Type domain.User is not enhanced.

[2023-10-14 16:19:13 #4 type] 
Type domain.Admin is not enhanced.

[2023-10-14 16:19:13 #5 type] 
Type domain.Message is not enhanced.

[2023-10-14 16:19:13 #6 type] 
Type domain.Question is not enhanced.

[2023-10-14 16:19:13 #7 type] 
Type domain.Quote is not enhanced.

[2023-10-14 16:19:13 #8 type] 
Type domain.Event is not enhanced.

[2023-10-14 16:19:13 #9 type] 
Type domain.Bet is not enhanced.

[2023-10-14 16:19:13 #10 type] 
Type domain.Registered is not enhanced.

[2023-10-14 16:19:13 #11 type] 
Type domain.Movement is not enhanced.

------------------------------------------------------------------------------------------------------------------------

[2023-10-14 16:20:01 #1 store] 
Database 'C:\Users\ander\git\Bets21\src\main\resources\bets.temp' has been recovered (tr. 279-284)

[2023-10-14 16:20:01 #2 store] 
Database 'C:\Users\ander\git\Bets21\src\main\resources\bets.temp' is opened by 10204@LAPTOP-KMC7QC4S

[2023-10-14 16:20:01 #3 type] 
Type domain.User is not enhanced.

[2023-10-14 16:20:01 #4 type] 
Type domain.Admin is not enhanced.

[2023-10-14 16:20:01 #5 type] 
Type domain.Message is not enhanced.

[2023-10-14 16:20:01 #6 type] 
Type domain.Question is not enhanced.

[2023-10-14 16:20:01 #7 type] 
Type domain.Quote is not enhanced.

[2023-10-14 16:20:01 #8 type] 
Type domain.Event is not enhanced.

[2023-10-14 16:20:01 #9 type] 
Type domain.Bet is not enhanced.

[2023-10-14 16:20:01 #10 type] 
Type domain.Registered is not enhanced.

[2023-10-14 16:20:01 #11 type] 
Type domain.Movement is not enhanced.

------------------------------------------------------------------------------------------------------------------------

[2023-10-14 16:20:08 #1 store] 
Database 'C:\Users\ander\git\Bets21\src\main\resources\bets.temp' has been recovered (tr. 285-290)

[2023-10-14 16:20:08 #2 store] 
Database 'C:\Users\ander\git\Bets21\src\main\resources\bets.temp' is opened by 9064@LAPTOP-KMC7QC4S

[2023-10-14 16:20:08 #3 type] 
Type domain.User is not enhanced.

[2023-10-14 16:20:08 #4 type] 
Type domain.Admin is not enhanced.

[2023-10-14 16:20:08 #5 type] 
Type domain.Message is not enhanced.

[2023-10-14 16:20:08 #6 type] 
Type domain.Question is not enhanced.

[2023-10-14 16:20:08 #7 type] 
Type domain.Quote is not enhanced.

[2023-10-14 16:20:08 #8 type] 
Type domain.Event is not enhanced.

[2023-10-14 16:20:08 #9 type] 
Type domain.Bet is not enhanced.

[2023-10-14 16:20:08 #10 type] 
Type domain.Registered is not enhanced.

[2023-10-14 16:20:08 #11 type] 
Type domain.Movement is not enhanced.

------------------------------------------------------------------------------------------------------------------------

[2023-10-14 16:21:22 #1 store] 
Database 'C:\Users\ander\git\Bets21\src\main\resources\bets.temp' has been recovered (tr. 291-296)

[2023-10-14 16:21:22 #2 store] 
Database 'C:\Users\ander\git\Bets21\src\main\resources\bets.temp' is opened by 7468@LAPTOP-KMC7QC4S

[2023-10-14 16:21:22 #3 type] 
Type domain.User is not enhanced.

[2023-10-14 16:21:22 #4 type] 
Type domain.Admin is not enhanced.

[2023-10-14 16:21:22 #5 type] 
Type domain.Message is not enhanced.

[2023-10-14 16:21:22 #6 type] 
Type domain.Question is not enhanced.

[2023-10-14 16:21:22 #7 type] 
Type domain.Quote is not enhanced.

[2023-10-14 16:21:22 #8 type] 
Type domain.Event is not enhanced.

[2023-10-14 16:21:22 #9 type] 
Type domain.Bet is not enhanced.

[2023-10-14 16:21:22 #10 type] 
Type domain.Registered is not enhanced.

[2023-10-14 16:21:22 #11 type] 
Type domain.Movement is not enhanced.

------------------------------------------------------------------------------------------------------------------------

[2023-10-14 16:22:32 #1 store] 
Database 'C:\Users\ander\git\Bets21\src\main\resources\bets.temp' has been recovered (tr. 297-301)

[2023-10-14 16:22:32 #2 store] 
Database 'C:\Users\ander\git\Bets21\src\main\resources\bets.temp' is opened by 20872@LAPTOP-KMC7QC4S

[2023-10-14 16:22:32 #3 type] 
Type domain.User is not enhanced.

[2023-10-14 16:22:32 #4 type] 
Type domain.Admin is not enhanced.

[2023-10-14 16:22:32 #5 type] 
Type domain.Message is not enhanced.

[2023-10-14 16:22:32 #6 type] 
Type domain.Question is not enhanced.

[2023-10-14 16:22:32 #7 type] 
Type domain.Quote is not enhanced.

[2023-10-14 16:22:32 #8 type] 
Type domain.Event is not enhanced.

[2023-10-14 16:22:32 #9 type] 
Type domain.Bet is not enhanced.

[2023-10-14 16:22:32 #10 type] 
Type domain.Registered is not enhanced.

[2023-10-14 16:22:32 #11 type] 
Type domain.Movement is not enhanced.

------------------------------------------------------------------------------------------------------------------------

[2023-10-14 16:23:10 #1 store] 
Database 'C:\Users\ander\git\Bets21\src\main\resources\bets.temp' has been recovered (tr. 302-307)

[2023-10-14 16:23:10 #2 store] 
Database 'C:\Users\ander\git\Bets21\src\main\resources\bets.temp' is opened by 10480@LAPTOP-KMC7QC4S

[2023-10-14 16:23:10 #3 type] 
Type domain.User is not enhanced.

[2023-10-14 16:23:10 #4 type] 
Type domain.Admin is not enhanced.

[2023-10-14 16:23:10 #5 type] 
Type domain.Message is not enhanced.

[2023-10-14 16:23:10 #6 type] 
Type domain.Question is not enhanced.

[2023-10-14 16:23:10 #7 type] 
Type domain.Quote is not enhanced.

[2023-10-14 16:23:10 #8 type] 
Type domain.Event is not enhanced.

[2023-10-14 16:23:10 #9 type] 
Type domain.Bet is not enhanced.

[2023-10-14 16:23:10 #10 type] 
Type domain.Registered is not enhanced.

[2023-10-14 16:23:10 #11 type] 
Type domain.Movement is not enhanced.

------------------------------------------------------------------------------------------------------------------------

[2023-10-14 16:24:34 #1 store] 
Database 'C:\Users\ander\git\Bets21\src\main\resources\bets.temp' has been recovered (tr. 308-313)

[2023-10-14 16:24:34 #2 store] 
Database 'C:\Users\ander\git\Bets21\src\main\resources\bets.temp' is opened by 7384@LAPTOP-KMC7QC4S

[2023-10-14 16:24:34 #3 type] 
Type domain.User is not enhanced.

[2023-10-14 16:24:34 #4 type] 
Type domain.Admin is not enhanced.

[2023-10-14 16:24:34 #5 type] 
Type domain.Message is not enhanced.

[2023-10-14 16:24:34 #6 type] 
Type domain.Question is not enhanced.

[2023-10-14 16:24:34 #7 type] 
Type domain.Quote is not enhanced.

[2023-10-14 16:24:34 #8 type] 
Type domain.Event is not enhanced.

[2023-10-14 16:24:34 #9 type] 
Type domain.Bet is not enhanced.

[2023-10-14 16:24:34 #10 type] 
Type domain.Registered is not enhanced.

[2023-10-14 16:24:34 #11 type] 
Type domain.Movement is not enhanced.

------------------------------------------------------------------------------------------------------------------------

[2023-10-14 16:24:57 #1 store] 
Database 'C:\Users\ander\git\Bets21\src\main\resources\bets.temp' has been recovered (tr. 314-319)

[2023-10-14 16:24:57 #2 store] 
Database 'C:\Users\ander\git\Bets21\src\main\resources\bets.temp' is opened by 14644@LAPTOP-KMC7QC4S

[2023-10-14 16:24:57 #3 type] 
Type domain.User is not enhanced.

[2023-10-14 16:24:57 #4 type] 
Type domain.Admin is not enhanced.

[2023-10-14 16:24:57 #5 type] 
Type domain.Message is not enhanced.

[2023-10-14 16:24:57 #6 type] 
Type domain.Question is not enhanced.

[2023-10-14 16:24:57 #7 type] 
Type domain.Quote is not enhanced.

[2023-10-14 16:24:57 #8 type] 
Type domain.Event is not enhanced.

[2023-10-14 16:24:57 #9 type] 
Type domain.Bet is not enhanced.

[2023-10-14 16:24:57 #10 type] 
Type domain.Registered is not enhanced.

[2023-10-14 16:24:57 #11 type] 
Type domain.Movement is not enhanced.

------------------------------------------------------------------------------------------------------------------------

[2023-10-14 16:25:58 #1 store] 
Database 'C:\Users\ander\git\Bets21\src\main\resources\bets.temp' has been recovered (tr. 320-325)

[2023-10-14 16:25:58 #2 store] 
Database 'C:\Users\ander\git\Bets21\src\main\resources\bets.temp' is opened by 3880@LAPTOP-KMC7QC4S

[2023-10-14 16:25:58 #3 type] 
Type domain.User is not enhanced.

[2023-10-14 16:25:58 #4 type] 
Type domain.Admin is not enhanced.

[2023-10-14 16:25:58 #5 type] 
Type domain.Message is not enhanced.

[2023-10-14 16:25:58 #6 type] 
Type domain.Question is not enhanced.

[2023-10-14 16:25:58 #7 type] 
Type domain.Quote is not enhanced.

[2023-10-14 16:25:58 #8 type] 
Type domain.Event is not enhanced.

[2023-10-14 16:25:58 #9 type] 
Type domain.Bet is not enhanced.

[2023-10-14 16:25:58 #10 type] 
Type domain.Registered is not enhanced.

[2023-10-14 16:25:58 #11 type] 
Type domain.Movement is not enhanced.

------------------------------------------------------------------------------------------------------------------------

[2023-10-14 16:27:21 #1 store] 
Database 'C:\Users\ander\git\Bets21\src\main\resources\bets.temp' has been recovered (tr. 326-328)

[2023-10-14 16:27:22 #2 store] 
Database 'C:\Users\ander\git\Bets21\src\main\resources\bets.temp' is opened by 6636@LAPTOP-KMC7QC4S

[2023-10-14 16:27:22 #3 type] 
Type domain.User is not enhanced.

[2023-10-14 16:27:22 #4 type] 
Type domain.Admin is not enhanced.

[2023-10-14 16:27:22 #5 type] 
Type domain.Message is not enhanced.

[2023-10-14 16:27:22 #6 type] 
Type domain.Question is not enhanced.

[2023-10-14 16:27:22 #7 type] 
Type domain.Quote is not enhanced.

[2023-10-14 16:27:22 #8 type] 
Type domain.Event is not enhanced.

[2023-10-14 16:27:22 #9 type] 
Type domain.Bet is not enhanced.

[2023-10-14 16:27:22 #10 type] 
Type domain.Registered is not enhanced.

[2023-10-14 16:27:22 #11 type] 
Type domain.Movement is not enhanced.

------------------------------------------------------------------------------------------------------------------------

[2023-10-14 16:29:10 #1 store] 
Database 'C:\Users\ander\git\Bets21\src\main\resources\bets.temp' has been recovered (tr. 329-331)

[2023-10-14 16:29:10 #2 store] 
Database 'C:\Users\ander\git\Bets21\src\main\resources\bets.temp' is opened by 9604@LAPTOP-KMC7QC4S

[2023-10-14 16:29:10 #3 type] 
Type domain.User is not enhanced.

[2023-10-14 16:29:10 #4 type] 
Type domain.Admin is not enhanced.

[2023-10-14 16:29:10 #5 type] 
Type domain.Message is not enhanced.

[2023-10-14 16:29:10 #6 type] 
Type domain.Question is not enhanced.

[2023-10-14 16:29:10 #7 type] 
Type domain.Quote is not enhanced.

[2023-10-14 16:29:10 #8 type] 
Type domain.Event is not enhanced.

[2023-10-14 16:29:10 #9 type] 
Type domain.Bet is not enhanced.

[2023-10-14 16:29:10 #10 type] 
Type domain.Registered is not enhanced.

[2023-10-14 16:29:10 #11 type] 
Type domain.Movement is not enhanced.

------------------------------------------------------------------------------------------------------------------------

[2023-10-14 16:30:48 #1 store] 
Database 'C:\Users\ander\git\Bets21\src\main\resources\bets.temp' has been recovered (tr. 332-337)

[2023-10-14 16:30:48 #2 store] 
Database 'C:\Users\ander\git\Bets21\src\main\resources\bets.temp' is opened by 19504@LAPTOP-KMC7QC4S

[2023-10-14 16:30:48 #3 type] 
Type domain.User is not enhanced.

[2023-10-14 16:30:48 #4 type] 
Type domain.Admin is not enhanced.

[2023-10-14 16:30:48 #5 type] 
Type domain.Message is not enhanced.

[2023-10-14 16:30:48 #6 type] 
Type domain.Question is not enhanced.

[2023-10-14 16:30:48 #7 type] 
Type domain.Quote is not enhanced.

[2023-10-14 16:30:48 #8 type] 
Type domain.Event is not enhanced.

[2023-10-14 16:30:48 #9 type] 
Type domain.Bet is not enhanced.

[2023-10-14 16:30:48 #10 type] 
Type domain.Registered is not enhanced.

[2023-10-14 16:30:48 #11 type] 
Type domain.Movement is not enhanced.

------------------------------------------------------------------------------------------------------------------------

[2023-10-14 16:36:19 #1 store] 
Database 'C:\Users\ander\git\Bets21\src\main\resources\bets.temp' has been recovered (tr. 338-343)

[2023-10-14 16:36:19 #2 store] 
Database 'C:\Users\ander\git\Bets21\src\main\resources\bets.temp' is opened by 17792@LAPTOP-KMC7QC4S

[2023-10-14 16:36:19 #3 type] 
Type domain.User is not enhanced.

[2023-10-14 16:36:19 #4 type] 
Type domain.Admin is not enhanced.

[2023-10-14 16:36:19 #5 type] 
Type domain.Message is not enhanced.

[2023-10-14 16:36:19 #6 type] 
Type domain.Question is not enhanced.

[2023-10-14 16:36:19 #7 type] 
Type domain.Quote is not enhanced.

[2023-10-14 16:36:19 #8 type] 
Type domain.Event is not enhanced.

[2023-10-14 16:36:19 #9 type] 
Type domain.Bet is not enhanced.

[2023-10-14 16:36:19 #10 type] 
Type domain.Registered is not enhanced.

[2023-10-14 16:36:19 #11 type] 
Type domain.Movement is not enhanced.

------------------------------------------------------------------------------------------------------------------------

[2023-10-14 16:36:29 #1 store] 
Database 'C:\Users\ander\git\Bets21\src\main\resources\bets.temp' has been recovered (tr. 344-349)

[2023-10-14 16:36:29 #2 store] 
Database 'C:\Users\ander\git\Bets21\src\main\resources\bets.temp' is opened by 19264@LAPTOP-KMC7QC4S

[2023-10-14 16:36:29 #3 type] 
Type domain.User is not enhanced.

[2023-10-14 16:36:29 #4 type] 
Type domain.Admin is not enhanced.

[2023-10-14 16:36:29 #5 type] 
Type domain.Message is not enhanced.

[2023-10-14 16:36:29 #6 type] 
Type domain.Question is not enhanced.

[2023-10-14 16:36:29 #7 type] 
Type domain.Quote is not enhanced.

[2023-10-14 16:36:29 #8 type] 
Type domain.Event is not enhanced.

[2023-10-14 16:36:29 #9 type] 
Type domain.Bet is not enhanced.

[2023-10-14 16:36:29 #10 type] 
Type domain.Registered is not enhanced.

[2023-10-14 16:36:29 #11 type] 
Type domain.Movement is not enhanced.

------------------------------------------------------------------------------------------------------------------------

[2023-10-14 16:40:40 #1 store] 
Database 'C:\Users\ander\git\Bets21\src\main\resources\bets.temp' has been recovered (tr. 350-354)

[2023-10-14 16:40:40 #2 store] 
Database 'C:\Users\ander\git\Bets21\src\main\resources\bets.temp' is opened by 19644@LAPTOP-KMC7QC4S

[2023-10-14 16:40:40 #3 type] 
Type domain.User is not enhanced.

[2023-10-14 16:40:40 #4 type] 
Type domain.Admin is not enhanced.

[2023-10-14 16:40:40 #5 type] 
Type domain.Message is not enhanced.

[2023-10-14 16:40:40 #6 type] 
Type domain.Question is not enhanced.

[2023-10-14 16:40:40 #7 type] 
Type domain.Quote is not enhanced.

[2023-10-14 16:40:40 #8 type] 
Type domain.Event is not enhanced.

[2023-10-14 16:40:40 #9 type] 
Type domain.Bet is not enhanced.

[2023-10-14 16:40:40 #10 type] 
Type domain.Registered is not enhanced.

[2023-10-14 16:40:40 #11 type] 
Type domain.Movement is not enhanced.

------------------------------------------------------------------------------------------------------------------------

[2023-10-14 17:10:46 #1 store] 
Database 'C:\Users\ander\git\Bets21\src\main\resources\bets.temp' has been recovered (tr. 355-360)

[2023-10-14 17:10:46 #2 store] 
Database 'C:\Users\ander\git\Bets21\src\main\resources\bets.temp' is opened by 11512@LAPTOP-KMC7QC4S

[2023-10-14 17:10:46 #3 type] 
Type domain.User is not enhanced.

[2023-10-14 17:10:46 #4 type] 
Type domain.Admin is not enhanced.

[2023-10-14 17:10:46 #5 type] 
Type domain.Message is not enhanced.

[2023-10-14 17:10:46 #6 type] 
Type domain.Question is not enhanced.

[2023-10-14 17:10:46 #7 type] 
Type domain.Quote is not enhanced.

[2023-10-14 17:10:46 #8 type] 
Type domain.Event is not enhanced.

[2023-10-14 17:10:46 #9 type] 
Type domain.Bet is not enhanced.

[2023-10-14 17:10:46 #10 type] 
Type domain.Registered is not enhanced.

[2023-10-14 17:10:46 #11 type] 
Type domain.Movement is not enhanced.

------------------------------------------------------------------------------------------------------------------------

[2023-10-14 17:12:52 #1 store] 
Database 'C:\Users\ander\git\Bets21\src\main\resources\bets.temp' has been recovered (tr. 361-368)

[2023-10-14 17:12:52 #2 store] 
Database 'C:\Users\ander\git\Bets21\src\main\resources\bets.temp' is opened by 14376@LAPTOP-KMC7QC4S

[2023-10-14 17:12:52 #3 type] 
Type domain.User is not enhanced.

[2023-10-14 17:12:52 #4 type] 
Type domain.Admin is not enhanced.

[2023-10-14 17:12:52 #5 type] 
Type domain.Message is not enhanced.

[2023-10-14 17:12:52 #6 type] 
Type domain.Question is not enhanced.

[2023-10-14 17:12:52 #7 type] 
Type domain.Quote is not enhanced.

[2023-10-14 17:12:52 #8 type] 
Type domain.Event is not enhanced.

[2023-10-14 17:12:52 #9 type] 
Type domain.Bet is not enhanced.

[2023-10-14 17:12:52 #10 type] 
Type domain.Registered is not enhanced.

[2023-10-14 17:12:52 #11 type] 
Type domain.Movement is not enhanced.

------------------------------------------------------------------------------------------------------------------------

[2023-10-14 17:13:22 #1 store] 
Database 'C:\Users\ander\git\Bets21\src\main\resources\bets.temp' has been recovered (tr. 369-376)

[2023-10-14 17:13:22 #2 store] 
Database 'C:\Users\ander\git\Bets21\src\main\resources\bets.temp' is opened by 20600@LAPTOP-KMC7QC4S

[2023-10-14 17:13:22 #3 type] 
Type domain.User is not enhanced.

[2023-10-14 17:13:22 #4 type] 
Type domain.Admin is not enhanced.

[2023-10-14 17:13:22 #5 type] 
Type domain.Message is not enhanced.

[2023-10-14 17:13:22 #6 type] 
Type domain.Question is not enhanced.

[2023-10-14 17:13:22 #7 type] 
Type domain.Quote is not enhanced.

[2023-10-14 17:13:22 #8 type] 
Type domain.Event is not enhanced.

[2023-10-14 17:13:22 #9 type] 
Type domain.Bet is not enhanced.

[2023-10-14 17:13:22 #10 type] 
Type domain.Registered is not enhanced.

[2023-10-14 17:13:22 #11 type] 
Type domain.Movement is not enhanced.

------------------------------------------------------------------------------------------------------------------------

[2023-10-14 17:13:35 #1 store] 
Database 'C:\Users\ander\git\Bets21\src\main\resources\bets.temp' has been recovered (tr. 377-384)

[2023-10-14 17:13:35 #2 store] 
Database 'C:\Users\ander\git\Bets21\src\main\resources\bets.temp' is opened by 22088@LAPTOP-KMC7QC4S

[2023-10-14 17:13:35 #3 type] 
Type domain.User is not enhanced.

[2023-10-14 17:13:35 #4 type] 
Type domain.Admin is not enhanced.

[2023-10-14 17:13:35 #5 type] 
Type domain.Message is not enhanced.

[2023-10-14 17:13:35 #6 type] 
Type domain.Question is not enhanced.

[2023-10-14 17:13:35 #7 type] 
Type domain.Quote is not enhanced.

[2023-10-14 17:13:35 #8 type] 
Type domain.Event is not enhanced.

[2023-10-14 17:13:35 #9 type] 
Type domain.Bet is not enhanced.

[2023-10-14 17:13:35 #10 type] 
Type domain.Registered is not enhanced.

[2023-10-14 17:13:35 #11 type] 
Type domain.Movement is not enhanced.

------------------------------------------------------------------------------------------------------------------------

[2023-10-14 17:16:20 #1 store] 
Database 'C:\Users\ander\git\Bets21\src\main\resources\bets.temp' has been recovered (tr. 385-392)

[2023-10-14 17:16:20 #2 store] 
Database 'C:\Users\ander\git\Bets21\src\main\resources\bets.temp' is opened by 440@LAPTOP-KMC7QC4S

[2023-10-14 17:16:20 #3 type] 
Type domain.User is not enhanced.

[2023-10-14 17:16:20 #4 type] 
Type domain.Admin is not enhanced.

[2023-10-14 17:16:20 #5 type] 
Type domain.Message is not enhanced.

[2023-10-14 17:16:20 #6 type] 
Type domain.Question is not enhanced.

[2023-10-14 17:16:20 #7 type] 
Type domain.Quote is not enhanced.

[2023-10-14 17:16:20 #8 type] 
Type domain.Event is not enhanced.

[2023-10-14 17:16:20 #9 type] 
Type domain.Bet is not enhanced.

[2023-10-14 17:16:20 #10 type] 
Type domain.Registered is not enhanced.

[2023-10-14 17:16:20 #11 type] 
Type domain.Movement is not enhanced.

------------------------------------------------------------------------------------------------------------------------

[2023-10-14 17:25:03 #1 store] 
Database 'C:\Users\ander\git\Bets21\src\main\resources\bets.temp' has been recovered (tr. 393-400)

[2023-10-14 17:25:03 #2 store] 
Database 'C:\Users\ander\git\Bets21\src\main\resources\bets.temp' is opened by 7192@LAPTOP-KMC7QC4S

[2023-10-14 17:25:03 #3 type] 
Type domain.User is not enhanced.

[2023-10-14 17:25:03 #4 type] 
Type domain.Admin is not enhanced.

[2023-10-14 17:25:03 #5 type] 
Type domain.Message is not enhanced.

[2023-10-14 17:25:03 #6 type] 
Type domain.Question is not enhanced.

[2023-10-14 17:25:03 #7 type] 
Type domain.Quote is not enhanced.

[2023-10-14 17:25:03 #8 type] 
Type domain.Event is not enhanced.

[2023-10-14 17:25:03 #9 type] 
Type domain.Bet is not enhanced.

[2023-10-14 17:25:03 #10 type] 
Type domain.Registered is not enhanced.

[2023-10-14 17:25:03 #11 type] 
Type domain.Movement is not enhanced.

------------------------------------------------------------------------------------------------------------------------

[2023-10-14 17:27:06 #1 store] 
Database 'C:\Users\ander\git\Bets21\src\main\resources\bets.temp' has been recovered (tr. 401-405)

[2023-10-14 17:27:06 #2 store] 
Database 'C:\Users\ander\git\Bets21\src\main\resources\bets.temp' is opened by 22012@LAPTOP-KMC7QC4S

[2023-10-14 17:27:06 #3 type] 
Type domain.User is not enhanced.

[2023-10-14 17:27:06 #4 type] 
Type domain.Admin is not enhanced.

[2023-10-14 17:27:06 #5 type] 
Type domain.Message is not enhanced.

[2023-10-14 17:27:06 #6 type] 
Type domain.Question is not enhanced.

[2023-10-14 17:27:06 #7 type] 
Type domain.Quote is not enhanced.

[2023-10-14 17:27:06 #8 type] 
Type domain.Event is not enhanced.

[2023-10-14 17:27:06 #9 type] 
Type domain.Bet is not enhanced.

[2023-10-14 17:27:06 #10 type] 
Type domain.Registered is not enhanced.

[2023-10-14 17:27:06 #11 type] 
Type domain.Movement is not enhanced.

------------------------------------------------------------------------------------------------------------------------

[2023-10-14 17:29:06 #1 store] 
Database 'C:\Users\ander\git\Bets21\src\main\resources\bets.temp' is opened by 10632@LAPTOP-KMC7QC4S

[2023-10-14 17:29:06 #2 type.registry] 
New type domain.User

[2023-10-14 17:29:06 #3 type.registry] 
New type domain.Admin

[2023-10-14 17:29:06 #4 type] 
Type domain.User is not enhanced.

[2023-10-14 17:29:06 #5 type.registry] 
New type domain.Message

[2023-10-14 17:29:06 #6 type.registry] 
New type java.util.Vector<domain.Message>

[2023-10-14 17:29:06 #7 type] 
Type domain.Admin is not enhanced.

[2023-10-14 17:29:06 #8 type] 
Type domain.Message is not enhanced.

[2023-10-14 17:29:06 #9 type.registry] 
New type domain.Question

[2023-10-14 17:29:06 #10 type] 
Type domain.Question is not enhanced.

[2023-10-14 17:29:06 #11 type.registry] 
New type domain.Quote

[2023-10-14 17:29:06 #12 type.registry] 
New type java.util.Vector<domain.Quote>

[2023-10-14 17:29:06 #13 type.registry] 
New type domain.Event

[2023-10-14 17:29:06 #14 type] 
Type domain.Quote is not enhanced.

[2023-10-14 17:29:06 #15 type.registry] 
New type domain.Bet

[2023-10-14 17:29:06 #16 type.registry] 
New type java.util.Vector<domain.Bet>

[2023-10-14 17:29:06 #17 type] 
Type domain.Event is not enhanced.

[2023-10-14 17:29:06 #18 type.registry] 
New type java.util.Vector<domain.Question>

[2023-10-14 17:29:06 #19 type] 
Type domain.Bet is not enhanced.

[2023-10-14 17:29:06 #20 type.registry] 
New type domain.Registered

[2023-10-14 17:29:06 #21 type] 
Type domain.Registered is not enhanced.

[2023-10-14 17:29:06 #22 type.registry] 
New type java.util.Vector<domain.Registered>

[2023-10-14 17:29:06 #23 type.registry] 
New type domain.Movement

[2023-10-14 17:29:06 #24 type.registry] 
New type java.util.Vector<domain.Movement>

[2023-10-14 17:29:06 #25 type] 
Type domain.Movement is not enhanced.

[2023-10-14 17:29:06 #26 type.registry] 
New type java.util.Vector<java.lang.Object>

------------------------------------------------------------------------------------------------------------------------

[2023-10-14 17:29:26 #1 store] 
Database 'C:\Users\ander\git\Bets21\src\main\resources\bets.temp' has been recovered (tr. 1-6)

[2023-10-14 17:29:26 #2 store] 
Database 'C:\Users\ander\git\Bets21\src\main\resources\bets.temp' is opened by 1464@LAPTOP-KMC7QC4S

[2023-10-14 17:29:27 #3 type] 
Type domain.User is not enhanced.

[2023-10-14 17:29:27 #4 type] 
Type domain.Admin is not enhanced.

[2023-10-14 17:29:27 #5 type] 
Type domain.Message is not enhanced.

[2023-10-14 17:29:27 #6 type] 
Type domain.Question is not enhanced.

[2023-10-14 17:29:27 #7 type] 
Type domain.Quote is not enhanced.

[2023-10-14 17:29:27 #8 type] 
Type domain.Event is not enhanced.

[2023-10-14 17:29:27 #9 type] 
Type domain.Bet is not enhanced.

[2023-10-14 17:29:27 #10 type] 
Type domain.Registered is not enhanced.

[2023-10-14 17:29:27 #11 type] 
Type domain.Movement is not enhanced.

------------------------------------------------------------------------------------------------------------------------

[2023-10-14 17:30:05 #1 store] 
Database 'C:\Users\ander\git\Bets21\src\main\resources\bets.temp' is opened by 14204@LAPTOP-KMC7QC4S

[2023-10-14 17:30:05 #2 type.registry] 
New type domain.User

[2023-10-14 17:30:05 #3 type.registry] 
New type domain.Admin

[2023-10-14 17:30:05 #4 type] 
Type domain.User is not enhanced.

[2023-10-14 17:30:05 #5 type.registry] 
New type domain.Message

[2023-10-14 17:30:05 #6 type.registry] 
New type java.util.Vector<domain.Message>

[2023-10-14 17:30:05 #7 type] 
Type domain.Admin is not enhanced.

[2023-10-14 17:30:05 #8 type] 
Type domain.Message is not enhanced.

[2023-10-14 17:30:05 #9 type.registry] 
New type domain.Question

[2023-10-14 17:30:05 #10 type] 
Type domain.Question is not enhanced.

[2023-10-14 17:30:05 #11 type.registry] 
New type domain.Quote

[2023-10-14 17:30:05 #12 type.registry] 
New type java.util.Vector<domain.Quote>

[2023-10-14 17:30:05 #13 type.registry] 
New type domain.Event

[2023-10-14 17:30:05 #14 type] 
Type domain.Quote is not enhanced.

[2023-10-14 17:30:05 #15 type.registry] 
New type domain.Bet

[2023-10-14 17:30:05 #16 type.registry] 
New type java.util.Vector<domain.Bet>

[2023-10-14 17:30:05 #17 type] 
Type domain.Event is not enhanced.

[2023-10-14 17:30:05 #18 type.registry] 
New type java.util.Vector<domain.Question>

[2023-10-14 17:30:05 #19 type] 
Type domain.Bet is not enhanced.

[2023-10-14 17:30:05 #20 type.registry] 
New type domain.Registered

[2023-10-14 17:30:05 #21 type] 
Type domain.Registered is not enhanced.

[2023-10-14 17:30:05 #22 type.registry] 
New type java.util.Vector<domain.Registered>

[2023-10-14 17:30:05 #23 type.registry] 
New type domain.Movement

[2023-10-14 17:30:05 #24 type.registry] 
New type java.util.Vector<domain.Movement>

[2023-10-14 17:30:05 #25 type] 
Type domain.Movement is not enhanced.

[2023-10-14 17:30:05 #26 type.registry] 
New type java.util.Vector<java.lang.Object>

------------------------------------------------------------------------------------------------------------------------

[2023-10-14 17:30:21 #1 store] 
Database 'C:\Users\ander\git\Bets21\src\main\resources\bets.temp' has been recovered (tr. 1-6)

[2023-10-14 17:30:21 #2 store] 
Database 'C:\Users\ander\git\Bets21\src\main\resources\bets.temp' is opened by 6728@LAPTOP-KMC7QC4S

[2023-10-14 17:30:21 #3 type] 
Type domain.User is not enhanced.

[2023-10-14 17:30:21 #4 type] 
Type domain.Admin is not enhanced.

[2023-10-14 17:30:21 #5 type] 
Type domain.Message is not enhanced.

[2023-10-14 17:30:21 #6 type] 
Type domain.Question is not enhanced.

[2023-10-14 17:30:21 #7 type] 
Type domain.Quote is not enhanced.

[2023-10-14 17:30:21 #8 type] 
Type domain.Event is not enhanced.

[2023-10-14 17:30:21 #9 type] 
Type domain.Bet is not enhanced.

[2023-10-14 17:30:21 #10 type] 
Type domain.Registered is not enhanced.

[2023-10-14 17:30:21 #11 type] 
Type domain.Movement is not enhanced.

------------------------------------------------------------------------------------------------------------------------

[2023-10-14 17:30:51 #1 store] 
Database 'C:\Users\ander\git\Bets21\src\main\resources\bets.temp' is opened by 13212@LAPTOP-KMC7QC4S

[2023-10-14 17:30:51 #2 type] 
Type domain.User is not enhanced.

[2023-10-14 17:30:51 #3 type] 
Type domain.Admin is not enhanced.

[2023-10-14 17:30:51 #4 type] 
Type domain.Message is not enhanced.

[2023-10-14 17:30:51 #5 type] 
Type domain.Question is not enhanced.

[2023-10-14 17:30:51 #6 type] 
Type domain.Quote is not enhanced.

[2023-10-14 17:30:51 #7 type] 
Type domain.Event is not enhanced.

[2023-10-14 17:30:51 #8 type] 
Type domain.Bet is not enhanced.

[2023-10-14 17:30:51 #9 type] 
Type domain.Registered is not enhanced.

[2023-10-14 17:30:51 #10 type] 
Type domain.Movement is not enhanced.

------------------------------------------------------------------------------------------------------------------------

[2023-10-14 17:37:40 #1 store] 
Database 'C:\Users\ander\git\Bets21\src\main\resources\bets.temp' is opened by 14344@LAPTOP-KMC7QC4S

[2023-10-14 17:37:40 #2 type] 
Type domain.User is not enhanced.

[2023-10-14 17:37:40 #3 type] 
Type domain.Admin is not enhanced.

[2023-10-14 17:37:40 #4 type] 
Type domain.Message is not enhanced.

[2023-10-14 17:37:40 #5 type] 
Type domain.Question is not enhanced.

[2023-10-14 17:37:40 #6 type] 
Type domain.Quote is not enhanced.

[2023-10-14 17:37:40 #7 type] 
Type domain.Event is not enhanced.

[2023-10-14 17:37:40 #8 type] 
Type domain.Bet is not enhanced.

[2023-10-14 17:37:40 #9 type] 
Type domain.Registered is not enhanced.

[2023-10-14 17:37:40 #10 type] 
Type domain.Movement is not enhanced.

------------------------------------------------------------------------------------------------------------------------

[2023-10-14 17:39:09 #1 store] 
Database 'C:\Users\ander\git\Bets21\src\main\resources\bets.temp' has been recovered (tr. 12-14)

[2023-10-14 17:39:09 #2 store] 
Database 'C:\Users\ander\git\Bets21\src\main\resources\bets.temp' is opened by 8848@LAPTOP-KMC7QC4S

[2023-10-14 17:39:10 #3 type] 
Type domain.User is not enhanced.

[2023-10-14 17:39:10 #4 type] 
Type domain.Admin is not enhanced.

[2023-10-14 17:39:10 #5 type] 
Type domain.Message is not enhanced.

[2023-10-14 17:39:10 #6 type] 
Type domain.Question is not enhanced.

[2023-10-14 17:39:10 #7 type] 
Type domain.Quote is not enhanced.

[2023-10-14 17:39:10 #8 type] 
Type domain.Event is not enhanced.

[2023-10-14 17:39:10 #9 type] 
Type domain.Bet is not enhanced.

[2023-10-14 17:39:10 #10 type] 
Type domain.Registered is not enhanced.

[2023-10-14 17:39:10 #11 type] 
Type domain.Movement is not enhanced.

------------------------------------------------------------------------------------------------------------------------

[2023-10-14 17:40:32 #1 store] 
Database 'C:\Users\ander\git\Bets21\src\main\resources\bets.temp' has been recovered (tr. 15-20)

[2023-10-14 17:40:32 #2 store] 
Database 'C:\Users\ander\git\Bets21\src\main\resources\bets.temp' is opened by 21932@LAPTOP-KMC7QC4S

[2023-10-14 17:40:32 #3 type] 
Type domain.User is not enhanced.

[2023-10-14 17:40:32 #4 type] 
Type domain.Admin is not enhanced.

[2023-10-14 17:40:32 #5 type] 
Type domain.Message is not enhanced.

[2023-10-14 17:40:32 #6 type] 
Type domain.Question is not enhanced.

[2023-10-14 17:40:32 #7 type] 
Type domain.Quote is not enhanced.

[2023-10-14 17:40:32 #8 type] 
Type domain.Event is not enhanced.

[2023-10-14 17:40:32 #9 type] 
Type domain.Bet is not enhanced.

[2023-10-14 17:40:32 #10 type] 
Type domain.Registered is not enhanced.

[2023-10-14 17:40:32 #11 type] 
Type domain.Movement is not enhanced.

------------------------------------------------------------------------------------------------------------------------

[2023-10-14 17:41:00 #1 store] 
Database 'C:\Users\ander\git\Bets21\src\main\resources\bets.temp' has been recovered (tr. 21-27)

[2023-10-14 17:41:00 #2 store] 
Database 'C:\Users\ander\git\Bets21\src\main\resources\bets.temp' is opened by 11084@LAPTOP-KMC7QC4S

[2023-10-14 17:41:00 #3 type] 
Type domain.User is not enhanced.

[2023-10-14 17:41:00 #4 type] 
Type domain.Admin is not enhanced.

[2023-10-14 17:41:00 #5 type] 
Type domain.Message is not enhanced.

[2023-10-14 17:41:00 #6 type] 
Type domain.Question is not enhanced.

[2023-10-14 17:41:00 #7 type] 
Type domain.Quote is not enhanced.

[2023-10-14 17:41:00 #8 type] 
Type domain.Event is not enhanced.

[2023-10-14 17:41:00 #9 type] 
Type domain.Bet is not enhanced.

[2023-10-14 17:41:00 #10 type] 
Type domain.Registered is not enhanced.

[2023-10-14 17:41:00 #11 type] 
Type domain.Movement is not enhanced.

------------------------------------------------------------------------------------------------------------------------

[2023-10-14 17:41:52 #1 store] 
Database 'C:\Users\ander\git\Bets21\src\main\resources\bets.temp' has been recovered (tr. 28-52)

[2023-10-14 17:41:52 #2 store] 
Database 'C:\Users\ander\git\Bets21\src\main\resources\bets.temp' is opened by 14020@LAPTOP-KMC7QC4S

[2023-10-14 17:41:52 #3 type] 
Type domain.User is not enhanced.

[2023-10-14 17:41:52 #4 type] 
Type domain.Admin is not enhanced.

[2023-10-14 17:41:52 #5 type] 
Type domain.Message is not enhanced.

[2023-10-14 17:41:52 #6 type] 
Type domain.Question is not enhanced.

[2023-10-14 17:41:52 #7 type] 
Type domain.Quote is not enhanced.

[2023-10-14 17:41:52 #8 type] 
Type domain.Event is not enhanced.

[2023-10-14 17:41:52 #9 type] 
Type domain.Bet is not enhanced.

[2023-10-14 17:41:52 #10 type] 
Type domain.Registered is not enhanced.

[2023-10-14 17:41:52 #11 type] 
Type domain.Movement is not enhanced.

