------------------------------------------------------------------------------------------------------------------------

[2023-10-18 21:18:28 #1 store] 
Database 'C:\Users\ander\git\Bets21\src\main\resources\bets.temp' has been recovered (tr. 860-999)

[2023-10-18 21:18:28 #2 store] 
Database 'C:\Users\ander\git\Bets21\src\main\resources\bets.temp' is opened by 15552@LAPTOP-KMC7QC4S

[2023-10-18 21:18:29 #3 type] 
Type domain.User is not enhanced.

[2023-10-18 21:18:29 #4 type] 
Type domain.Admin is not enhanced.

[2023-10-18 21:18:29 #5 type] 
Type domain.Message is not enhanced.

[2023-10-18 21:18:29 #6 type] 
Type domain.Question is not enhanced.

[2023-10-18 21:18:29 #7 type] 
Type domain.Quote is not enhanced.

[2023-10-18 21:18:29 #8 type] 
Type domain.Event is not enhanced.

[2023-10-18 21:18:29 #9 type] 
Type domain.Bet is not enhanced.

[2023-10-18 21:18:29 #10 type] 
Type domain.Registered is not enhanced.

[2023-10-18 21:18:29 #11 type] 
Type domain.Movement is not enhanced.

------------------------------------------------------------------------------------------------------------------------

[2023-10-18 21:20:06 #1 store] 
Database 'C:\Users\ander\git\Bets21\src\main\resources\bets.temp' has been recovered (tr. 1000-1156)

[2023-10-18 21:20:06 #2 store] 
Database 'C:\Users\ander\git\Bets21\src\main\resources\bets.temp' is opened by 13804@LAPTOP-KMC7QC4S

[2023-10-18 21:20:06 #3 type] 
Type domain.User is not enhanced.

[2023-10-18 21:20:06 #4 type] 
Type domain.Admin is not enhanced.

[2023-10-18 21:20:06 #5 type] 
Type domain.Message is not enhanced.

[2023-10-18 21:20:06 #6 type] 
Type domain.Question is not enhanced.

[2023-10-18 21:20:06 #7 type] 
Type domain.Quote is not enhanced.

[2023-10-18 21:20:06 #8 type] 
Type domain.Event is not enhanced.

[2023-10-18 21:20:06 #9 type] 
Type domain.Bet is not enhanced.

[2023-10-18 21:20:06 #10 type] 
Type domain.Registered is not enhanced.

[2023-10-18 21:20:06 #11 type] 
Type domain.Movement is not enhanced.

------------------------------------------------------------------------------------------------------------------------

[2023-10-18 21:20:42 #1 store] 
Database 'C:\Users\ander\git\Bets21\src\main\resources\bets.temp' has been recovered (tr. 1157-1174)

[2023-10-18 21:20:42 #2 store] 
Database 'C:\Users\ander\git\Bets21\src\main\resources\bets.temp' is opened by 17352@LAPTOP-KMC7QC4S

[2023-10-18 21:20:42 #3 type] 
Type domain.User is not enhanced.

[2023-10-18 21:20:42 #4 type] 
Type domain.Admin is not enhanced.

[2023-10-18 21:20:42 #5 type] 
Type domain.Message is not enhanced.

[2023-10-18 21:20:42 #6 type] 
Type domain.Question is not enhanced.

[2023-10-18 21:20:42 #7 type] 
Type domain.Quote is not enhanced.

[2023-10-18 21:20:42 #8 type] 
Type domain.Event is not enhanced.

[2023-10-18 21:20:42 #9 type] 
Type domain.Bet is not enhanced.

[2023-10-18 21:20:42 #10 type] 
Type domain.Registered is not enhanced.

[2023-10-18 21:20:42 #11 type] 
Type domain.Movement is not enhanced.

------------------------------------------------------------------------------------------------------------------------

[2023-10-18 21:21:23 #1 store] 
Database 'C:\Users\ander\git\Bets21\src\main\resources\bets.temp' has been recovered (tr. 1175-1188)

[2023-10-18 21:21:23 #2 store] 
Database 'C:\Users\ander\git\Bets21\src\main\resources\bets.temp' is opened by 10572@LAPTOP-KMC7QC4S

[2023-10-18 21:21:24 #3 type] 
Type domain.User is not enhanced.

[2023-10-18 21:21:24 #4 type] 
Type domain.Admin is not enhanced.

[2023-10-18 21:21:24 #5 type] 
Type domain.Message is not enhanced.

[2023-10-18 21:21:24 #6 type] 
Type domain.Question is not enhanced.

[2023-10-18 21:21:24 #7 type] 
Type domain.Quote is not enhanced.

[2023-10-18 21:21:24 #8 type] 
Type domain.Event is not enhanced.

[2023-10-18 21:21:24 #9 type] 
Type domain.Bet is not enhanced.

[2023-10-18 21:21:24 #10 type] 
Type domain.Registered is not enhanced.

[2023-10-18 21:21:24 #11 type] 
Type domain.Movement is not enhanced.

------------------------------------------------------------------------------------------------------------------------

[2023-10-18 21:22:08 #1 store] 
Database 'C:\Users\ander\git\Bets21\src\main\resources\bets.temp' has been recovered (tr. 1189-1199)

[2023-10-18 21:22:08 #2 store] 
Database 'C:\Users\ander\git\Bets21\src\main\resources\bets.temp' is opened by 3324@LAPTOP-KMC7QC4S

[2023-10-18 21:22:08 #3 type] 
Type domain.User is not enhanced.

[2023-10-18 21:22:08 #4 type] 
Type domain.Admin is not enhanced.

[2023-10-18 21:22:08 #5 type] 
Type domain.Message is not enhanced.

[2023-10-18 21:22:08 #6 type] 
Type domain.Question is not enhanced.

[2023-10-18 21:22:08 #7 type] 
Type domain.Quote is not enhanced.

[2023-10-18 21:22:08 #8 type] 
Type domain.Event is not enhanced.

[2023-10-18 21:22:08 #9 type] 
Type domain.Bet is not enhanced.

[2023-10-18 21:22:08 #10 type] 
Type domain.Registered is not enhanced.

[2023-10-18 21:22:08 #11 type] 
Type domain.Movement is not enhanced.

------------------------------------------------------------------------------------------------------------------------

[2023-10-18 21:22:43 #1 store] 
Database 'C:\Users\ander\git\Bets21\src\main\resources\bets.temp' has been recovered (tr. 1200-1206)

[2023-10-18 21:22:43 #2 store] 
Database 'C:\Users\ander\git\Bets21\src\main\resources\bets.temp' is opened by 5152@LAPTOP-KMC7QC4S

[2023-10-18 21:22:43 #3 type] 
Type domain.User is not enhanced.

[2023-10-18 21:22:43 #4 type] 
Type domain.Admin is not enhanced.

[2023-10-18 21:22:44 #5 type] 
Type domain.Message is not enhanced.

[2023-10-18 21:22:44 #6 type] 
Type domain.Question is not enhanced.

[2023-10-18 21:22:44 #7 type] 
Type domain.Quote is not enhanced.

[2023-10-18 21:22:44 #8 type] 
Type domain.Event is not enhanced.

[2023-10-18 21:22:44 #9 type] 
Type domain.Bet is not enhanced.

[2023-10-18 21:22:44 #10 type] 
Type domain.Registered is not enhanced.

[2023-10-18 21:22:44 #11 type] 
Type domain.Movement is not enhanced.

------------------------------------------------------------------------------------------------------------------------

[2023-10-18 21:23:17 #1 store] 
Database 'C:\Users\ander\git\Bets21\src\main\resources\bets.temp' has been recovered (tr. 1207-1209)

[2023-10-18 21:23:17 #2 store] 
Database 'C:\Users\ander\git\Bets21\src\main\resources\bets.temp' is opened by 13284@LAPTOP-KMC7QC4S

[2023-10-18 21:23:18 #3 type] 
Type domain.User is not enhanced.

[2023-10-18 21:23:18 #4 type] 
Type domain.Admin is not enhanced.

[2023-10-18 21:23:18 #5 type] 
Type domain.Message is not enhanced.

[2023-10-18 21:23:18 #6 type] 
Type domain.Question is not enhanced.

[2023-10-18 21:23:18 #7 type] 
Type domain.Quote is not enhanced.

[2023-10-18 21:23:18 #8 type] 
Type domain.Event is not enhanced.

[2023-10-18 21:23:18 #9 type] 
Type domain.Bet is not enhanced.

[2023-10-18 21:23:18 #10 type] 
Type domain.Registered is not enhanced.

[2023-10-18 21:23:18 #11 type] 
Type domain.Movement is not enhanced.

------------------------------------------------------------------------------------------------------------------------

[2023-10-18 21:23:26 #1 store] 
Database 'C:\Users\ander\git\Bets21\src\main\resources\bets.temp' has been recovered (tr. 1210-1215)

[2023-10-18 21:23:26 #2 store] 
Database 'C:\Users\ander\git\Bets21\src\main\resources\bets.temp' is opened by 12956@LAPTOP-KMC7QC4S

[2023-10-18 21:23:26 #3 type] 
Type domain.User is not enhanced.

[2023-10-18 21:23:26 #4 type] 
Type domain.Admin is not enhanced.

[2023-10-18 21:23:26 #5 type] 
Type domain.Message is not enhanced.

[2023-10-18 21:23:26 #6 type] 
Type domain.Question is not enhanced.

[2023-10-18 21:23:26 #7 type] 
Type domain.Quote is not enhanced.

[2023-10-18 21:23:26 #8 type] 
Type domain.Event is not enhanced.

[2023-10-18 21:23:26 #9 type] 
Type domain.Bet is not enhanced.

[2023-10-18 21:23:26 #10 type] 
Type domain.Registered is not enhanced.

[2023-10-18 21:23:26 #11 type] 
Type domain.Movement is not enhanced.

------------------------------------------------------------------------------------------------------------------------

[2023-10-18 21:23:58 #1 store] 
Database 'C:\Users\ander\git\Bets21\src\main\resources\bets.temp' has been recovered (tr. 1216-1221)

[2023-10-18 21:23:58 #2 store] 
Database 'C:\Users\ander\git\Bets21\src\main\resources\bets.temp' is opened by 10740@LAPTOP-KMC7QC4S

[2023-10-18 21:23:58 #3 type] 
Type domain.User is not enhanced.

[2023-10-18 21:23:58 #4 type] 
Type domain.Admin is not enhanced.

[2023-10-18 21:23:58 #5 type] 
Type domain.Message is not enhanced.

[2023-10-18 21:23:58 #6 type] 
Type domain.Question is not enhanced.

[2023-10-18 21:23:58 #7 type] 
Type domain.Quote is not enhanced.

[2023-10-18 21:23:58 #8 type] 
Type domain.Event is not enhanced.

[2023-10-18 21:23:58 #9 type] 
Type domain.Bet is not enhanced.

[2023-10-18 21:23:58 #10 type] 
Type domain.Registered is not enhanced.

[2023-10-18 21:23:58 #11 type] 
Type domain.Movement is not enhanced.

------------------------------------------------------------------------------------------------------------------------

[2023-10-18 21:25:04 #1 store] 
Database 'C:\Users\ander\git\Bets21\src\main\resources\bets.temp' has been recovered (tr. 1222-1231)

[2023-10-18 21:25:04 #2 store] 
Database 'C:\Users\ander\git\Bets21\src\main\resources\bets.temp' is opened by 1700@LAPTOP-KMC7QC4S

[2023-10-18 21:25:04 #3 type] 
Type domain.User is not enhanced.

[2023-10-18 21:25:04 #4 type] 
Type domain.Admin is not enhanced.

[2023-10-18 21:25:04 #5 type] 
Type domain.Message is not enhanced.

[2023-10-18 21:25:04 #6 type] 
Type domain.Question is not enhanced.

[2023-10-18 21:25:04 #7 type] 
Type domain.Quote is not enhanced.

[2023-10-18 21:25:04 #8 type] 
Type domain.Event is not enhanced.

[2023-10-18 21:25:04 #9 type] 
Type domain.Bet is not enhanced.

[2023-10-18 21:25:04 #10 type] 
Type domain.Registered is not enhanced.

[2023-10-18 21:25:04 #11 type] 
Type domain.Movement is not enhanced.

------------------------------------------------------------------------------------------------------------------------

[2023-10-18 21:26:19 #1 store] 
Database 'C:\Users\ander\git\Bets21\src\main\resources\bets.temp' has been recovered (tr. 1232-1237)

[2023-10-18 21:26:19 #2 store] 
Database 'C:\Users\ander\git\Bets21\src\main\resources\bets.temp' is opened by 10140@LAPTOP-KMC7QC4S

[2023-10-18 21:26:19 #3 type] 
Type domain.User is not enhanced.

[2023-10-18 21:26:19 #4 type] 
Type domain.Admin is not enhanced.

[2023-10-18 21:26:19 #5 type] 
Type domain.Message is not enhanced.

[2023-10-18 21:26:19 #6 type] 
Type domain.Question is not enhanced.

[2023-10-18 21:26:19 #7 type] 
Type domain.Quote is not enhanced.

[2023-10-18 21:26:19 #8 type] 
Type domain.Event is not enhanced.

[2023-10-18 21:26:19 #9 type] 
Type domain.Bet is not enhanced.

[2023-10-18 21:26:19 #10 type] 
Type domain.Registered is not enhanced.

[2023-10-18 21:26:19 #11 type] 
Type domain.Movement is not enhanced.

------------------------------------------------------------------------------------------------------------------------

[2023-10-18 21:27:26 #1 store] 
Database 'C:\Users\ander\git\Bets21\src\main\resources\bets.temp' has been recovered (tr. 1238-1247)

[2023-10-18 21:27:26 #2 store] 
Database 'C:\Users\ander\git\Bets21\src\main\resources\bets.temp' is opened by 12700@LAPTOP-KMC7QC4S

[2023-10-18 21:27:26 #3 type] 
Type domain.User is not enhanced.

[2023-10-18 21:27:26 #4 type] 
Type domain.Admin is not enhanced.

[2023-10-18 21:27:26 #5 type] 
Type domain.Message is not enhanced.

[2023-10-18 21:27:26 #6 type] 
Type domain.Question is not enhanced.

[2023-10-18 21:27:26 #7 type] 
Type domain.Quote is not enhanced.

[2023-10-18 21:27:26 #8 type] 
Type domain.Event is not enhanced.

[2023-10-18 21:27:26 #9 type] 
Type domain.Bet is not enhanced.

[2023-10-18 21:27:26 #10 type] 
Type domain.Registered is not enhanced.

[2023-10-18 21:27:26 #11 type] 
Type domain.Movement is not enhanced.

------------------------------------------------------------------------------------------------------------------------

[2023-10-18 21:27:52 #1 store] 
Database 'C:\Users\ander\git\Bets21\src\main\resources\bets.temp' has been recovered (tr. 1248-1253)

[2023-10-18 21:27:52 #2 store] 
Database 'C:\Users\ander\git\Bets21\src\main\resources\bets.temp' is opened by 14816@LAPTOP-KMC7QC4S

[2023-10-18 21:27:52 #3 type] 
Type domain.User is not enhanced.

[2023-10-18 21:27:52 #4 type] 
Type domain.Admin is not enhanced.

[2023-10-18 21:27:52 #5 type] 
Type domain.Message is not enhanced.

[2023-10-18 21:27:52 #6 type] 
Type domain.Question is not enhanced.

[2023-10-18 21:27:52 #7 type] 
Type domain.Quote is not enhanced.

[2023-10-18 21:27:52 #8 type] 
Type domain.Event is not enhanced.

[2023-10-18 21:27:52 #9 type] 
Type domain.Bet is not enhanced.

[2023-10-18 21:27:52 #10 type] 
Type domain.Registered is not enhanced.

[2023-10-18 21:27:52 #11 type] 
Type domain.Movement is not enhanced.

------------------------------------------------------------------------------------------------------------------------

[2023-10-18 21:28:22 #1 store] 
Database 'C:\Users\ander\git\Bets21\src\main\resources\bets.temp' has been recovered (tr. 1254-1263)

[2023-10-18 21:28:22 #2 store] 
Database 'C:\Users\ander\git\Bets21\src\main\resources\bets.temp' is opened by 5852@LAPTOP-KMC7QC4S

[2023-10-18 21:28:22 #3 type] 
Type domain.User is not enhanced.

[2023-10-18 21:28:22 #4 type] 
Type domain.Admin is not enhanced.

[2023-10-18 21:28:22 #5 type] 
Type domain.Message is not enhanced.

[2023-10-18 21:28:22 #6 type] 
Type domain.Question is not enhanced.

[2023-10-18 21:28:22 #7 type] 
Type domain.Quote is not enhanced.

[2023-10-18 21:28:22 #8 type] 
Type domain.Event is not enhanced.

[2023-10-18 21:28:22 #9 type] 
Type domain.Bet is not enhanced.

[2023-10-18 21:28:22 #10 type] 
Type domain.Registered is not enhanced.

[2023-10-18 21:28:22 #11 type] 
Type domain.Movement is not enhanced.

------------------------------------------------------------------------------------------------------------------------

[2023-10-18 21:29:18 #1 store] 
Database 'C:\Users\ander\git\Bets21\src\main\resources\bets.temp' has been recovered (tr. 1264-1270)

[2023-10-18 21:29:18 #2 store] 
Database 'C:\Users\ander\git\Bets21\src\main\resources\bets.temp' is opened by 16700@LAPTOP-KMC7QC4S

[2023-10-18 21:29:18 #3 type] 
Type domain.User is not enhanced.

[2023-10-18 21:29:18 #4 type] 
Type domain.Admin is not enhanced.

[2023-10-18 21:29:18 #5 type] 
Type domain.Message is not enhanced.

[2023-10-18 21:29:18 #6 type] 
Type domain.Question is not enhanced.

[2023-10-18 21:29:18 #7 type] 
Type domain.Quote is not enhanced.

[2023-10-18 21:29:18 #8 type] 
Type domain.Event is not enhanced.

[2023-10-18 21:29:18 #9 type] 
Type domain.Bet is not enhanced.

[2023-10-18 21:29:18 #10 type] 
Type domain.Registered is not enhanced.

[2023-10-18 21:29:18 #11 type] 
Type domain.Movement is not enhanced.

------------------------------------------------------------------------------------------------------------------------

[2023-10-18 21:29:54 #1 store] 
Database 'C:\Users\ander\git\Bets21\src\main\resources\bets.temp' has been recovered (tr. 1271-1274)

[2023-10-18 21:29:55 #2 store] 
Database 'C:\Users\ander\git\Bets21\src\main\resources\bets.temp' is opened by 10068@LAPTOP-KMC7QC4S

[2023-10-18 21:29:55 #3 type] 
Type domain.User is not enhanced.

[2023-10-18 21:29:55 #4 type] 
Type domain.Admin is not enhanced.

[2023-10-18 21:29:55 #5 type] 
Type domain.Message is not enhanced.

[2023-10-18 21:29:55 #6 type] 
Type domain.Question is not enhanced.

[2023-10-18 21:29:55 #7 type] 
Type domain.Quote is not enhanced.

[2023-10-18 21:29:55 #8 type] 
Type domain.Event is not enhanced.

[2023-10-18 21:29:55 #9 type] 
Type domain.Bet is not enhanced.

[2023-10-18 21:29:55 #10 type] 
Type domain.Registered is not enhanced.

[2023-10-18 21:29:55 #11 type] 
Type domain.Movement is not enhanced.

------------------------------------------------------------------------------------------------------------------------

[2023-10-18 21:30:37 #1 store] 
Database 'C:\Users\ander\git\Bets21\src\main\resources\bets.temp' has been recovered (tr. 1275-1278)

[2023-10-18 21:30:37 #2 store] 
Database 'C:\Users\ander\git\Bets21\src\main\resources\bets.temp' is opened by 3152@LAPTOP-KMC7QC4S

[2023-10-18 21:30:37 #3 type] 
Type domain.User is not enhanced.

[2023-10-18 21:30:37 #4 type] 
Type domain.Admin is not enhanced.

[2023-10-18 21:30:37 #5 type] 
Type domain.Message is not enhanced.

[2023-10-18 21:30:37 #6 type] 
Type domain.Question is not enhanced.

[2023-10-18 21:30:37 #7 type] 
Type domain.Quote is not enhanced.

[2023-10-18 21:30:37 #8 type] 
Type domain.Event is not enhanced.

[2023-10-18 21:30:37 #9 type] 
Type domain.Bet is not enhanced.

[2023-10-18 21:30:37 #10 type] 
Type domain.Registered is not enhanced.

[2023-10-18 21:30:37 #11 type] 
Type domain.Movement is not enhanced.

------------------------------------------------------------------------------------------------------------------------

[2023-10-18 21:31:13 #1 store] 
Database 'C:\Users\ander\git\Bets21\src\main\resources\bets.temp' has been recovered (tr. 1279-1281)

[2023-10-18 21:31:13 #2 store] 
Database 'C:\Users\ander\git\Bets21\src\main\resources\bets.temp' is opened by 15992@LAPTOP-KMC7QC4S

[2023-10-18 21:31:13 #3 type] 
Type domain.User is not enhanced.

[2023-10-18 21:31:13 #4 type] 
Type domain.Admin is not enhanced.

[2023-10-18 21:31:13 #5 type] 
Type domain.Message is not enhanced.

[2023-10-18 21:31:13 #6 type] 
Type domain.Question is not enhanced.

[2023-10-18 21:31:13 #7 type] 
Type domain.Quote is not enhanced.

[2023-10-18 21:31:13 #8 type] 
Type domain.Event is not enhanced.

[2023-10-18 21:31:13 #9 type] 
Type domain.Bet is not enhanced.

[2023-10-18 21:31:13 #10 type] 
Type domain.Registered is not enhanced.

[2023-10-18 21:31:13 #11 type] 
Type domain.Movement is not enhanced.

------------------------------------------------------------------------------------------------------------------------

[2023-10-18 21:31:45 #1 store] 
Database 'C:\Users\ander\git\Bets21\src\main\resources\bets.temp' has been recovered (tr. 1282-1288)

[2023-10-18 21:31:45 #2 store] 
Database 'C:\Users\ander\git\Bets21\src\main\resources\bets.temp' is opened by 8060@LAPTOP-KMC7QC4S

[2023-10-18 21:31:45 #3 type] 
Type domain.User is not enhanced.

[2023-10-18 21:31:45 #4 type] 
Type domain.Admin is not enhanced.

[2023-10-18 21:31:45 #5 type] 
Type domain.Message is not enhanced.

[2023-10-18 21:31:45 #6 type] 
Type domain.Question is not enhanced.

[2023-10-18 21:31:45 #7 type] 
Type domain.Quote is not enhanced.

[2023-10-18 21:31:45 #8 type] 
Type domain.Event is not enhanced.

[2023-10-18 21:31:45 #9 type] 
Type domain.Bet is not enhanced.

[2023-10-18 21:31:45 #10 type] 
Type domain.Registered is not enhanced.

[2023-10-18 21:31:45 #11 type] 
Type domain.Movement is not enhanced.

------------------------------------------------------------------------------------------------------------------------

[2023-10-18 21:32:10 #1 store] 
Database 'C:\Users\ander\git\Bets21\src\main\resources\bets.temp' has been recovered (tr. 1289-1291)

[2023-10-18 21:32:10 #2 store] 
Database 'C:\Users\ander\git\Bets21\src\main\resources\bets.temp' is opened by 2068@LAPTOP-KMC7QC4S

[2023-10-18 21:32:10 #3 type] 
Type domain.User is not enhanced.

[2023-10-18 21:32:10 #4 type] 
Type domain.Admin is not enhanced.

[2023-10-18 21:32:10 #5 type] 
Type domain.Message is not enhanced.

[2023-10-18 21:32:10 #6 type] 
Type domain.Question is not enhanced.

[2023-10-18 21:32:10 #7 type] 
Type domain.Quote is not enhanced.

[2023-10-18 21:32:10 #8 type] 
Type domain.Event is not enhanced.

[2023-10-18 21:32:10 #9 type] 
Type domain.Bet is not enhanced.

[2023-10-18 21:32:10 #10 type] 
Type domain.Registered is not enhanced.

[2023-10-18 21:32:10 #11 type] 
Type domain.Movement is not enhanced.

------------------------------------------------------------------------------------------------------------------------

[2023-10-18 21:32:33 #1 store] 
Database 'C:\Users\ander\git\Bets21\src\main\resources\bets.temp' has been recovered (tr. 1292-1294)

[2023-10-18 21:32:33 #2 store] 
Database 'C:\Users\ander\git\Bets21\src\main\resources\bets.temp' is opened by 9304@LAPTOP-KMC7QC4S

[2023-10-18 21:32:34 #3 type] 
Type domain.User is not enhanced.

[2023-10-18 21:32:34 #4 type] 
Type domain.Admin is not enhanced.

[2023-10-18 21:32:34 #5 type] 
Type domain.Message is not enhanced.

[2023-10-18 21:32:34 #6 type] 
Type domain.Question is not enhanced.

[2023-10-18 21:32:34 #7 type] 
Type domain.Quote is not enhanced.

[2023-10-18 21:32:34 #8 type] 
Type domain.Event is not enhanced.

[2023-10-18 21:32:34 #9 type] 
Type domain.Bet is not enhanced.

[2023-10-18 21:32:34 #10 type] 
Type domain.Registered is not enhanced.

[2023-10-18 21:32:34 #11 type] 
Type domain.Movement is not enhanced.

------------------------------------------------------------------------------------------------------------------------

[2023-10-18 21:32:59 #1 store] 
Database 'C:\Users\ander\git\Bets21\src\main\resources\bets.temp' has been recovered (tr. 1295-1301)

[2023-10-18 21:33:00 #2 store] 
Database 'C:\Users\ander\git\Bets21\src\main\resources\bets.temp' is opened by 16876@LAPTOP-KMC7QC4S

[2023-10-18 21:33:00 #3 type] 
Type domain.User is not enhanced.

[2023-10-18 21:33:00 #4 type] 
Type domain.Admin is not enhanced.

[2023-10-18 21:33:00 #5 type] 
Type domain.Message is not enhanced.

[2023-10-18 21:33:00 #6 type] 
Type domain.Question is not enhanced.

[2023-10-18 21:33:00 #7 type] 
Type domain.Quote is not enhanced.

[2023-10-18 21:33:00 #8 type] 
Type domain.Event is not enhanced.

[2023-10-18 21:33:00 #9 type] 
Type domain.Bet is not enhanced.

[2023-10-18 21:33:00 #10 type] 
Type domain.Registered is not enhanced.

[2023-10-18 21:33:00 #11 type] 
Type domain.Movement is not enhanced.

------------------------------------------------------------------------------------------------------------------------

[2023-10-18 21:33:33 #1 store] 
Database 'C:\Users\ander\git\Bets21\src\main\resources\bets.temp' has been recovered (tr. 1302-1307)

[2023-10-18 21:33:33 #2 store] 
Database 'C:\Users\ander\git\Bets21\src\main\resources\bets.temp' is opened by 5852@LAPTOP-KMC7QC4S

[2023-10-18 21:33:33 #3 type] 
Type domain.User is not enhanced.

[2023-10-18 21:33:33 #4 type] 
Type domain.Admin is not enhanced.

[2023-10-18 21:33:33 #5 type] 
Type domain.Message is not enhanced.

[2023-10-18 21:33:33 #6 type] 
Type domain.Question is not enhanced.

[2023-10-18 21:33:33 #7 type] 
Type domain.Quote is not enhanced.

[2023-10-18 21:33:33 #8 type] 
Type domain.Event is not enhanced.

[2023-10-18 21:33:33 #9 type] 
Type domain.Bet is not enhanced.

[2023-10-18 21:33:33 #10 type] 
Type domain.Registered is not enhanced.

[2023-10-18 21:33:33 #11 type] 
Type domain.Movement is not enhanced.

------------------------------------------------------------------------------------------------------------------------

[2023-10-18 21:33:52 #1 store] 
Database 'C:\Users\ander\git\Bets21\src\main\resources\bets.temp' has been recovered (tr. 1308-1317)

[2023-10-18 21:33:53 #2 store] 
Database 'C:\Users\ander\git\Bets21\src\main\resources\bets.temp' is opened by 8644@LAPTOP-KMC7QC4S

[2023-10-18 21:33:53 #3 type] 
Type domain.User is not enhanced.

[2023-10-18 21:33:53 #4 type] 
Type domain.Admin is not enhanced.

[2023-10-18 21:33:53 #5 type] 
Type domain.Message is not enhanced.

[2023-10-18 21:33:53 #6 type] 
Type domain.Question is not enhanced.

[2023-10-18 21:33:53 #7 type] 
Type domain.Quote is not enhanced.

[2023-10-18 21:33:53 #8 type] 
Type domain.Event is not enhanced.

[2023-10-18 21:33:53 #9 type] 
Type domain.Bet is not enhanced.

[2023-10-18 21:33:53 #10 type] 
Type domain.Registered is not enhanced.

[2023-10-18 21:33:53 #11 type] 
Type domain.Movement is not enhanced.

------------------------------------------------------------------------------------------------------------------------

[2023-10-18 21:34:34 #1 store] 
Database 'C:\Users\ander\git\Bets21\src\main\resources\bets.temp' has been recovered (tr. 1318-1324)

[2023-10-18 21:34:34 #2 store] 
Database 'C:\Users\ander\git\Bets21\src\main\resources\bets.temp' is opened by 10940@LAPTOP-KMC7QC4S

[2023-10-18 21:34:34 #3 type] 
Type domain.User is not enhanced.

[2023-10-18 21:34:34 #4 type] 
Type domain.Admin is not enhanced.

[2023-10-18 21:34:34 #5 type] 
Type domain.Message is not enhanced.

[2023-10-18 21:34:34 #6 type] 
Type domain.Question is not enhanced.

[2023-10-18 21:34:34 #7 type] 
Type domain.Quote is not enhanced.

[2023-10-18 21:34:34 #8 type] 
Type domain.Event is not enhanced.

[2023-10-18 21:34:34 #9 type] 
Type domain.Bet is not enhanced.

[2023-10-18 21:34:34 #10 type] 
Type domain.Registered is not enhanced.

[2023-10-18 21:34:34 #11 type] 
Type domain.Movement is not enhanced.

------------------------------------------------------------------------------------------------------------------------

[2023-10-18 21:34:57 #1 store] 
Database 'C:\Users\ander\git\Bets21\src\main\resources\bets.temp' has been recovered (tr. 1325-1331)

[2023-10-18 21:34:57 #2 store] 
Database 'C:\Users\ander\git\Bets21\src\main\resources\bets.temp' is opened by 9464@LAPTOP-KMC7QC4S

[2023-10-18 21:34:58 #3 type] 
Type domain.User is not enhanced.

[2023-10-18 21:34:58 #4 type] 
Type domain.Admin is not enhanced.

[2023-10-18 21:34:58 #5 type] 
Type domain.Message is not enhanced.

[2023-10-18 21:34:58 #6 type] 
Type domain.Question is not enhanced.

[2023-10-18 21:34:58 #7 type] 
Type domain.Quote is not enhanced.

[2023-10-18 21:34:58 #8 type] 
Type domain.Event is not enhanced.

[2023-10-18 21:34:58 #9 type] 
Type domain.Bet is not enhanced.

[2023-10-18 21:34:58 #10 type] 
Type domain.Registered is not enhanced.

[2023-10-18 21:34:58 #11 type] 
Type domain.Movement is not enhanced.

------------------------------------------------------------------------------------------------------------------------

[2023-10-18 21:35:39 #1 store] 
Database 'C:\Users\ander\git\Bets21\src\main\resources\bets.temp' has been recovered (tr. 1332-1334)

[2023-10-18 21:35:39 #2 store] 
Database 'C:\Users\ander\git\Bets21\src\main\resources\bets.temp' is opened by 8684@LAPTOP-KMC7QC4S

[2023-10-18 21:35:39 #3 type] 
Type domain.User is not enhanced.

[2023-10-18 21:35:39 #4 type] 
Type domain.Admin is not enhanced.

[2023-10-18 21:35:39 #5 type] 
Type domain.Message is not enhanced.

[2023-10-18 21:35:39 #6 type] 
Type domain.Question is not enhanced.

[2023-10-18 21:35:39 #7 type] 
Type domain.Quote is not enhanced.

[2023-10-18 21:35:39 #8 type] 
Type domain.Event is not enhanced.

[2023-10-18 21:35:39 #9 type] 
Type domain.Bet is not enhanced.

[2023-10-18 21:35:39 #10 type] 
Type domain.Registered is not enhanced.

[2023-10-18 21:35:39 #11 type] 
Type domain.Movement is not enhanced.

------------------------------------------------------------------------------------------------------------------------

[2023-10-18 21:37:13 #1 store] 
Database 'C:\Users\ander\git\Bets21\src\main\resources\bets.temp' has been recovered (tr. 1335-1341)

[2023-10-18 21:37:13 #2 store] 
Database 'C:\Users\ander\git\Bets21\src\main\resources\bets.temp' is opened by 1148@LAPTOP-KMC7QC4S

[2023-10-18 21:37:14 #3 type] 
Type domain.User is not enhanced.

[2023-10-18 21:37:14 #4 type] 
Type domain.Admin is not enhanced.

[2023-10-18 21:37:14 #5 type] 
Type domain.Message is not enhanced.

[2023-10-18 21:37:14 #6 type] 
Type domain.Question is not enhanced.

[2023-10-18 21:37:14 #7 type] 
Type domain.Quote is not enhanced.

[2023-10-18 21:37:14 #8 type] 
Type domain.Event is not enhanced.

[2023-10-18 21:37:14 #9 type] 
Type domain.Bet is not enhanced.

[2023-10-18 21:37:14 #10 type] 
Type domain.Registered is not enhanced.

[2023-10-18 21:37:14 #11 type] 
Type domain.Movement is not enhanced.

------------------------------------------------------------------------------------------------------------------------

[2023-10-18 21:37:42 #1 store] 
Database 'C:\Users\ander\git\Bets21\src\main\resources\bets.temp' has been recovered (tr. 1342-1344)

[2023-10-18 21:37:42 #2 store] 
Database 'C:\Users\ander\git\Bets21\src\main\resources\bets.temp' is opened by 11288@LAPTOP-KMC7QC4S

[2023-10-18 21:37:42 #3 type] 
Type domain.User is not enhanced.

[2023-10-18 21:37:42 #4 type] 
Type domain.Admin is not enhanced.

[2023-10-18 21:37:42 #5 type] 
Type domain.Message is not enhanced.

[2023-10-18 21:37:42 #6 type] 
Type domain.Question is not enhanced.

[2023-10-18 21:37:42 #7 type] 
Type domain.Quote is not enhanced.

[2023-10-18 21:37:42 #8 type] 
Type domain.Event is not enhanced.

[2023-10-18 21:37:42 #9 type] 
Type domain.Bet is not enhanced.

[2023-10-18 21:37:42 #10 type] 
Type domain.Registered is not enhanced.

[2023-10-18 21:37:42 #11 type] 
Type domain.Movement is not enhanced.

