------------------------------------------------------------------------------------------------------------------------

[2023-10-15 16:12:57 #1 store] 
Database 'C:\Users\ander\git\Bets21\src\main\resources\bets.temp' has been recovered (tr. 120-155)

[2023-10-15 16:12:57 #2 store] 
Database 'C:\Users\ander\git\Bets21\src\main\resources\bets.temp' is opened by 10544@LAPTOP-KMC7QC4S

[2023-10-15 16:12:57 #3 type] 
Type domain.User is not enhanced.

[2023-10-15 16:12:57 #4 type] 
Type domain.Admin is not enhanced.

[2023-10-15 16:12:57 #5 type] 
Type domain.Message is not enhanced.

[2023-10-15 16:12:57 #6 type] 
Type domain.Question is not enhanced.

[2023-10-15 16:12:57 #7 type] 
Type domain.Quote is not enhanced.

[2023-10-15 16:12:57 #8 type] 
Type domain.Event is not enhanced.

[2023-10-15 16:12:57 #9 type] 
Type domain.Bet is not enhanced.

[2023-10-15 16:12:57 #10 type] 
Type domain.Registered is not enhanced.

[2023-10-15 16:12:57 #11 type] 
Type domain.Movement is not enhanced.

------------------------------------------------------------------------------------------------------------------------

[2023-10-15 16:13:18 #1 store] 
Database 'C:\Users\ander\git\Bets21\src\main\resources\bets.temp' has been recovered (tr. 156-161)

[2023-10-15 16:13:18 #2 store] 
Database 'C:\Users\ander\git\Bets21\src\main\resources\bets.temp' is opened by 25320@LAPTOP-KMC7QC4S

[2023-10-15 16:13:19 #3 type] 
Type domain.User is not enhanced.

[2023-10-15 16:13:19 #4 type] 
Type domain.Admin is not enhanced.

[2023-10-15 16:13:19 #5 type] 
Type domain.Message is not enhanced.

[2023-10-15 16:13:19 #6 type] 
Type domain.Question is not enhanced.

[2023-10-15 16:13:19 #7 type] 
Type domain.Quote is not enhanced.

[2023-10-15 16:13:19 #8 type] 
Type domain.Event is not enhanced.

[2023-10-15 16:13:19 #9 type] 
Type domain.Bet is not enhanced.

[2023-10-15 16:13:19 #10 type] 
Type domain.Registered is not enhanced.

[2023-10-15 16:13:19 #11 type] 
Type domain.Movement is not enhanced.

------------------------------------------------------------------------------------------------------------------------

[2023-10-15 16:18:36 #1 store] 
Database 'C:\Users\ander\git\Bets21\src\main\resources\bets.temp' has been recovered (tr. 162-167)

[2023-10-15 16:18:36 #2 store] 
Database 'C:\Users\ander\git\Bets21\src\main\resources\bets.temp' is opened by 3908@LAPTOP-KMC7QC4S

[2023-10-15 16:18:36 #3 type] 
Type domain.User is not enhanced.

[2023-10-15 16:18:36 #4 type] 
Type domain.Admin is not enhanced.

[2023-10-15 16:18:36 #5 type] 
Type domain.Message is not enhanced.

[2023-10-15 16:18:36 #6 type] 
Type domain.Question is not enhanced.

[2023-10-15 16:18:36 #7 type] 
Type domain.Quote is not enhanced.

[2023-10-15 16:18:36 #8 type] 
Type domain.Event is not enhanced.

[2023-10-15 16:18:36 #9 type] 
Type domain.Bet is not enhanced.

[2023-10-15 16:18:36 #10 type] 
Type domain.Registered is not enhanced.

[2023-10-15 16:18:36 #11 type] 
Type domain.Movement is not enhanced.

------------------------------------------------------------------------------------------------------------------------

[2023-10-15 16:19:47 #1 store] 
Database 'C:\Users\ander\git\Bets21\src\main\resources\bets.temp' has been recovered (tr. 168-171)

[2023-10-15 16:19:47 #2 store] 
Database 'C:\Users\ander\git\Bets21\src\main\resources\bets.temp' is opened by 2216@LAPTOP-KMC7QC4S

[2023-10-15 16:19:47 #3 type] 
Type domain.User is not enhanced.

[2023-10-15 16:19:47 #4 type] 
Type domain.Admin is not enhanced.

[2023-10-15 16:19:47 #5 type] 
Type domain.Message is not enhanced.

[2023-10-15 16:19:47 #6 type] 
Type domain.Question is not enhanced.

[2023-10-15 16:19:47 #7 type] 
Type domain.Quote is not enhanced.

[2023-10-15 16:19:47 #8 type] 
Type domain.Event is not enhanced.

[2023-10-15 16:19:47 #9 type] 
Type domain.Bet is not enhanced.

[2023-10-15 16:19:47 #10 type] 
Type domain.Registered is not enhanced.

[2023-10-15 16:19:47 #11 type] 
Type domain.Movement is not enhanced.

------------------------------------------------------------------------------------------------------------------------

[2023-10-15 16:20:07 #1 store] 
Database 'C:\Users\ander\git\Bets21\src\main\resources\bets.temp' has been recovered (tr. 172-175)

[2023-10-15 16:20:07 #2 store] 
Database 'C:\Users\ander\git\Bets21\src\main\resources\bets.temp' is opened by 17752@LAPTOP-KMC7QC4S

[2023-10-15 16:20:07 #3 type] 
Type domain.User is not enhanced.

[2023-10-15 16:20:07 #4 type] 
Type domain.Admin is not enhanced.

[2023-10-15 16:20:07 #5 type] 
Type domain.Message is not enhanced.

[2023-10-15 16:20:07 #6 type] 
Type domain.Question is not enhanced.

[2023-10-15 16:20:07 #7 type] 
Type domain.Quote is not enhanced.

[2023-10-15 16:20:07 #8 type] 
Type domain.Event is not enhanced.

[2023-10-15 16:20:07 #9 type] 
Type domain.Bet is not enhanced.

[2023-10-15 16:20:07 #10 type] 
Type domain.Registered is not enhanced.

[2023-10-15 16:20:07 #11 type] 
Type domain.Movement is not enhanced.

------------------------------------------------------------------------------------------------------------------------

[2023-10-15 16:24:44 #1 store] 
Database 'C:\Users\ander\git\Bets21\src\main\resources\bets.temp' is opened by 20276@LAPTOP-KMC7QC4S

[2023-10-15 16:24:44 #2 type] 
Type domain.User is not enhanced.

[2023-10-15 16:24:44 #3 type] 
Type domain.Admin is not enhanced.

[2023-10-15 16:24:44 #4 type] 
Type domain.Message is not enhanced.

[2023-10-15 16:24:44 #5 type] 
Type domain.Question is not enhanced.

[2023-10-15 16:24:44 #6 type] 
Type domain.Quote is not enhanced.

[2023-10-15 16:24:44 #7 type] 
Type domain.Event is not enhanced.

[2023-10-15 16:24:44 #8 type] 
Type domain.Bet is not enhanced.

[2023-10-15 16:24:44 #9 type] 
Type domain.Registered is not enhanced.

[2023-10-15 16:24:44 #10 type] 
Type domain.Movement is not enhanced.

------------------------------------------------------------------------------------------------------------------------

[2023-10-15 16:25:52 #1 store] 
Database 'C:\Users\ander\git\Bets21\src\main\resources\bets.temp' has been recovered (tr. 176-183)

[2023-10-15 16:25:52 #2 store] 
Database 'C:\Users\ander\git\Bets21\src\main\resources\bets.temp' is opened by 19216@LAPTOP-KMC7QC4S

[2023-10-15 16:25:52 #3 type] 
Type domain.User is not enhanced.

[2023-10-15 16:25:52 #4 type] 
Type domain.Admin is not enhanced.

[2023-10-15 16:25:52 #5 type] 
Type domain.Message is not enhanced.

[2023-10-15 16:25:52 #6 type] 
Type domain.Question is not enhanced.

[2023-10-15 16:25:52 #7 type] 
Type domain.Quote is not enhanced.

[2023-10-15 16:25:52 #8 type] 
Type domain.Event is not enhanced.

[2023-10-15 16:25:52 #9 type] 
Type domain.Bet is not enhanced.

[2023-10-15 16:25:52 #10 type] 
Type domain.Registered is not enhanced.

[2023-10-15 16:25:52 #11 type] 
Type domain.Movement is not enhanced.

------------------------------------------------------------------------------------------------------------------------

[2023-10-15 16:27:09 #1 store] 
Database 'C:\Users\ander\git\Bets21\src\main\resources\bets.temp' has been recovered (tr. 184-191)

[2023-10-15 16:27:09 #2 store] 
Database 'C:\Users\ander\git\Bets21\src\main\resources\bets.temp' is opened by 4324@LAPTOP-KMC7QC4S

[2023-10-15 16:27:09 #3 type] 
Type domain.User is not enhanced.

[2023-10-15 16:27:09 #4 type] 
Type domain.Admin is not enhanced.

[2023-10-15 16:27:09 #5 type] 
Type domain.Message is not enhanced.

[2023-10-15 16:27:09 #6 type] 
Type domain.Question is not enhanced.

[2023-10-15 16:27:09 #7 type] 
Type domain.Quote is not enhanced.

[2023-10-15 16:27:09 #8 type] 
Type domain.Event is not enhanced.

[2023-10-15 16:27:09 #9 type] 
Type domain.Bet is not enhanced.

[2023-10-15 16:27:09 #10 type] 
Type domain.Registered is not enhanced.

[2023-10-15 16:27:09 #11 type] 
Type domain.Movement is not enhanced.

------------------------------------------------------------------------------------------------------------------------

[2023-10-15 16:31:12 #1 store] 
Database 'C:\Users\ander\git\Bets21\src\main\resources\bets.temp' has been recovered (tr. 192-199)

[2023-10-15 16:31:12 #2 store] 
Database 'C:\Users\ander\git\Bets21\src\main\resources\bets.temp' is opened by 15364@LAPTOP-KMC7QC4S

[2023-10-15 16:31:12 #3 type] 
Type domain.User is not enhanced.

[2023-10-15 16:31:12 #4 type] 
Type domain.Admin is not enhanced.

[2023-10-15 16:31:12 #5 type] 
Type domain.Message is not enhanced.

[2023-10-15 16:31:12 #6 type] 
Type domain.Question is not enhanced.

[2023-10-15 16:31:12 #7 type] 
Type domain.Quote is not enhanced.

[2023-10-15 16:31:12 #8 type] 
Type domain.Event is not enhanced.

[2023-10-15 16:31:12 #9 type] 
Type domain.Bet is not enhanced.

[2023-10-15 16:31:12 #10 type] 
Type domain.Registered is not enhanced.

[2023-10-15 16:31:12 #11 type] 
Type domain.Movement is not enhanced.

------------------------------------------------------------------------------------------------------------------------

[2023-10-15 16:35:34 #1 store] 
Database 'C:\Users\ander\git\Bets21\src\main\resources\bets.temp' has been recovered (tr. 200-210)

[2023-10-15 16:35:34 #2 store] 
Database 'C:\Users\ander\git\Bets21\src\main\resources\bets.temp' is opened by 12784@LAPTOP-KMC7QC4S

[2023-10-15 16:35:34 #3 type] 
Type domain.User is not enhanced.

[2023-10-15 16:35:34 #4 type] 
Type domain.Admin is not enhanced.

[2023-10-15 16:35:34 #5 type] 
Type domain.Message is not enhanced.

[2023-10-15 16:35:34 #6 type] 
Type domain.Question is not enhanced.

[2023-10-15 16:35:34 #7 type] 
Type domain.Quote is not enhanced.

[2023-10-15 16:35:34 #8 type] 
Type domain.Event is not enhanced.

[2023-10-15 16:35:34 #9 type] 
Type domain.Bet is not enhanced.

[2023-10-15 16:35:34 #10 type] 
Type domain.Registered is not enhanced.

[2023-10-15 16:35:34 #11 type] 
Type domain.Movement is not enhanced.

------------------------------------------------------------------------------------------------------------------------

[2023-10-15 16:35:47 #1 store] 
Database 'C:\Users\ander\git\Bets21\src\main\resources\bets.temp' has been recovered (tr. 211-224)

[2023-10-15 16:35:47 #2 store] 
Database 'C:\Users\ander\git\Bets21\src\main\resources\bets.temp' is opened by 19052@LAPTOP-KMC7QC4S

[2023-10-15 16:35:47 #3 type] 
Type domain.User is not enhanced.

[2023-10-15 16:35:47 #4 type] 
Type domain.Admin is not enhanced.

[2023-10-15 16:35:47 #5 type] 
Type domain.Message is not enhanced.

[2023-10-15 16:35:47 #6 type] 
Type domain.Question is not enhanced.

[2023-10-15 16:35:47 #7 type] 
Type domain.Quote is not enhanced.

[2023-10-15 16:35:47 #8 type] 
Type domain.Event is not enhanced.

[2023-10-15 16:35:47 #9 type] 
Type domain.Bet is not enhanced.

[2023-10-15 16:35:47 #10 type] 
Type domain.Registered is not enhanced.

[2023-10-15 16:35:47 #11 type] 
Type domain.Movement is not enhanced.

------------------------------------------------------------------------------------------------------------------------

[2023-10-15 16:38:40 #1 store] 
Database 'C:\Users\ander\git\Bets21\src\main\resources\bets.temp' has been recovered (tr. 225-238)

[2023-10-15 16:38:40 #2 store] 
Database 'C:\Users\ander\git\Bets21\src\main\resources\bets.temp' is opened by 13240@LAPTOP-KMC7QC4S

[2023-10-15 16:38:40 #3 type] 
Type domain.User is not enhanced.

[2023-10-15 16:38:40 #4 type] 
Type domain.Admin is not enhanced.

[2023-10-15 16:38:40 #5 type] 
Type domain.Message is not enhanced.

[2023-10-15 16:38:40 #6 type] 
Type domain.Question is not enhanced.

[2023-10-15 16:38:40 #7 type] 
Type domain.Quote is not enhanced.

[2023-10-15 16:38:40 #8 type] 
Type domain.Event is not enhanced.

[2023-10-15 16:38:40 #9 type] 
Type domain.Bet is not enhanced.

[2023-10-15 16:38:40 #10 type] 
Type domain.Registered is not enhanced.

[2023-10-15 16:38:40 #11 type] 
Type domain.Movement is not enhanced.

------------------------------------------------------------------------------------------------------------------------

[2023-10-15 16:39:17 #1 store] 
Database 'C:\Users\ander\git\Bets21\src\main\resources\bets.temp' has been recovered (tr. 239-253)

[2023-10-15 16:39:17 #2 store] 
Database 'C:\Users\ander\git\Bets21\src\main\resources\bets.temp' is opened by 24672@LAPTOP-KMC7QC4S

[2023-10-15 16:39:17 #3 type] 
Type domain.User is not enhanced.

[2023-10-15 16:39:17 #4 type] 
Type domain.Admin is not enhanced.

[2023-10-15 16:39:17 #5 type] 
Type domain.Message is not enhanced.

[2023-10-15 16:39:17 #6 type] 
Type domain.Question is not enhanced.

[2023-10-15 16:39:17 #7 type] 
Type domain.Quote is not enhanced.

[2023-10-15 16:39:17 #8 type] 
Type domain.Event is not enhanced.

[2023-10-15 16:39:17 #9 type] 
Type domain.Bet is not enhanced.

[2023-10-15 16:39:17 #10 type] 
Type domain.Registered is not enhanced.

[2023-10-15 16:39:17 #11 type] 
Type domain.Movement is not enhanced.

------------------------------------------------------------------------------------------------------------------------

[2023-10-15 16:39:56 #1 store] 
Database 'C:\Users\ander\git\Bets21\src\main\resources\bets.temp' has been recovered (tr. 254-255)

[2023-10-15 16:39:56 #2 store] 
Database 'C:\Users\ander\git\Bets21\src\main\resources\bets.temp' is opened by 16832@LAPTOP-KMC7QC4S

[2023-10-15 16:39:56 #3 type] 
Type domain.User is not enhanced.

[2023-10-15 16:39:56 #4 type] 
Type domain.Admin is not enhanced.

[2023-10-15 16:39:56 #5 type] 
Type domain.Message is not enhanced.

[2023-10-15 16:39:56 #6 type] 
Type domain.Question is not enhanced.

[2023-10-15 16:39:56 #7 type] 
Type domain.Quote is not enhanced.

[2023-10-15 16:39:56 #8 type] 
Type domain.Event is not enhanced.

[2023-10-15 16:39:56 #9 type] 
Type domain.Bet is not enhanced.

[2023-10-15 16:39:56 #10 type] 
Type domain.Registered is not enhanced.

[2023-10-15 16:39:56 #11 type] 
Type domain.Movement is not enhanced.

------------------------------------------------------------------------------------------------------------------------

[2023-10-15 16:40:12 #1 store] 
Database 'C:\Users\ander\git\Bets21\src\main\resources\bets.temp' has been recovered (tr. 257-269)

[2023-10-15 16:40:13 #2 store] 
Database 'C:\Users\ander\git\Bets21\src\main\resources\bets.temp' is opened by 10844@LAPTOP-KMC7QC4S

[2023-10-15 16:40:13 #3 type] 
Type domain.User is not enhanced.

[2023-10-15 16:40:13 #4 type] 
Type domain.Admin is not enhanced.

[2023-10-15 16:40:13 #5 type] 
Type domain.Message is not enhanced.

[2023-10-15 16:40:13 #6 type] 
Type domain.Question is not enhanced.

[2023-10-15 16:40:13 #7 type] 
Type domain.Quote is not enhanced.

[2023-10-15 16:40:13 #8 type] 
Type domain.Event is not enhanced.

[2023-10-15 16:40:13 #9 type] 
Type domain.Bet is not enhanced.

[2023-10-15 16:40:13 #10 type] 
Type domain.Registered is not enhanced.

[2023-10-15 16:40:13 #11 type] 
Type domain.Movement is not enhanced.

------------------------------------------------------------------------------------------------------------------------

[2023-10-15 16:40:19 #1 store] 
Database 'C:\Users\ander\git\Bets21\src\main\resources\bets.temp' has been recovered (tr. 270-288)

[2023-10-15 16:40:19 #2 store] 
Database 'C:\Users\ander\git\Bets21\src\main\resources\bets.temp' is opened by 24376@LAPTOP-KMC7QC4S

[2023-10-15 16:40:19 #3 type] 
Type domain.User is not enhanced.

[2023-10-15 16:40:19 #4 type] 
Type domain.Admin is not enhanced.

[2023-10-15 16:40:19 #5 type] 
Type domain.Message is not enhanced.

[2023-10-15 16:40:19 #6 type] 
Type domain.Question is not enhanced.

[2023-10-15 16:40:19 #7 type] 
Type domain.Quote is not enhanced.

[2023-10-15 16:40:19 #8 type] 
Type domain.Event is not enhanced.

[2023-10-15 16:40:19 #9 type] 
Type domain.Bet is not enhanced.

[2023-10-15 16:40:19 #10 type] 
Type domain.Registered is not enhanced.

[2023-10-15 16:40:19 #11 type] 
Type domain.Movement is not enhanced.

------------------------------------------------------------------------------------------------------------------------

[2023-10-15 16:40:40 #1 store] 
Database 'C:\Users\ander\git\Bets21\src\main\resources\bets.temp' has been recovered (tr. 289-307)

[2023-10-15 16:40:40 #2 store] 
Database 'C:\Users\ander\git\Bets21\src\main\resources\bets.temp' is opened by 4308@LAPTOP-KMC7QC4S

[2023-10-15 16:40:41 #3 type] 
Type domain.User is not enhanced.

[2023-10-15 16:40:41 #4 type] 
Type domain.Admin is not enhanced.

[2023-10-15 16:40:41 #5 type] 
Type domain.Message is not enhanced.

[2023-10-15 16:40:41 #6 type] 
Type domain.Question is not enhanced.

[2023-10-15 16:40:41 #7 type] 
Type domain.Quote is not enhanced.

[2023-10-15 16:40:41 #8 type] 
Type domain.Event is not enhanced.

[2023-10-15 16:40:41 #9 type] 
Type domain.Bet is not enhanced.

[2023-10-15 16:40:41 #10 type] 
Type domain.Registered is not enhanced.

[2023-10-15 16:40:41 #11 type] 
Type domain.Movement is not enhanced.

------------------------------------------------------------------------------------------------------------------------

[2023-10-15 16:42:13 #1 store] 
Database 'C:\Users\ander\git\Bets21\src\main\resources\bets.temp' has been recovered (tr. 308-326)

[2023-10-15 16:42:13 #2 store] 
Database 'C:\Users\ander\git\Bets21\src\main\resources\bets.temp' is opened by 9716@LAPTOP-KMC7QC4S

[2023-10-15 16:42:13 #3 type] 
Type domain.User is not enhanced.

[2023-10-15 16:42:13 #4 type] 
Type domain.Admin is not enhanced.

[2023-10-15 16:42:13 #5 type] 
Type domain.Message is not enhanced.

[2023-10-15 16:42:13 #6 type] 
Type domain.Question is not enhanced.

[2023-10-15 16:42:13 #7 type] 
Type domain.Quote is not enhanced.

[2023-10-15 16:42:13 #8 type] 
Type domain.Event is not enhanced.

[2023-10-15 16:42:13 #9 type] 
Type domain.Bet is not enhanced.

[2023-10-15 16:42:13 #10 type] 
Type domain.Registered is not enhanced.

[2023-10-15 16:42:13 #11 type] 
Type domain.Movement is not enhanced.

------------------------------------------------------------------------------------------------------------------------

[2023-10-15 16:43:03 #1 store] 
Database 'C:\Users\ander\git\Bets21\src\main\resources\bets.temp' has been recovered (tr. 327-329)

[2023-10-15 16:43:03 #2 store] 
Database 'C:\Users\ander\git\Bets21\src\main\resources\bets.temp' is opened by 3164@LAPTOP-KMC7QC4S

[2023-10-15 16:43:03 #3 type] 
Type domain.User is not enhanced.

[2023-10-15 16:43:03 #4 type] 
Type domain.Admin is not enhanced.

[2023-10-15 16:43:03 #5 type] 
Type domain.Message is not enhanced.

[2023-10-15 16:43:03 #6 type] 
Type domain.Question is not enhanced.

[2023-10-15 16:43:03 #7 type] 
Type domain.Quote is not enhanced.

[2023-10-15 16:43:03 #8 type] 
Type domain.Event is not enhanced.

[2023-10-15 16:43:03 #9 type] 
Type domain.Bet is not enhanced.

[2023-10-15 16:43:03 #10 type] 
Type domain.Registered is not enhanced.

[2023-10-15 16:43:03 #11 type] 
Type domain.Movement is not enhanced.

------------------------------------------------------------------------------------------------------------------------

[2023-10-15 16:43:24 #1 store] 
Database 'C:\Users\ander\git\Bets21\src\main\resources\bets.temp' has been recovered (tr. 330-351)

[2023-10-15 16:43:24 #2 store] 
Database 'C:\Users\ander\git\Bets21\src\main\resources\bets.temp' is opened by 21452@LAPTOP-KMC7QC4S

[2023-10-15 16:43:24 #3 type] 
Type domain.User is not enhanced.

[2023-10-15 16:43:24 #4 type] 
Type domain.Admin is not enhanced.

[2023-10-15 16:43:24 #5 type] 
Type domain.Message is not enhanced.

[2023-10-15 16:43:24 #6 type] 
Type domain.Question is not enhanced.

[2023-10-15 16:43:24 #7 type] 
Type domain.Quote is not enhanced.

[2023-10-15 16:43:24 #8 type] 
Type domain.Event is not enhanced.

[2023-10-15 16:43:24 #9 type] 
Type domain.Bet is not enhanced.

[2023-10-15 16:43:24 #10 type] 
Type domain.Registered is not enhanced.

[2023-10-15 16:43:24 #11 type] 
Type domain.Movement is not enhanced.

------------------------------------------------------------------------------------------------------------------------

[2023-10-15 16:49:19 #1 store] 
Database 'C:\Users\ander\git\Bets21\src\main\resources\bets.temp' has been recovered (tr. 352-469)

[2023-10-15 16:49:19 #2 store] 
Database 'C:\Users\ander\git\Bets21\src\main\resources\bets.temp' is opened by 25488@LAPTOP-KMC7QC4S

[2023-10-15 16:49:19 #3 type] 
Type domain.User is not enhanced.

[2023-10-15 16:49:19 #4 type] 
Type domain.Admin is not enhanced.

[2023-10-15 16:49:19 #5 type] 
Type domain.Message is not enhanced.

[2023-10-15 16:49:19 #6 type] 
Type domain.Question is not enhanced.

[2023-10-15 16:49:19 #7 type] 
Type domain.Quote is not enhanced.

[2023-10-15 16:49:19 #8 type] 
Type domain.Event is not enhanced.

[2023-10-15 16:49:19 #9 type] 
Type domain.Bet is not enhanced.

[2023-10-15 16:49:19 #10 type] 
Type domain.Registered is not enhanced.

[2023-10-15 16:49:19 #11 type] 
Type domain.Movement is not enhanced.

