------------------------------------------------------------------------------------------------------------------------

[2023-10-21 17:41:44 #1 store] 
Database 'C:\Users\ander\git\Bets21\src\main\resources\bets.temp' has been recovered (tr. 1351-1504)

[2023-10-21 17:41:44 #2 store] 
Database 'C:\Users\ander\git\Bets21\src\main\resources\bets.temp' is opened by 2884@LAPTOP-KMC7QC4S

[2023-10-21 17:41:44 #3 type] 
Type domain.User is not enhanced.

[2023-10-21 17:41:44 #4 type] 
Type domain.Admin is not enhanced.

[2023-10-21 17:41:44 #5 type] 
Type domain.Message is not enhanced.

[2023-10-21 17:41:44 #6 type] 
Type domain.Question is not enhanced.

[2023-10-21 17:41:44 #7 type] 
Type domain.Quote is not enhanced.

[2023-10-21 17:41:44 #8 type] 
Type domain.Event is not enhanced.

[2023-10-21 17:41:44 #9 type] 
Type domain.Bet is not enhanced.

[2023-10-21 17:41:44 #10 type] 
Type domain.Registered is not enhanced.

[2023-10-21 17:41:44 #11 type] 
Type domain.Movement is not enhanced.

------------------------------------------------------------------------------------------------------------------------

[2023-10-21 17:41:56 #1 store] 
Database 'C:\Users\ander\git\Bets21\src\main\resources\bets.temp' has been recovered (tr. 1505-1526)

[2023-10-21 17:41:56 #2 store] 
Database 'C:\Users\ander\git\Bets21\src\main\resources\bets.temp' is opened by 7356@LAPTOP-KMC7QC4S

[2023-10-21 17:41:56 #3 type] 
Type domain.User is not enhanced.

[2023-10-21 17:41:56 #4 type] 
Type domain.Admin is not enhanced.

[2023-10-21 17:41:56 #5 type] 
Type domain.Message is not enhanced.

[2023-10-21 17:41:56 #6 type] 
Type domain.Question is not enhanced.

[2023-10-21 17:41:56 #7 type] 
Type domain.Quote is not enhanced.

[2023-10-21 17:41:56 #8 type] 
Type domain.Event is not enhanced.

[2023-10-21 17:41:56 #9 type] 
Type domain.Bet is not enhanced.

[2023-10-21 17:41:56 #10 type] 
Type domain.Registered is not enhanced.

[2023-10-21 17:41:56 #11 type] 
Type domain.Movement is not enhanced.

------------------------------------------------------------------------------------------------------------------------

[2023-10-21 17:47:21 #1 store] 
Database 'C:\Users\ander\git\Bets21\src\main\resources\bets.temp' has been recovered (tr. 1527-1568)

[2023-10-21 17:47:21 #2 store] 
Database 'C:\Users\ander\git\Bets21\src\main\resources\bets.temp' is opened by 5808@LAPTOP-KMC7QC4S

[2023-10-21 17:47:21 #3 type] 
Type domain.User is not enhanced.

[2023-10-21 17:47:21 #4 type] 
Type domain.Admin is not enhanced.

[2023-10-21 17:47:21 #5 type] 
Type domain.Message is not enhanced.

[2023-10-21 17:47:21 #6 type] 
Type domain.Question is not enhanced.

[2023-10-21 17:47:21 #7 type] 
Type domain.Quote is not enhanced.

[2023-10-21 17:47:21 #8 type] 
Type domain.Event is not enhanced.

[2023-10-21 17:47:21 #9 type] 
Type domain.Bet is not enhanced.

[2023-10-21 17:47:21 #10 type] 
Type domain.Registered is not enhanced.

[2023-10-21 17:47:21 #11 type] 
Type domain.Movement is not enhanced.

------------------------------------------------------------------------------------------------------------------------

[2023-10-21 17:47:28 #1 store] 
Database 'C:\Users\ander\git\Bets21\src\main\resources\bets.temp' has been recovered (tr. 1569-1590)

[2023-10-21 17:47:29 #2 store] 
Database 'C:\Users\ander\git\Bets21\src\main\resources\bets.temp' is opened by 6860@LAPTOP-KMC7QC4S

[2023-10-21 17:47:29 #3 type] 
Type domain.User is not enhanced.

[2023-10-21 17:47:29 #4 type] 
Type domain.Admin is not enhanced.

[2023-10-21 17:47:29 #5 type] 
Type domain.Message is not enhanced.

[2023-10-21 17:47:29 #6 type] 
Type domain.Question is not enhanced.

[2023-10-21 17:47:29 #7 type] 
Type domain.Quote is not enhanced.

[2023-10-21 17:47:29 #8 type] 
Type domain.Event is not enhanced.

[2023-10-21 17:47:29 #9 type] 
Type domain.Bet is not enhanced.

[2023-10-21 17:47:29 #10 type] 
Type domain.Registered is not enhanced.

[2023-10-21 17:47:29 #11 type] 
Type domain.Movement is not enhanced.

------------------------------------------------------------------------------------------------------------------------

[2023-10-21 17:49:30 #1 store] 
Database 'C:\Users\ander\git\Bets21\src\main\resources\bets.temp' has been recovered (tr. 1591-1632)

[2023-10-21 17:49:30 #2 store] 
Database 'C:\Users\ander\git\Bets21\src\main\resources\bets.temp' is opened by 7972@LAPTOP-KMC7QC4S

[2023-10-21 17:49:30 #3 type] 
Type domain.User is not enhanced.

[2023-10-21 17:49:30 #4 type] 
Type domain.Admin is not enhanced.

[2023-10-21 17:49:30 #5 type] 
Type domain.Message is not enhanced.

[2023-10-21 17:49:30 #6 type] 
Type domain.Question is not enhanced.

[2023-10-21 17:49:30 #7 type] 
Type domain.Quote is not enhanced.

[2023-10-21 17:49:30 #8 type] 
Type domain.Event is not enhanced.

[2023-10-21 17:49:30 #9 type] 
Type domain.Bet is not enhanced.

[2023-10-21 17:49:30 #10 type] 
Type domain.Registered is not enhanced.

[2023-10-21 17:49:30 #11 type] 
Type domain.Movement is not enhanced.

------------------------------------------------------------------------------------------------------------------------

[2023-10-21 17:49:36 #1 store] 
Database 'C:\Users\ander\git\Bets21\src\main\resources\bets.temp' has been recovered (tr. 1633-1654)

[2023-10-21 17:49:36 #2 store] 
Database 'C:\Users\ander\git\Bets21\src\main\resources\bets.temp' is opened by 3176@LAPTOP-KMC7QC4S

[2023-10-21 17:49:36 #3 type] 
Type domain.User is not enhanced.

[2023-10-21 17:49:36 #4 type] 
Type domain.Admin is not enhanced.

[2023-10-21 17:49:36 #5 type] 
Type domain.Message is not enhanced.

[2023-10-21 17:49:36 #6 type] 
Type domain.Question is not enhanced.

[2023-10-21 17:49:36 #7 type] 
Type domain.Quote is not enhanced.

[2023-10-21 17:49:36 #8 type] 
Type domain.Event is not enhanced.

[2023-10-21 17:49:36 #9 type] 
Type domain.Bet is not enhanced.

[2023-10-21 17:49:36 #10 type] 
Type domain.Registered is not enhanced.

[2023-10-21 17:49:36 #11 type] 
Type domain.Movement is not enhanced.

