------------------------------------------------------------------------------------------------------------------------

[2023-12-19 13:04:34 #1 store] 
Database 'C:\Users\sori2\Desktop\Clase\tercero\SI2\Bets21\src\main\resources\bets.temp' is opened by 1108@LAPTOP-36P8KGSL

[2023-12-19 13:04:34 #2 type] 
Type domain.User is not enhanced.

[2023-12-19 13:04:34 #3 type] 
Type domain.Admin is not enhanced.

[2023-12-19 13:04:34 #4 type] 
Type domain.Message is not enhanced.

[2023-12-19 13:04:34 #5 type] 
Type domain.Question is not enhanced.

[2023-12-19 13:04:34 #6 type] 
Type domain.Quote is not enhanced.

[2023-12-19 13:04:34 #7 type] 
Type domain.Event is not enhanced.

[2023-12-19 13:04:34 #8 type] 
Type domain.Bet is not enhanced.

[2023-12-19 13:04:34 #9 type] 
Type domain.Registered is not enhanced.

[2023-12-19 13:04:34 #10 type] 
Type domain.Movement is not enhanced.

------------------------------------------------------------------------------------------------------------------------

[2023-12-19 13:06:13 #1 store] 
Database 'C:\Users\sori2\Desktop\Clase\tercero\SI2\Bets21\src\main\resources\bets.temp' has been recovered (tr. 213-237)

[2023-12-19 13:06:13 #2 store] 
Database 'C:\Users\sori2\Desktop\Clase\tercero\SI2\Bets21\src\main\resources\bets.temp' is opened by 9728@LAPTOP-36P8KGSL

[2023-12-19 13:06:13 #3 type] 
Type domain.User is not enhanced.

[2023-12-19 13:06:13 #4 type] 
Type domain.Admin is not enhanced.

[2023-12-19 13:06:13 #5 type] 
Type domain.Message is not enhanced.

[2023-12-19 13:06:13 #6 type] 
Type domain.Question is not enhanced.

[2023-12-19 13:06:13 #7 type] 
Type domain.Quote is not enhanced.

[2023-12-19 13:06:13 #8 type] 
Type domain.Event is not enhanced.

[2023-12-19 13:06:13 #9 type] 
Type domain.Bet is not enhanced.

[2023-12-19 13:06:13 #10 type] 
Type domain.Registered is not enhanced.

[2023-12-19 13:06:13 #11 type] 
Type domain.Movement is not enhanced.

------------------------------------------------------------------------------------------------------------------------

[2023-12-19 13:07:50 #1 store] 
Database 'C:\Users\sori2\Desktop\Clase\tercero\SI2\Bets21\src\main\resources\bets.temp' has been recovered (tr. 238-258)

[2023-12-19 13:07:50 #2 store] 
Database 'C:\Users\sori2\Desktop\Clase\tercero\SI2\Bets21\src\main\resources\bets.temp' is opened by 14124@LAPTOP-36P8KGSL

[2023-12-19 13:07:51 #3 type] 
Type domain.User is not enhanced.

[2023-12-19 13:07:51 #4 type] 
Type domain.Admin is not enhanced.

[2023-12-19 13:07:51 #5 type] 
Type domain.Message is not enhanced.

[2023-12-19 13:07:51 #6 type] 
Type domain.Question is not enhanced.

[2023-12-19 13:07:51 #7 type] 
Type domain.Quote is not enhanced.

[2023-12-19 13:07:51 #8 type] 
Type domain.Event is not enhanced.

[2023-12-19 13:07:51 #9 type] 
Type domain.Bet is not enhanced.

[2023-12-19 13:07:51 #10 type] 
Type domain.Registered is not enhanced.

[2023-12-19 13:07:51 #11 type] 
Type domain.Movement is not enhanced.

------------------------------------------------------------------------------------------------------------------------

[2023-12-19 13:13:53 #1 store] 
Database 'C:\Users\sori2\Desktop\Clase\tercero\SI2\Bets21\src\main\resources\bets.temp' has been recovered (tr. 259-283)

[2023-12-19 13:13:53 #2 store] 
Database 'C:\Users\sori2\Desktop\Clase\tercero\SI2\Bets21\src\main\resources\bets.temp' is opened by 15004@LAPTOP-36P8KGSL

[2023-12-19 13:13:53 #3 type] 
Type domain.User is not enhanced.

[2023-12-19 13:13:53 #4 type] 
Type domain.Admin is not enhanced.

[2023-12-19 13:13:53 #5 type] 
Type domain.Message is not enhanced.

[2023-12-19 13:13:53 #6 type] 
Type domain.Question is not enhanced.

[2023-12-19 13:13:53 #7 type] 
Type domain.Quote is not enhanced.

[2023-12-19 13:13:53 #8 type] 
Type domain.Event is not enhanced.

[2023-12-19 13:13:53 #9 type] 
Type domain.Bet is not enhanced.

[2023-12-19 13:13:53 #10 type] 
Type domain.Registered is not enhanced.

[2023-12-19 13:13:53 #11 type] 
Type domain.Movement is not enhanced.

------------------------------------------------------------------------------------------------------------------------

[2023-12-19 13:14:35 #1 store] 
Database 'C:\Users\sori2\Desktop\Clase\tercero\SI2\Bets21\src\main\resources\bets.temp' has been recovered (tr. 284-304)

[2023-12-19 13:14:35 #2 store] 
Database 'C:\Users\sori2\Desktop\Clase\tercero\SI2\Bets21\src\main\resources\bets.temp' is opened by 4216@LAPTOP-36P8KGSL

[2023-12-19 13:14:35 #3 type] 
Type domain.User is not enhanced.

[2023-12-19 13:14:35 #4 type] 
Type domain.Admin is not enhanced.

[2023-12-19 13:14:35 #5 type] 
Type domain.Message is not enhanced.

[2023-12-19 13:14:35 #6 type] 
Type domain.Question is not enhanced.

[2023-12-19 13:14:35 #7 type] 
Type domain.Quote is not enhanced.

[2023-12-19 13:14:35 #8 type] 
Type domain.Event is not enhanced.

[2023-12-19 13:14:35 #9 type] 
Type domain.Bet is not enhanced.

[2023-12-19 13:14:35 #10 type] 
Type domain.Registered is not enhanced.

[2023-12-19 13:14:35 #11 type] 
Type domain.Movement is not enhanced.

------------------------------------------------------------------------------------------------------------------------

[2023-12-19 13:15:28 #1 store] 
Database 'C:\Users\sori2\Desktop\Clase\tercero\SI2\Bets21\src\main\resources\bets.temp' has been recovered (tr. 305-320)

[2023-12-19 13:15:28 #2 store] 
Database 'C:\Users\sori2\Desktop\Clase\tercero\SI2\Bets21\src\main\resources\bets.temp' is opened by 8328@LAPTOP-36P8KGSL

[2023-12-19 13:15:28 #3 type] 
Type domain.User is not enhanced.

[2023-12-19 13:15:28 #4 type] 
Type domain.Admin is not enhanced.

[2023-12-19 13:15:28 #5 type] 
Type domain.Message is not enhanced.

[2023-12-19 13:15:28 #6 type] 
Type domain.Question is not enhanced.

[2023-12-19 13:15:28 #7 type] 
Type domain.Quote is not enhanced.

[2023-12-19 13:15:28 #8 type] 
Type domain.Event is not enhanced.

[2023-12-19 13:15:28 #9 type] 
Type domain.Bet is not enhanced.

[2023-12-19 13:15:28 #10 type] 
Type domain.Registered is not enhanced.

[2023-12-19 13:15:28 #11 type] 
Type domain.Movement is not enhanced.

------------------------------------------------------------------------------------------------------------------------

[2023-12-19 13:15:57 #1 store] 
Database 'C:\Users\sori2\Desktop\Clase\tercero\SI2\Bets21\src\main\resources\bets.temp' has been recovered (tr. 321-332)

[2023-12-19 13:15:57 #2 store] 
Database 'C:\Users\sori2\Desktop\Clase\tercero\SI2\Bets21\src\main\resources\bets.temp' is opened by 12852@LAPTOP-36P8KGSL

[2023-12-19 13:15:58 #3 type] 
Type domain.User is not enhanced.

[2023-12-19 13:15:58 #4 type] 
Type domain.Admin is not enhanced.

[2023-12-19 13:15:58 #5 type] 
Type domain.Message is not enhanced.

[2023-12-19 13:15:58 #6 type] 
Type domain.Question is not enhanced.

[2023-12-19 13:15:58 #7 type] 
Type domain.Quote is not enhanced.

[2023-12-19 13:15:58 #8 type] 
Type domain.Event is not enhanced.

[2023-12-19 13:15:58 #9 type] 
Type domain.Bet is not enhanced.

[2023-12-19 13:15:58 #10 type] 
Type domain.Registered is not enhanced.

[2023-12-19 13:15:58 #11 type] 
Type domain.Movement is not enhanced.

------------------------------------------------------------------------------------------------------------------------

[2023-12-19 13:16:17 #1 store] 
Database 'C:\Users\sori2\Desktop\Clase\tercero\SI2\Bets21\src\main\resources\bets.temp' has been recovered (tr. 333-348)

[2023-12-19 13:16:17 #2 store] 
Database 'C:\Users\sori2\Desktop\Clase\tercero\SI2\Bets21\src\main\resources\bets.temp' is opened by 4672@LAPTOP-36P8KGSL

[2023-12-19 13:16:17 #3 type] 
Type domain.User is not enhanced.

[2023-12-19 13:16:17 #4 type] 
Type domain.Admin is not enhanced.

[2023-12-19 13:16:17 #5 type] 
Type domain.Message is not enhanced.

[2023-12-19 13:16:17 #6 type] 
Type domain.Question is not enhanced.

[2023-12-19 13:16:17 #7 type] 
Type domain.Quote is not enhanced.

[2023-12-19 13:16:17 #8 type] 
Type domain.Event is not enhanced.

[2023-12-19 13:16:17 #9 type] 
Type domain.Bet is not enhanced.

[2023-12-19 13:16:17 #10 type] 
Type domain.Registered is not enhanced.

[2023-12-19 13:16:17 #11 type] 
Type domain.Movement is not enhanced.

------------------------------------------------------------------------------------------------------------------------

[2023-12-19 13:17:01 #1 store] 
Database 'C:\Users\sori2\Desktop\Clase\tercero\SI2\Bets21\src\main\resources\bets.temp' has been recovered (tr. 349-360)

[2023-12-19 13:17:02 #2 store] 
Database 'C:\Users\sori2\Desktop\Clase\tercero\SI2\Bets21\src\main\resources\bets.temp' is opened by 8992@LAPTOP-36P8KGSL

[2023-12-19 13:17:02 #3 type] 
Type domain.User is not enhanced.

[2023-12-19 13:17:02 #4 type] 
Type domain.Admin is not enhanced.

[2023-12-19 13:17:02 #5 type] 
Type domain.Message is not enhanced.

[2023-12-19 13:17:02 #6 type] 
Type domain.Question is not enhanced.

[2023-12-19 13:17:02 #7 type] 
Type domain.Quote is not enhanced.

[2023-12-19 13:17:02 #8 type] 
Type domain.Event is not enhanced.

[2023-12-19 13:17:02 #9 type] 
Type domain.Bet is not enhanced.

[2023-12-19 13:17:02 #10 type] 
Type domain.Registered is not enhanced.

[2023-12-19 13:17:02 #11 type] 
Type domain.Movement is not enhanced.

------------------------------------------------------------------------------------------------------------------------

[2023-12-19 13:17:39 #1 store] 
Database 'C:\Users\sori2\Desktop\Clase\tercero\SI2\Bets21\src\main\resources\bets.temp' has been recovered (tr. 361-376)

[2023-12-19 13:17:39 #2 store] 
Database 'C:\Users\sori2\Desktop\Clase\tercero\SI2\Bets21\src\main\resources\bets.temp' is opened by 4728@LAPTOP-36P8KGSL

[2023-12-19 13:17:39 #3 type] 
Type domain.User is not enhanced.

[2023-12-19 13:17:39 #4 type] 
Type domain.Admin is not enhanced.

[2023-12-19 13:17:39 #5 type] 
Type domain.Message is not enhanced.

[2023-12-19 13:17:39 #6 type] 
Type domain.Question is not enhanced.

[2023-12-19 13:17:39 #7 type] 
Type domain.Quote is not enhanced.

[2023-12-19 13:17:39 #8 type] 
Type domain.Event is not enhanced.

[2023-12-19 13:17:39 #9 type] 
Type domain.Bet is not enhanced.

[2023-12-19 13:17:39 #10 type] 
Type domain.Registered is not enhanced.

[2023-12-19 13:17:39 #11 type] 
Type domain.Movement is not enhanced.

------------------------------------------------------------------------------------------------------------------------

[2023-12-19 13:18:49 #1 store] 
Database 'C:\Users\sori2\Desktop\Clase\tercero\SI2\Bets21\src\main\resources\bets.temp' has been recovered (tr. 377-391)

[2023-12-19 13:18:49 #2 store] 
Database 'C:\Users\sori2\Desktop\Clase\tercero\SI2\Bets21\src\main\resources\bets.temp' is opened by 14540@LAPTOP-36P8KGSL

[2023-12-19 13:18:50 #3 type] 
Type domain.User is not enhanced.

[2023-12-19 13:18:50 #4 type] 
Type domain.Admin is not enhanced.

[2023-12-19 13:18:50 #5 type] 
Type domain.Message is not enhanced.

[2023-12-19 13:18:50 #6 type] 
Type domain.Question is not enhanced.

[2023-12-19 13:18:50 #7 type] 
Type domain.Quote is not enhanced.

[2023-12-19 13:18:50 #8 type] 
Type domain.Event is not enhanced.

[2023-12-19 13:18:50 #9 type] 
Type domain.Bet is not enhanced.

[2023-12-19 13:18:50 #10 type] 
Type domain.Registered is not enhanced.

[2023-12-19 13:18:50 #11 type] 
Type domain.Movement is not enhanced.

------------------------------------------------------------------------------------------------------------------------

[2023-12-19 13:20:05 #1 store] 
Database 'C:\Users\sori2\Desktop\Clase\tercero\SI2\Bets21\src\main\resources\bets.temp' has been recovered (tr. 392-416)

[2023-12-19 13:20:05 #2 store] 
Database 'C:\Users\sori2\Desktop\Clase\tercero\SI2\Bets21\src\main\resources\bets.temp' is opened by 7136@LAPTOP-36P8KGSL

[2023-12-19 13:20:05 #3 type] 
Type domain.User is not enhanced.

[2023-12-19 13:20:05 #4 type] 
Type domain.Admin is not enhanced.

[2023-12-19 13:20:05 #5 type] 
Type domain.Message is not enhanced.

[2023-12-19 13:20:05 #6 type] 
Type domain.Question is not enhanced.

[2023-12-19 13:20:05 #7 type] 
Type domain.Quote is not enhanced.

[2023-12-19 13:20:05 #8 type] 
Type domain.Event is not enhanced.

[2023-12-19 13:20:05 #9 type] 
Type domain.Bet is not enhanced.

[2023-12-19 13:20:05 #10 type] 
Type domain.Registered is not enhanced.

[2023-12-19 13:20:05 #11 type] 
Type domain.Movement is not enhanced.

------------------------------------------------------------------------------------------------------------------------

[2023-12-19 13:20:39 #1 store] 
Database 'C:\Users\sori2\Desktop\Clase\tercero\SI2\Bets21\src\main\resources\bets.temp' has been recovered (tr. 417-420)

[2023-12-19 13:20:39 #2 store] 
Database 'C:\Users\sori2\Desktop\Clase\tercero\SI2\Bets21\src\main\resources\bets.temp' is opened by 3552@LAPTOP-36P8KGSL

[2023-12-19 13:20:39 #3 type] 
Type domain.User is not enhanced.

[2023-12-19 13:20:39 #4 type] 
Type domain.Admin is not enhanced.

[2023-12-19 13:20:39 #5 type] 
Type domain.Message is not enhanced.

[2023-12-19 13:20:39 #6 type] 
Type domain.Question is not enhanced.

[2023-12-19 13:20:39 #7 type] 
Type domain.Quote is not enhanced.

[2023-12-19 13:20:39 #8 type] 
Type domain.Event is not enhanced.

[2023-12-19 13:20:39 #9 type] 
Type domain.Bet is not enhanced.

[2023-12-19 13:20:39 #10 type] 
Type domain.Registered is not enhanced.

[2023-12-19 13:20:40 #11 type] 
Type domain.Movement is not enhanced.

