------------------------------------------------------------------------------------------------------------------------

[2023-10-03 18:10:17 #1 store] 
Database 'C:\Users\ander\git\Bets21\src\main\resources\bets.temp' is opened by 10024@LAPTOP-KMC7QC4S

[2023-10-03 18:10:18 #2 type] 
Type domain.User is not enhanced.

[2023-10-03 18:10:18 #3 type] 
Type domain.Admin is not enhanced.

[2023-10-03 18:10:18 #4 type] 
Type domain.Message is not enhanced.

[2023-10-03 18:10:18 #5 type] 
Type domain.Question is not enhanced.

[2023-10-03 18:10:18 #6 type] 
Type domain.Quote is not enhanced.

[2023-10-03 18:10:18 #7 type] 
Type domain.Event is not enhanced.

[2023-10-03 18:10:18 #8 type] 
Type domain.Bet is not enhanced.

[2023-10-03 18:10:18 #9 type] 
Type domain.Registered is not enhanced.

[2023-10-03 18:10:18 #10 type] 
Type domain.Movement is not enhanced.

------------------------------------------------------------------------------------------------------------------------

[2023-10-03 18:19:45 #1 store] 
Database 'C:\Users\ander\git\Bets21\src\main\resources\bets.temp' has been recovered (tr. 7-20)

[2023-10-03 18:19:45 #2 store] 
Database 'C:\Users\ander\git\Bets21\src\main\resources\bets.temp' is opened by 2920@LAPTOP-KMC7QC4S

[2023-10-03 18:19:45 #3 type] 
Type domain.User is not enhanced.

[2023-10-03 18:19:45 #4 type] 
Type domain.Admin is not enhanced.

[2023-10-03 18:19:45 #5 type] 
Type domain.Message is not enhanced.

[2023-10-03 18:19:45 #6 type] 
Type domain.Question is not enhanced.

[2023-10-03 18:19:45 #7 type] 
Type domain.Quote is not enhanced.

[2023-10-03 18:19:45 #8 type] 
Type domain.Event is not enhanced.

[2023-10-03 18:19:45 #9 type] 
Type domain.Bet is not enhanced.

[2023-10-03 18:19:45 #10 type] 
Type domain.Registered is not enhanced.

[2023-10-03 18:19:45 #11 type] 
Type domain.Movement is not enhanced.

------------------------------------------------------------------------------------------------------------------------

[2023-10-03 18:20:57 #1 store] 
Database 'C:\Users\ander\git\Bets21\src\main\resources\bets.temp' is opened by 13928@LAPTOP-KMC7QC4S

[2023-10-03 18:20:57 #2 type] 
Type domain.User is not enhanced.

[2023-10-03 18:20:57 #3 type] 
Type domain.Admin is not enhanced.

[2023-10-03 18:20:57 #4 type] 
Type domain.Message is not enhanced.

[2023-10-03 18:20:57 #5 type] 
Type domain.Question is not enhanced.

[2023-10-03 18:20:57 #6 type] 
Type domain.Quote is not enhanced.

[2023-10-03 18:20:57 #7 type] 
Type domain.Event is not enhanced.

[2023-10-03 18:20:57 #8 type] 
Type domain.Bet is not enhanced.

[2023-10-03 18:20:57 #9 type] 
Type domain.Registered is not enhanced.

[2023-10-03 18:20:57 #10 type] 
Type domain.Movement is not enhanced.

------------------------------------------------------------------------------------------------------------------------

[2023-10-03 20:02:14 #1 store] 
Database 'C:\Users\ander\git\Bets21\src\main\resources\bets.temp' is opened by 11360@LAPTOP-KMC7QC4S

[2023-10-03 20:02:14 #2 type] 
Type domain.User is not enhanced.

[2023-10-03 20:02:14 #3 type] 
Type domain.Admin is not enhanced.

[2023-10-03 20:02:14 #4 type] 
Type domain.Message is not enhanced.

[2023-10-03 20:02:14 #5 type] 
Type domain.Question is not enhanced.

[2023-10-03 20:02:14 #6 type] 
Type domain.Quote is not enhanced.

[2023-10-03 20:02:14 #7 type] 
Type domain.Event is not enhanced.

[2023-10-03 20:02:14 #8 type] 
Type domain.Bet is not enhanced.

[2023-10-03 20:02:14 #9 type] 
Type domain.Registered is not enhanced.

[2023-10-03 20:02:14 #10 type] 
Type domain.Movement is not enhanced.

------------------------------------------------------------------------------------------------------------------------

[2023-10-03 20:14:45 #1 store] 
Database 'C:\Users\ander\git\Bets21\src\main\resources\bets.temp' has been recovered (tr. 21-34)

[2023-10-03 20:14:45 #2 store] 
Database 'C:\Users\ander\git\Bets21\src\main\resources\bets.temp' is opened by 820@LAPTOP-KMC7QC4S

[2023-10-03 20:14:45 #3 type] 
Type domain.User is not enhanced.

[2023-10-03 20:14:45 #4 type] 
Type domain.Admin is not enhanced.

[2023-10-03 20:14:45 #5 type] 
Type domain.Message is not enhanced.

[2023-10-03 20:14:45 #6 type] 
Type domain.Question is not enhanced.

[2023-10-03 20:14:45 #7 type] 
Type domain.Quote is not enhanced.

[2023-10-03 20:14:45 #8 type] 
Type domain.Event is not enhanced.

[2023-10-03 20:14:45 #9 type] 
Type domain.Bet is not enhanced.

[2023-10-03 20:14:45 #10 type] 
Type domain.Registered is not enhanced.

[2023-10-03 20:14:45 #11 type] 
Type domain.Movement is not enhanced.

