------------------------------------------------------------------------------------------------------------------------

[2023-10-04 15:47:42 #1 store] 
Database 'C:\Users\34692\Desktop\Universidad\3\SI 2\Bets21\src\main\resources\bets.temp' has been recovered (tr. 35-48)

[2023-10-04 15:47:42 #2 store] 
Database 'C:\Users\34692\Desktop\Universidad\3\SI 2\Bets21\src\main\resources\bets.temp' is opened by 14192@LAPTOP-VAD8POTE

[2023-10-04 15:47:42 #3 type] 
Type domain.User is not enhanced.

[2023-10-04 15:47:42 #4 type] 
Type domain.Admin is not enhanced.

[2023-10-04 15:47:42 #5 type] 
Type domain.Message is not enhanced.

[2023-10-04 15:47:42 #6 type] 
Type domain.Question is not enhanced.

[2023-10-04 15:47:42 #7 type] 
Type domain.Quote is not enhanced.

[2023-10-04 15:47:42 #8 type] 
Type domain.Event is not enhanced.

[2023-10-04 15:47:42 #9 type] 
Type domain.Bet is not enhanced.

[2023-10-04 15:47:42 #10 type] 
Type domain.Registered is not enhanced.

[2023-10-04 15:47:42 #11 type] 
Type domain.Movement is not enhanced.

------------------------------------------------------------------------------------------------------------------------

[2023-10-04 15:50:37 #1 store] 
Database 'C:\Users\34692\Desktop\Universidad\3\SI 2\Bets21\src\main\resources\bets.temp' has been recovered (tr. 49-62)

[2023-10-04 15:50:37 #2 store] 
Database 'C:\Users\34692\Desktop\Universidad\3\SI 2\Bets21\src\main\resources\bets.temp' is opened by 15344@LAPTOP-VAD8POTE

[2023-10-04 15:50:37 #3 type] 
Type domain.User is not enhanced.

[2023-10-04 15:50:37 #4 type] 
Type domain.Admin is not enhanced.

[2023-10-04 15:50:37 #5 type] 
Type domain.Message is not enhanced.

[2023-10-04 15:50:37 #6 type] 
Type domain.Question is not enhanced.

[2023-10-04 15:50:37 #7 type] 
Type domain.Quote is not enhanced.

[2023-10-04 15:50:37 #8 type] 
Type domain.Event is not enhanced.

[2023-10-04 15:50:37 #9 type] 
Type domain.Bet is not enhanced.

[2023-10-04 15:50:37 #10 type] 
Type domain.Registered is not enhanced.

[2023-10-04 15:50:37 #11 type] 
Type domain.Movement is not enhanced.

------------------------------------------------------------------------------------------------------------------------

[2023-10-04 15:54:47 #1 store] 
Database 'C:\Users\34692\Desktop\Universidad\3\SI 2\Bets21\src\main\resources\bets.temp' is opened by 18764@LAPTOP-VAD8POTE

[2023-10-04 15:54:47 #2 type] 
Type domain.User is not enhanced.

[2023-10-04 15:54:47 #3 type] 
Type domain.Admin is not enhanced.

[2023-10-04 15:54:47 #4 type] 
Type domain.Message is not enhanced.

[2023-10-04 15:54:47 #5 type] 
Type domain.Question is not enhanced.

[2023-10-04 15:54:47 #6 type] 
Type domain.Quote is not enhanced.

[2023-10-04 15:54:47 #7 type] 
Type domain.Event is not enhanced.

[2023-10-04 15:54:47 #8 type] 
Type domain.Bet is not enhanced.

[2023-10-04 15:54:47 #9 type] 
Type domain.Registered is not enhanced.

[2023-10-04 15:54:47 #10 type] 
Type domain.Movement is not enhanced.

