------------------------------------------------------------------------------------------------------------------------

[2023-11-09 21:56:07 #1 store] 
Database 'C:\Users\ander\git\Bets21\src\main\resources\bets.temp' has been recovered (tr. 181-201)

[2023-11-09 21:56:07 #2 store] 
Database 'C:\Users\ander\git\Bets21\src\main\resources\bets.temp' is opened by 13028@LAPTOP-KMC7QC4S

[2023-11-09 21:56:07 #3 type] 
Type domain.User is not enhanced.

[2023-11-09 21:56:07 #4 type] 
Type domain.Admin is not enhanced.

[2023-11-09 21:56:07 #5 type] 
Type domain.Message is not enhanced.

[2023-11-09 21:56:07 #6 type] 
Type domain.Question is not enhanced.

[2023-11-09 21:56:07 #7 type] 
Type domain.Quote is not enhanced.

[2023-11-09 21:56:07 #8 type] 
Type domain.Event is not enhanced.

[2023-11-09 21:56:07 #9 type] 
Type domain.Bet is not enhanced.

[2023-11-09 21:56:07 #10 type] 
Type domain.Registered is not enhanced.

[2023-11-09 21:56:07 #11 type] 
Type domain.Movement is not enhanced.

------------------------------------------------------------------------------------------------------------------------

[2023-11-09 21:56:49 #1 store] 
Database 'C:\Users\ander\git\Bets21\src\main\resources\bets.temp' is opened by 10032@LAPTOP-KMC7QC4S

[2023-11-09 21:56:49 #2 type] 
Type domain.User is not enhanced.

[2023-11-09 21:56:49 #3 type] 
Type domain.Admin is not enhanced.

[2023-11-09 21:56:49 #4 type] 
Type domain.Message is not enhanced.

[2023-11-09 21:56:49 #5 type] 
Type domain.Question is not enhanced.

[2023-11-09 21:56:49 #6 type] 
Type domain.Quote is not enhanced.

[2023-11-09 21:56:49 #7 type] 
Type domain.Event is not enhanced.

[2023-11-09 21:56:49 #8 type] 
Type domain.Bet is not enhanced.

[2023-11-09 21:56:49 #9 type] 
Type domain.Registered is not enhanced.

[2023-11-09 21:56:49 #10 type] 
Type domain.Movement is not enhanced.

