------------------------------------------------------------------------------------------------------------------------

[2023-09-13 10:59:04 #1 store] 
Database 'C:\Users\ander\git\Bets\Bets21\src\main\resources\bets.temp' is opened by 13284@LAPTOP-KMC7QC4S

[2023-09-13 10:59:04 #2 type] 
Type domain.User is not enhanced.

[2023-09-13 10:59:04 #3 type] 
Type domain.Admin is not enhanced.

[2023-09-13 10:59:04 #4 type] 
Type domain.Message is not enhanced.

[2023-09-13 10:59:04 #5 type] 
Type domain.Question is not enhanced.

[2023-09-13 10:59:04 #6 type] 
Type domain.Quote is not enhanced.

[2023-09-13 10:59:04 #7 type] 
Type domain.Event is not enhanced.

[2023-09-13 10:59:04 #8 type] 
Type domain.Bet is not enhanced.

[2023-09-13 10:59:04 #9 type] 
Type domain.Registered is not enhanced.

[2023-09-13 10:59:04 #10 type] 
Type domain.Movement is not enhanced.

------------------------------------------------------------------------------------------------------------------------

[2023-09-13 11:01:23 #1 store] 
Database 'C:\Users\ander\git\Bets\Bets21\src\main\resources\bets.temp' is opened by 14464@LAPTOP-KMC7QC4S

[2023-09-13 11:01:23 #2 type] 
Type domain.User is not enhanced.

[2023-09-13 11:01:23 #3 type] 
Type domain.Admin is not enhanced.

[2023-09-13 11:01:23 #4 type] 
Type domain.Message is not enhanced.

[2023-09-13 11:01:23 #5 type] 
Type domain.Question is not enhanced.

[2023-09-13 11:01:23 #6 type] 
Type domain.Quote is not enhanced.

[2023-09-13 11:01:23 #7 type] 
Type domain.Event is not enhanced.

[2023-09-13 11:01:23 #8 type] 
Type domain.Bet is not enhanced.

[2023-09-13 11:01:23 #9 type] 
Type domain.Registered is not enhanced.

[2023-09-13 11:01:23 #10 type] 
Type domain.Movement is not enhanced.

------------------------------------------------------------------------------------------------------------------------

[2023-09-13 11:01:53 #1 store] 
Database 'C:\Users\ander\git\Bets\Bets21\src\main\resources\bets.temp' is opened by 6052@LAPTOP-KMC7QC4S

[2023-09-13 11:01:54 #2 type] 
Type domain.User is not enhanced.

[2023-09-13 11:01:54 #3 type] 
Type domain.Admin is not enhanced.

[2023-09-13 11:01:54 #4 type] 
Type domain.Message is not enhanced.

[2023-09-13 11:01:54 #5 type] 
Type domain.Question is not enhanced.

[2023-09-13 11:01:54 #6 type] 
Type domain.Quote is not enhanced.

[2023-09-13 11:01:54 #7 type] 
Type domain.Event is not enhanced.

[2023-09-13 11:01:54 #8 type] 
Type domain.Bet is not enhanced.

[2023-09-13 11:01:54 #9 type] 
Type domain.Registered is not enhanced.

[2023-09-13 11:01:54 #10 type] 
Type domain.Movement is not enhanced.

