------------------------------------------------------------------------------------------------------------------------

[2023-05-21 19:46:39 #1 store] 
Database 'C:\Users\ander\eclipse-workspace\Bets21\src\main\resources\bets.temp' is opened by 18976@LAPTOP-KMC7QC4S

[2023-05-21 19:46:39 #2 type.registry] 
New type domain.User

[2023-05-21 19:46:39 #3 type.registry] 
New type domain.Admin

[2023-05-21 19:46:39 #4 type] 
Type domain.User is not enhanced.

[2023-05-21 19:46:39 #5 type.registry] 
New type domain.Message

[2023-05-21 19:46:39 #6 type.registry] 
New type java.util.Vector<domain.Message>

[2023-05-21 19:46:39 #7 type] 
Type domain.Admin is not enhanced.

[2023-05-21 19:46:39 #8 type] 
Type domain.Message is not enhanced.

[2023-05-21 19:46:39 #9 type.registry] 
New type domain.Question

[2023-05-21 19:46:39 #10 type] 
Type domain.Question is not enhanced.

[2023-05-21 19:46:39 #11 type.registry] 
New type domain.Quote

[2023-05-21 19:46:39 #12 type.registry] 
New type java.util.Vector<domain.Quote>

[2023-05-21 19:46:39 #13 type.registry] 
New type domain.Event

[2023-05-21 19:46:39 #14 type] 
Type domain.Quote is not enhanced.

[2023-05-21 19:46:39 #15 type.registry] 
New type domain.Bet

[2023-05-21 19:46:39 #16 type.registry] 
New type java.util.Vector<domain.Bet>

[2023-05-21 19:46:39 #17 type] 
Type domain.Event is not enhanced.

[2023-05-21 19:46:39 #18 type.registry] 
New type java.util.Vector<domain.Question>

[2023-05-21 19:46:39 #19 type] 
Type domain.Bet is not enhanced.

[2023-05-21 19:46:39 #20 type.registry] 
New type domain.Registered

[2023-05-21 19:46:39 #21 type] 
Type domain.Registered is not enhanced.

[2023-05-21 19:46:39 #22 type.registry] 
New type java.util.Vector<domain.Registered>

[2023-05-21 19:46:39 #23 type.registry] 
New type domain.Movement

[2023-05-21 19:46:39 #24 type.registry] 
New type java.util.Vector<domain.Movement>

[2023-05-21 19:46:39 #25 type] 
Type domain.Movement is not enhanced.

[2023-05-21 19:46:40 #26 type.registry] 
New type java.util.Vector<java.lang.Object>

------------------------------------------------------------------------------------------------------------------------

[2023-05-21 19:47:05 #1 store] 
Database 'C:\Users\ander\eclipse-workspace\Bets21\src\main\resources\bets.temp' has been recovered (tr. 1-6)

[2023-05-21 19:47:05 #2 store] 
Database 'C:\Users\ander\eclipse-workspace\Bets21\src\main\resources\bets.temp' is opened by 1576@LAPTOP-KMC7QC4S

[2023-05-21 19:47:05 #3 type] 
Type domain.User is not enhanced.

[2023-05-21 19:47:05 #4 type] 
Type domain.Admin is not enhanced.

[2023-05-21 19:47:05 #5 type] 
Type domain.Message is not enhanced.

[2023-05-21 19:47:05 #6 type] 
Type domain.Question is not enhanced.

[2023-05-21 19:47:05 #7 type] 
Type domain.Quote is not enhanced.

[2023-05-21 19:47:05 #8 type] 
Type domain.Event is not enhanced.

[2023-05-21 19:47:05 #9 type] 
Type domain.Bet is not enhanced.

[2023-05-21 19:47:05 #10 type] 
Type domain.Registered is not enhanced.

[2023-05-21 19:47:05 #11 type] 
Type domain.Movement is not enhanced.

