------------------------------------------------------------------------------------------------------------------------

[2023-05-10 00:38:06 #1 store] 
Database 'C:\Users\Beñat\Desktop\ws\Bets21\src\main\resources\bets.temp' is opened by 10264@DESKTOP-I34DTQI

[2023-05-10 00:38:06 #2 type] 
Type domain.Quote is not enhanced.

[2023-05-10 00:38:06 #3 type] 
Type domain.Bet is not enhanced.

[2023-05-10 00:38:06 #4 type] 
Type domain.Question is not enhanced.

[2023-05-10 00:38:06 #5 type] 
Type domain.User is not enhanced.

[2023-05-10 00:38:06 #6 type] 
Type domain.Registered is not enhanced.

[2023-05-10 00:38:06 #7 type] 
Type domain.Event is not enhanced.

[2023-05-10 00:38:06 #8 type] 
Type domain.Message is not enhanced.

[2023-05-10 00:38:06 #9 type] 
Type domain.Movement is not enhanced.

[2023-05-10 00:38:06 #10 type] 
Type domain.Admin is not enhanced.

------------------------------------------------------------------------------------------------------------------------

[2023-05-10 00:40:12 #1 store] 
Database 'C:\Users\Beñat\Desktop\ws\Bets21\src\main\resources\bets.temp' is opened by 1952@DESKTOP-I34DTQI

[2023-05-10 00:40:12 #2 type] 
Type domain.Quote is not enhanced.

[2023-05-10 00:40:12 #3 type] 
Type domain.Bet is not enhanced.

[2023-05-10 00:40:12 #4 type] 
Type domain.Question is not enhanced.

[2023-05-10 00:40:12 #5 type] 
Type domain.User is not enhanced.

[2023-05-10 00:40:12 #6 type] 
Type domain.Registered is not enhanced.

[2023-05-10 00:40:12 #7 type] 
Type domain.Event is not enhanced.

[2023-05-10 00:40:12 #8 type] 
Type domain.Message is not enhanced.

[2023-05-10 00:40:12 #9 type] 
Type domain.Movement is not enhanced.

[2023-05-10 00:40:12 #10 type] 
Type domain.Admin is not enhanced.

------------------------------------------------------------------------------------------------------------------------

[2023-05-10 00:50:06 #1 store] 
Database 'C:\Users\Beñat\Desktop\ws\Bets21\src\main\resources\bets.temp' is opened by 5008@DESKTOP-I34DTQI

[2023-05-10 00:50:06 #2 type] 
Type domain.Quote is not enhanced.

[2023-05-10 00:50:06 #3 type] 
Type domain.Bet is not enhanced.

[2023-05-10 00:50:06 #4 type] 
Type domain.Question is not enhanced.

[2023-05-10 00:50:06 #5 type] 
Type domain.User is not enhanced.

[2023-05-10 00:50:06 #6 type] 
Type domain.Registered is not enhanced.

[2023-05-10 00:50:06 #7 type] 
Type domain.Event is not enhanced.

[2023-05-10 00:50:06 #8 type] 
Type domain.Message is not enhanced.

[2023-05-10 00:50:07 #9 type] 
Type domain.Movement is not enhanced.

[2023-05-10 00:50:07 #10 type] 
Type domain.Admin is not enhanced.

------------------------------------------------------------------------------------------------------------------------

[2023-05-10 00:59:47 #1 store] 
Database 'C:\Users\Beñat\Desktop\ws\Bets21\src\main\resources\bets.temp' is opened by 3392@DESKTOP-I34DTQI

[2023-05-10 00:59:47 #2 type] 
Type domain.Quote is not enhanced.

[2023-05-10 00:59:47 #3 type] 
Type domain.Bet is not enhanced.

[2023-05-10 00:59:47 #4 type] 
Type domain.Question is not enhanced.

[2023-05-10 00:59:47 #5 type] 
Type domain.User is not enhanced.

[2023-05-10 00:59:47 #6 type] 
Type domain.Registered is not enhanced.

[2023-05-10 00:59:47 #7 type] 
Type domain.Event is not enhanced.

[2023-05-10 00:59:47 #8 type] 
Type domain.Message is not enhanced.

[2023-05-10 00:59:47 #9 type] 
Type domain.Movement is not enhanced.

[2023-05-10 00:59:47 #10 type] 
Type domain.Admin is not enhanced.

------------------------------------------------------------------------------------------------------------------------

[2023-05-10 01:11:16 #1 store] 
Database 'C:\Users\Beñat\Desktop\ws\Bets21\src\main\resources\bets.temp' is opened by 12168@DESKTOP-I34DTQI

[2023-05-10 01:11:16 #2 type] 
Type domain.Quote is not enhanced.

[2023-05-10 01:11:16 #3 type] 
Type domain.Bet is not enhanced.

[2023-05-10 01:11:16 #4 type] 
Type domain.Question is not enhanced.

[2023-05-10 01:11:16 #5 type] 
Type domain.User is not enhanced.

[2023-05-10 01:11:16 #6 type] 
Type domain.Registered is not enhanced.

[2023-05-10 01:11:16 #7 type] 
Type domain.Event is not enhanced.

[2023-05-10 01:11:16 #8 type] 
Type domain.Message is not enhanced.

[2023-05-10 01:11:16 #9 type] 
Type domain.Movement is not enhanced.

[2023-05-10 01:11:16 #10 type] 
Type domain.Admin is not enhanced.

------------------------------------------------------------------------------------------------------------------------

[2023-05-10 01:13:11 #1 store] 
Database 'C:\Users\Beñat\Desktop\ws\Bets21\src\main\resources\bets.temp' is opened by 1960@DESKTOP-I34DTQI

[2023-05-10 01:13:11 #2 type] 
Type domain.Quote is not enhanced.

[2023-05-10 01:13:11 #3 type] 
Type domain.Bet is not enhanced.

[2023-05-10 01:13:11 #4 type] 
Type domain.Question is not enhanced.

[2023-05-10 01:13:11 #5 type] 
Type domain.User is not enhanced.

[2023-05-10 01:13:11 #6 type] 
Type domain.Registered is not enhanced.

[2023-05-10 01:13:11 #7 type] 
Type domain.Event is not enhanced.

[2023-05-10 01:13:11 #8 type] 
Type domain.Message is not enhanced.

[2023-05-10 01:13:11 #9 type] 
Type domain.Movement is not enhanced.

[2023-05-10 01:13:11 #10 type] 
Type domain.Admin is not enhanced.

------------------------------------------------------------------------------------------------------------------------

[2023-05-10 01:16:49 #1 store] 
Database 'C:\Users\Beñat\Desktop\ws\Bets21\src\main\resources\bets.temp' is opened by 11584@DESKTOP-I34DTQI

[2023-05-10 01:16:49 #2 type.registry] 
New type domain.Quote

[2023-05-10 01:16:49 #3 type] 
Type domain.Quote is not enhanced.

[2023-05-10 01:16:49 #4 type.registry] 
New type domain.Bet

[2023-05-10 01:16:49 #5 type.registry] 
New type java.util.Vector<domain.Bet>

[2023-05-10 01:16:49 #6 type.registry] 
New type domain.Question

[2023-05-10 01:16:49 #7 type] 
Type domain.Bet is not enhanced.

[2023-05-10 01:16:49 #8 type.registry] 
New type domain.User

[2023-05-10 01:16:49 #9 type.registry] 
New type domain.Registered

[2023-05-10 01:16:49 #10 type.registry] 
New type java.util.Vector<domain.Quote>

[2023-05-10 01:16:49 #11 type] 
Type domain.Question is not enhanced.

[2023-05-10 01:16:49 #12 type.registry] 
New type domain.Event

[2023-05-10 01:16:49 #13 type] 
Type domain.User is not enhanced.

[2023-05-10 01:16:49 #14 type.registry] 
New type domain.Message

[2023-05-10 01:16:49 #15 type.registry] 
New type java.util.Vector<domain.Message>

[2023-05-10 01:16:49 #16 type] 
Type domain.Registered is not enhanced.

[2023-05-10 01:16:49 #17 type.registry] 
New type java.util.Vector<domain.Registered>

[2023-05-10 01:16:49 #18 type.registry] 
New type domain.Movement

[2023-05-10 01:16:49 #19 type.registry] 
New type java.util.Vector<domain.Movement>

[2023-05-10 01:16:49 #20 type] 
Type domain.Event is not enhanced.

[2023-05-10 01:16:49 #21 type.registry] 
New type java.util.Vector<domain.Question>

[2023-05-10 01:16:49 #22 type] 
Type domain.Message is not enhanced.

[2023-05-10 01:16:49 #23 type] 
Type domain.Movement is not enhanced.

[2023-05-10 01:16:49 #24 type.registry] 
New type domain.Admin

[2023-05-10 01:16:49 #25 type] 
Type domain.Admin is not enhanced.

[2023-05-10 01:16:49 #26 type.registry] 
New type java.util.Vector<java.lang.Object>

------------------------------------------------------------------------------------------------------------------------

[2023-05-10 01:22:28 #1 store] 
Database 'C:\Users\Beñat\Desktop\ws\Bets21\src\main\resources\bets.temp' is opened by 11904@DESKTOP-I34DTQI

[2023-05-10 01:22:29 #2 type.registry] 
New type domain.Quote

[2023-05-10 01:22:29 #3 type] 
Type domain.Quote is not enhanced.

[2023-05-10 01:22:29 #4 type.registry] 
New type domain.Bet

[2023-05-10 01:22:29 #5 type.registry] 
New type java.util.Vector<domain.Bet>

[2023-05-10 01:22:29 #6 type.registry] 
New type domain.Question

[2023-05-10 01:22:29 #7 type] 
Type domain.Bet is not enhanced.

[2023-05-10 01:22:29 #8 type.registry] 
New type domain.User

[2023-05-10 01:22:29 #9 type.registry] 
New type domain.Registered

[2023-05-10 01:22:29 #10 type.registry] 
New type java.util.Vector<domain.Quote>

[2023-05-10 01:22:29 #11 type] 
Type domain.Question is not enhanced.

[2023-05-10 01:22:29 #12 type.registry] 
New type domain.Event

[2023-05-10 01:22:29 #13 type] 
Type domain.User is not enhanced.

[2023-05-10 01:22:29 #14 type.registry] 
New type domain.Message

[2023-05-10 01:22:29 #15 type.registry] 
New type java.util.Vector<domain.Message>

[2023-05-10 01:22:29 #16 type] 
Type domain.Registered is not enhanced.

[2023-05-10 01:22:29 #17 type.registry] 
New type java.util.Vector<domain.Registered>

[2023-05-10 01:22:29 #18 type.registry] 
New type domain.Movement

[2023-05-10 01:22:29 #19 type.registry] 
New type java.util.Vector<domain.Movement>

[2023-05-10 01:22:29 #20 type] 
Type domain.Event is not enhanced.

[2023-05-10 01:22:29 #21 type.registry] 
New type java.util.Vector<domain.Question>

[2023-05-10 01:22:29 #22 type] 
Type domain.Message is not enhanced.

[2023-05-10 01:22:29 #23 type] 
Type domain.Movement is not enhanced.

[2023-05-10 01:22:29 #24 type.registry] 
New type domain.Admin

[2023-05-10 01:22:29 #25 type] 
Type domain.Admin is not enhanced.

[2023-05-10 01:22:29 #26 type.registry] 
New type java.util.Vector<java.lang.Object>

------------------------------------------------------------------------------------------------------------------------

[2023-05-10 01:25:36 #1 store] 
Database 'C:\Users\Beñat\Desktop\ws\Bets21\src\main\resources\bets.temp' has been recovered (tr. 1-6)

[2023-05-10 01:25:36 #2 store] 
Database 'C:\Users\Beñat\Desktop\ws\Bets21\src\main\resources\bets.temp' is opened by 5228@DESKTOP-I34DTQI

[2023-05-10 01:25:36 #3 type] 
Type domain.Quote is not enhanced.

[2023-05-10 01:25:36 #4 type] 
Type domain.Bet is not enhanced.

[2023-05-10 01:25:36 #5 type] 
Type domain.Question is not enhanced.

[2023-05-10 01:25:36 #6 type] 
Type domain.User is not enhanced.

[2023-05-10 01:25:36 #7 type] 
Type domain.Registered is not enhanced.

[2023-05-10 01:25:36 #8 type] 
Type domain.Event is not enhanced.

[2023-05-10 01:25:36 #9 type] 
Type domain.Message is not enhanced.

[2023-05-10 01:25:36 #10 type] 
Type domain.Movement is not enhanced.

[2023-05-10 01:25:36 #11 type] 
Type domain.Admin is not enhanced.

------------------------------------------------------------------------------------------------------------------------

[2023-05-10 01:29:44 #1 store] 
Database 'C:\Users\Beñat\Desktop\ws\Bets21\src\main\resources\bets.temp' is opened by 5220@DESKTOP-I34DTQI

[2023-05-10 01:29:44 #2 type] 
Type domain.Quote is not enhanced.

[2023-05-10 01:29:44 #3 type] 
Type domain.Bet is not enhanced.

[2023-05-10 01:29:44 #4 type] 
Type domain.Question is not enhanced.

[2023-05-10 01:29:44 #5 type] 
Type domain.User is not enhanced.

[2023-05-10 01:29:44 #6 type] 
Type domain.Registered is not enhanced.

[2023-05-10 01:29:44 #7 type] 
Type domain.Event is not enhanced.

[2023-05-10 01:29:44 #8 type] 
Type domain.Message is not enhanced.

[2023-05-10 01:29:44 #9 type] 
Type domain.Movement is not enhanced.

[2023-05-10 01:29:44 #10 type] 
Type domain.Admin is not enhanced.

------------------------------------------------------------------------------------------------------------------------

[2023-05-10 01:35:56 #1 store] 
Database 'C:\Users\Beñat\Desktop\ws\Bets21\src\main\resources\bets.temp' is opened by 7744@DESKTOP-I34DTQI

[2023-05-10 01:35:56 #2 type] 
Type domain.Quote is not enhanced.

[2023-05-10 01:35:56 #3 type] 
Type domain.Bet is not enhanced.

[2023-05-10 01:35:56 #4 type] 
Type domain.Question is not enhanced.

[2023-05-10 01:35:56 #5 type] 
Type domain.User is not enhanced.

[2023-05-10 01:35:56 #6 type] 
Type domain.Registered is not enhanced.

[2023-05-10 01:35:57 #7 type] 
Type domain.Event is not enhanced.

[2023-05-10 01:35:57 #8 type] 
Type domain.Message is not enhanced.

[2023-05-10 01:35:57 #9 type] 
Type domain.Movement is not enhanced.

[2023-05-10 01:35:57 #10 type] 
Type domain.Admin is not enhanced.

------------------------------------------------------------------------------------------------------------------------

[2023-05-10 01:38:54 #1 store] 
Database 'C:\Users\Beñat\Desktop\ws\Bets21\src\main\resources\bets.temp' is opened by 11652@DESKTOP-I34DTQI

[2023-05-10 01:38:54 #2 type.registry] 
New type domain.Quote

[2023-05-10 01:38:54 #3 type] 
Type domain.Quote is not enhanced.

[2023-05-10 01:38:54 #4 type.registry] 
New type domain.Bet

[2023-05-10 01:38:54 #5 type.registry] 
New type java.util.Vector<domain.Bet>

[2023-05-10 01:38:54 #6 type.registry] 
New type domain.Question

[2023-05-10 01:38:54 #7 type] 
Type domain.Bet is not enhanced.

[2023-05-10 01:38:54 #8 type.registry] 
New type domain.User

[2023-05-10 01:38:54 #9 type.registry] 
New type domain.Registered

[2023-05-10 01:38:54 #10 type.registry] 
New type java.util.Vector<domain.Quote>

[2023-05-10 01:38:54 #11 type] 
Type domain.Question is not enhanced.

[2023-05-10 01:38:54 #12 type.registry] 
New type domain.Event

[2023-05-10 01:38:54 #13 type] 
Type domain.User is not enhanced.

[2023-05-10 01:38:54 #14 type.registry] 
New type domain.Message

[2023-05-10 01:38:54 #15 type.registry] 
New type java.util.Vector<domain.Message>

[2023-05-10 01:38:54 #16 type] 
Type domain.Registered is not enhanced.

[2023-05-10 01:38:54 #17 type.registry] 
New type java.util.Vector<domain.Registered>

[2023-05-10 01:38:54 #18 type.registry] 
New type domain.Movement

[2023-05-10 01:38:54 #19 type.registry] 
New type java.util.Vector<domain.Movement>

[2023-05-10 01:38:54 #20 type] 
Type domain.Event is not enhanced.

[2023-05-10 01:38:54 #21 type.registry] 
New type java.util.Vector<domain.Question>

[2023-05-10 01:38:54 #22 type] 
Type domain.Message is not enhanced.

[2023-05-10 01:38:54 #23 type] 
Type domain.Movement is not enhanced.

[2023-05-10 01:38:54 #24 type.registry] 
New type domain.Admin

[2023-05-10 01:38:54 #25 type] 
Type domain.Admin is not enhanced.

[2023-05-10 01:38:54 #26 type.registry] 
New type java.util.Vector<java.lang.Object>

------------------------------------------------------------------------------------------------------------------------

[2023-05-10 01:41:42 #1 store] 
Database 'C:\Users\Beñat\Desktop\ws\Bets21\src\main\resources\bets.temp' is opened by 8884@DESKTOP-I34DTQI

[2023-05-10 01:41:42 #2 type.registry] 
New type domain.Quote

[2023-05-10 01:41:42 #3 type] 
Type domain.Quote is not enhanced.

[2023-05-10 01:41:42 #4 type.registry] 
New type domain.Bet

[2023-05-10 01:41:42 #5 type.registry] 
New type java.util.Vector<domain.Bet>

[2023-05-10 01:41:42 #6 type.registry] 
New type domain.Question

[2023-05-10 01:41:42 #7 type] 
Type domain.Bet is not enhanced.

[2023-05-10 01:41:42 #8 type.registry] 
New type domain.User

[2023-05-10 01:41:42 #9 type.registry] 
New type domain.Registered

[2023-05-10 01:41:42 #10 type.registry] 
New type java.util.Vector<domain.Quote>

[2023-05-10 01:41:42 #11 type] 
Type domain.Question is not enhanced.

[2023-05-10 01:41:42 #12 type.registry] 
New type domain.Event

[2023-05-10 01:41:42 #13 type] 
Type domain.User is not enhanced.

[2023-05-10 01:41:42 #14 type.registry] 
New type domain.Message

[2023-05-10 01:41:42 #15 type.registry] 
New type java.util.Vector<domain.Message>

[2023-05-10 01:41:42 #16 type] 
Type domain.Registered is not enhanced.

[2023-05-10 01:41:42 #17 type.registry] 
New type java.util.Vector<domain.Registered>

[2023-05-10 01:41:42 #18 type.registry] 
New type domain.Movement

[2023-05-10 01:41:42 #19 type.registry] 
New type java.util.Vector<domain.Movement>

[2023-05-10 01:41:42 #20 type] 
Type domain.Event is not enhanced.

[2023-05-10 01:41:42 #21 type.registry] 
New type java.util.Vector<domain.Question>

[2023-05-10 01:41:42 #22 type] 
Type domain.Message is not enhanced.

[2023-05-10 01:41:42 #23 type] 
Type domain.Movement is not enhanced.

[2023-05-10 01:41:42 #24 type.registry] 
New type domain.Admin

[2023-05-10 01:41:42 #25 type] 
Type domain.Admin is not enhanced.

[2023-05-10 01:41:42 #26 type.registry] 
New type java.util.Vector<java.lang.Object>

------------------------------------------------------------------------------------------------------------------------

[2023-05-10 01:48:55 #1 store] 
Database 'C:\Users\Beñat\Desktop\ws\Bets21\src\main\resources\bets.temp' is opened by 11168@DESKTOP-I34DTQI

[2023-05-10 01:48:56 #2 type.registry] 
New type domain.Quote

[2023-05-10 01:48:56 #3 type] 
Type domain.Quote is not enhanced.

[2023-05-10 01:48:56 #4 type.registry] 
New type domain.Bet

[2023-05-10 01:48:56 #5 type.registry] 
New type java.util.Vector<domain.Bet>

[2023-05-10 01:48:56 #6 type.registry] 
New type domain.Question

[2023-05-10 01:48:56 #7 type] 
Type domain.Bet is not enhanced.

[2023-05-10 01:48:56 #8 type.registry] 
New type domain.User

[2023-05-10 01:48:56 #9 type.registry] 
New type domain.Registered

[2023-05-10 01:48:56 #10 type.registry] 
New type java.util.Vector<domain.Quote>

[2023-05-10 01:48:56 #11 type] 
Type domain.Question is not enhanced.

[2023-05-10 01:48:56 #12 type.registry] 
New type domain.Event

[2023-05-10 01:48:56 #13 type] 
Type domain.User is not enhanced.

[2023-05-10 01:48:56 #14 type.registry] 
New type domain.Message

[2023-05-10 01:48:56 #15 type.registry] 
New type java.util.Vector<domain.Message>

[2023-05-10 01:48:56 #16 type] 
Type domain.Registered is not enhanced.

[2023-05-10 01:48:56 #17 type.registry] 
New type java.util.Vector<domain.Registered>

[2023-05-10 01:48:56 #18 type.registry] 
New type domain.Movement

[2023-05-10 01:48:56 #19 type.registry] 
New type java.util.Vector<domain.Movement>

[2023-05-10 01:48:56 #20 type] 
Type domain.Event is not enhanced.

[2023-05-10 01:48:56 #21 type.registry] 
New type java.util.Vector<domain.Question>

[2023-05-10 01:48:56 #22 type] 
Type domain.Message is not enhanced.

[2023-05-10 01:48:56 #23 type] 
Type domain.Movement is not enhanced.

[2023-05-10 01:48:56 #24 type.registry] 
New type domain.Admin

[2023-05-10 01:48:56 #25 type] 
Type domain.Admin is not enhanced.

[2023-05-10 01:48:56 #26 type.registry] 
New type java.util.Vector<java.lang.Object>

------------------------------------------------------------------------------------------------------------------------

[2023-05-10 01:52:27 #1 store] 
Database 'C:\Users\Beñat\Desktop\ws\Bets21\src\main\resources\bets.temp' is opened by 3000@DESKTOP-I34DTQI

[2023-05-10 01:52:28 #2 type.registry] 
New type domain.Quote

[2023-05-10 01:52:28 #3 type] 
Type domain.Quote is not enhanced.

[2023-05-10 01:52:28 #4 type.registry] 
New type domain.Bet

[2023-05-10 01:52:28 #5 type.registry] 
New type java.util.Vector<domain.Bet>

[2023-05-10 01:52:28 #6 type.registry] 
New type domain.Question

[2023-05-10 01:52:28 #7 type] 
Type domain.Bet is not enhanced.

[2023-05-10 01:52:28 #8 type.registry] 
New type domain.User

[2023-05-10 01:52:28 #9 type.registry] 
New type domain.Registered

[2023-05-10 01:52:28 #10 type.registry] 
New type java.util.Vector<domain.Quote>

[2023-05-10 01:52:28 #11 type] 
Type domain.Question is not enhanced.

[2023-05-10 01:52:28 #12 type.registry] 
New type domain.Event

[2023-05-10 01:52:28 #13 type] 
Type domain.User is not enhanced.

[2023-05-10 01:52:28 #14 type.registry] 
New type domain.Message

[2023-05-10 01:52:28 #15 type.registry] 
New type java.util.Vector<domain.Message>

[2023-05-10 01:52:28 #16 type] 
Type domain.Registered is not enhanced.

[2023-05-10 01:52:28 #17 type.registry] 
New type java.util.Vector<domain.Registered>

[2023-05-10 01:52:28 #18 type.registry] 
New type domain.Movement

[2023-05-10 01:52:28 #19 type.registry] 
New type java.util.Vector<domain.Movement>

[2023-05-10 01:52:28 #20 type] 
Type domain.Event is not enhanced.

[2023-05-10 01:52:28 #21 type.registry] 
New type java.util.Vector<domain.Question>

[2023-05-10 01:52:28 #22 type] 
Type domain.Message is not enhanced.

[2023-05-10 01:52:28 #23 type] 
Type domain.Movement is not enhanced.

[2023-05-10 01:52:28 #24 type.registry] 
New type domain.Admin

[2023-05-10 01:52:28 #25 type] 
Type domain.Admin is not enhanced.

[2023-05-10 01:52:28 #26 type.registry] 
New type java.util.Vector<java.lang.Object>

------------------------------------------------------------------------------------------------------------------------

[2023-05-10 01:53:16 #1 store] 
Database 'C:\Users\Beñat\Desktop\ws\Bets21\src\main\resources\bets.temp' is opened by 11284@DESKTOP-I34DTQI

[2023-05-10 01:53:16 #2 type.registry] 
New type domain.Quote

[2023-05-10 01:53:16 #3 type] 
Type domain.Quote is not enhanced.

[2023-05-10 01:53:16 #4 type.registry] 
New type domain.Bet

[2023-05-10 01:53:16 #5 type.registry] 
New type java.util.Vector<domain.Bet>

[2023-05-10 01:53:16 #6 type.registry] 
New type domain.Question

[2023-05-10 01:53:16 #7 type] 
Type domain.Bet is not enhanced.

[2023-05-10 01:53:16 #8 type.registry] 
New type domain.User

[2023-05-10 01:53:16 #9 type.registry] 
New type domain.Registered

[2023-05-10 01:53:16 #10 type.registry] 
New type java.util.Vector<domain.Quote>

[2023-05-10 01:53:16 #11 type] 
Type domain.Question is not enhanced.

[2023-05-10 01:53:16 #12 type.registry] 
New type domain.Event

[2023-05-10 01:53:16 #13 type] 
Type domain.User is not enhanced.

[2023-05-10 01:53:16 #14 type.registry] 
New type domain.Message

[2023-05-10 01:53:16 #15 type.registry] 
New type java.util.Vector<domain.Message>

[2023-05-10 01:53:16 #16 type] 
Type domain.Registered is not enhanced.

[2023-05-10 01:53:16 #17 type.registry] 
New type java.util.Vector<domain.Registered>

[2023-05-10 01:53:16 #18 type.registry] 
New type domain.Movement

[2023-05-10 01:53:16 #19 type.registry] 
New type java.util.Vector<domain.Movement>

[2023-05-10 01:53:16 #20 type] 
Type domain.Event is not enhanced.

[2023-05-10 01:53:16 #21 type.registry] 
New type java.util.Vector<domain.Question>

[2023-05-10 01:53:16 #22 type] 
Type domain.Message is not enhanced.

[2023-05-10 01:53:16 #23 type] 
Type domain.Movement is not enhanced.

[2023-05-10 01:53:16 #24 type.registry] 
New type domain.Admin

[2023-05-10 01:53:16 #25 type] 
Type domain.Admin is not enhanced.

[2023-05-10 01:53:16 #26 type.registry] 
New type java.util.Vector<java.lang.Object>

------------------------------------------------------------------------------------------------------------------------

[2023-05-10 01:56:05 #1 store] 
Database 'C:\Users\Beñat\Desktop\ws\Bets21\src\main\resources\bets.temp' is opened by 3192@DESKTOP-I34DTQI

[2023-05-10 01:56:05 #2 type.registry] 
New type domain.Quote

[2023-05-10 01:56:05 #3 type] 
Type domain.Quote is not enhanced.

[2023-05-10 01:56:05 #4 type.registry] 
New type domain.Bet

[2023-05-10 01:56:05 #5 type.registry] 
New type java.util.Vector<domain.Bet>

[2023-05-10 01:56:05 #6 type.registry] 
New type domain.Question

[2023-05-10 01:56:05 #7 type] 
Type domain.Bet is not enhanced.

[2023-05-10 01:56:05 #8 type.registry] 
New type domain.User

[2023-05-10 01:56:05 #9 type.registry] 
New type domain.Registered

[2023-05-10 01:56:05 #10 type.registry] 
New type java.util.Vector<domain.Quote>

[2023-05-10 01:56:05 #11 type] 
Type domain.Question is not enhanced.

[2023-05-10 01:56:05 #12 type.registry] 
New type domain.Event

[2023-05-10 01:56:05 #13 type] 
Type domain.User is not enhanced.

[2023-05-10 01:56:05 #14 type.registry] 
New type domain.Message

[2023-05-10 01:56:05 #15 type.registry] 
New type java.util.Vector<domain.Message>

[2023-05-10 01:56:05 #16 type] 
Type domain.Registered is not enhanced.

[2023-05-10 01:56:05 #17 type.registry] 
New type java.util.Vector<domain.Registered>

[2023-05-10 01:56:05 #18 type.registry] 
New type domain.Movement

[2023-05-10 01:56:05 #19 type.registry] 
New type java.util.Vector<domain.Movement>

[2023-05-10 01:56:05 #20 type] 
Type domain.Event is not enhanced.

[2023-05-10 01:56:05 #21 type.registry] 
New type java.util.Vector<domain.Question>

[2023-05-10 01:56:05 #22 type] 
Type domain.Message is not enhanced.

[2023-05-10 01:56:05 #23 type] 
Type domain.Movement is not enhanced.

[2023-05-10 01:56:05 #24 type.registry] 
New type domain.Admin

[2023-05-10 01:56:05 #25 type] 
Type domain.Admin is not enhanced.

[2023-05-10 01:56:05 #26 type.registry] 
New type java.util.Vector<java.lang.Object>

------------------------------------------------------------------------------------------------------------------------

[2023-05-10 01:59:07 #1 store] 
Database 'C:\Users\Beñat\Desktop\ws\Bets21\src\main\resources\bets.temp' is opened by 4136@DESKTOP-I34DTQI

[2023-05-10 01:59:07 #2 type.registry] 
New type domain.Quote

[2023-05-10 01:59:07 #3 type] 
Type domain.Quote is not enhanced.

[2023-05-10 01:59:07 #4 type.registry] 
New type domain.Bet

[2023-05-10 01:59:07 #5 type.registry] 
New type java.util.Vector<domain.Bet>

[2023-05-10 01:59:07 #6 type.registry] 
New type domain.Question

[2023-05-10 01:59:07 #7 type] 
Type domain.Bet is not enhanced.

[2023-05-10 01:59:07 #8 type.registry] 
New type domain.User

[2023-05-10 01:59:07 #9 type.registry] 
New type domain.Registered

[2023-05-10 01:59:07 #10 type.registry] 
New type java.util.Vector<domain.Quote>

[2023-05-10 01:59:07 #11 type] 
Type domain.Question is not enhanced.

[2023-05-10 01:59:07 #12 type.registry] 
New type domain.Event

[2023-05-10 01:59:07 #13 type] 
Type domain.User is not enhanced.

[2023-05-10 01:59:07 #14 type.registry] 
New type domain.Message

[2023-05-10 01:59:07 #15 type.registry] 
New type java.util.Vector<domain.Message>

[2023-05-10 01:59:07 #16 type] 
Type domain.Registered is not enhanced.

[2023-05-10 01:59:07 #17 type.registry] 
New type java.util.Vector<domain.Registered>

[2023-05-10 01:59:07 #18 type.registry] 
New type domain.Movement

[2023-05-10 01:59:07 #19 type.registry] 
New type java.util.Vector<domain.Movement>

[2023-05-10 01:59:07 #20 type] 
Type domain.Event is not enhanced.

[2023-05-10 01:59:07 #21 type.registry] 
New type java.util.Vector<domain.Question>

[2023-05-10 01:59:07 #22 type] 
Type domain.Message is not enhanced.

[2023-05-10 01:59:07 #23 type] 
Type domain.Movement is not enhanced.

[2023-05-10 01:59:07 #24 type.registry] 
New type domain.Admin

[2023-05-10 01:59:07 #25 type] 
Type domain.Admin is not enhanced.

[2023-05-10 01:59:07 #26 type.registry] 
New type java.util.Vector<java.lang.Object>

------------------------------------------------------------------------------------------------------------------------

[2023-05-10 02:06:52 #1 store] 
Database 'C:\Users\Beñat\Desktop\ws\Bets21\src\main\resources\bets.temp' is opened by 4000@DESKTOP-I34DTQI

[2023-05-10 02:06:52 #2 type.registry] 
New type domain.Quote

[2023-05-10 02:06:52 #3 type] 
Type domain.Quote is not enhanced.

[2023-05-10 02:06:52 #4 type.registry] 
New type domain.Bet

[2023-05-10 02:06:52 #5 type.registry] 
New type java.util.Vector<domain.Bet>

[2023-05-10 02:06:52 #6 type.registry] 
New type domain.Question

[2023-05-10 02:06:52 #7 type] 
Type domain.Bet is not enhanced.

[2023-05-10 02:06:52 #8 type.registry] 
New type domain.User

[2023-05-10 02:06:52 #9 type.registry] 
New type domain.Registered

[2023-05-10 02:06:52 #10 type.registry] 
New type java.util.Vector<domain.Quote>

[2023-05-10 02:06:52 #11 type] 
Type domain.Question is not enhanced.

[2023-05-10 02:06:52 #12 type.registry] 
New type domain.Event

[2023-05-10 02:06:52 #13 type] 
Type domain.User is not enhanced.

[2023-05-10 02:06:52 #14 type.registry] 
New type domain.Message

[2023-05-10 02:06:52 #15 type.registry] 
New type java.util.Vector<domain.Message>

[2023-05-10 02:06:52 #16 type] 
Type domain.Registered is not enhanced.

[2023-05-10 02:06:52 #17 type.registry] 
New type java.util.Vector<domain.Registered>

[2023-05-10 02:06:52 #18 type.registry] 
New type domain.Movement

[2023-05-10 02:06:52 #19 type.registry] 
New type java.util.Vector<domain.Movement>

[2023-05-10 02:06:52 #20 type] 
Type domain.Event is not enhanced.

[2023-05-10 02:06:52 #21 type.registry] 
New type java.util.Vector<domain.Question>

[2023-05-10 02:06:52 #22 type] 
Type domain.Message is not enhanced.

[2023-05-10 02:06:52 #23 type] 
Type domain.Movement is not enhanced.

[2023-05-10 02:06:52 #24 type.registry] 
New type domain.Admin

[2023-05-10 02:06:52 #25 type] 
Type domain.Admin is not enhanced.

[2023-05-10 02:06:52 #26 type.registry] 
New type java.util.Vector<java.lang.Object>

------------------------------------------------------------------------------------------------------------------------

[2023-05-10 02:06:58 #1 store] 
Database 'C:\Users\Beñat\Desktop\ws\Bets21\src\main\resources\bets.temp' is opened by 10640@DESKTOP-I34DTQI

[2023-05-10 02:06:58 #2 type.registry] 
New type domain.Quote

[2023-05-10 02:06:58 #3 type] 
Type domain.Quote is not enhanced.

[2023-05-10 02:06:58 #4 type.registry] 
New type domain.Bet

[2023-05-10 02:06:58 #5 type.registry] 
New type java.util.Vector<domain.Bet>

[2023-05-10 02:06:58 #6 type.registry] 
New type domain.Question

[2023-05-10 02:06:58 #7 type] 
Type domain.Bet is not enhanced.

[2023-05-10 02:06:58 #8 type.registry] 
New type domain.User

[2023-05-10 02:06:58 #9 type.registry] 
New type domain.Registered

[2023-05-10 02:06:58 #10 type.registry] 
New type java.util.Vector<domain.Quote>

[2023-05-10 02:06:58 #11 type] 
Type domain.Question is not enhanced.

[2023-05-10 02:06:58 #12 type.registry] 
New type domain.Event

[2023-05-10 02:06:58 #13 type] 
Type domain.User is not enhanced.

[2023-05-10 02:06:58 #14 type.registry] 
New type domain.Message

[2023-05-10 02:06:58 #15 type.registry] 
New type java.util.Vector<domain.Message>

[2023-05-10 02:06:58 #16 type] 
Type domain.Registered is not enhanced.

[2023-05-10 02:06:58 #17 type.registry] 
New type java.util.Vector<domain.Registered>

[2023-05-10 02:06:58 #18 type.registry] 
New type domain.Movement

[2023-05-10 02:06:58 #19 type.registry] 
New type java.util.Vector<domain.Movement>

[2023-05-10 02:06:58 #20 type] 
Type domain.Event is not enhanced.

[2023-05-10 02:06:58 #21 type.registry] 
New type java.util.Vector<domain.Question>

[2023-05-10 02:06:58 #22 type] 
Type domain.Message is not enhanced.

[2023-05-10 02:06:58 #23 type] 
Type domain.Movement is not enhanced.

[2023-05-10 02:06:58 #24 type.registry] 
New type domain.Admin

[2023-05-10 02:06:58 #25 type] 
Type domain.Admin is not enhanced.

[2023-05-10 02:06:58 #26 type.registry] 
New type java.util.Vector<java.lang.Object>

[2023-05-10 02:07:13 #27 type.registry] 
New type com.objectdb.o.LMT

[2023-05-10 02:07:13 #28 type.registry] 
New type com.objectdb.o.VAL

[2023-05-10 02:07:13 #29 type.registry] 
New type com.objectdb.o.RFV

------------------------------------------------------------------------------------------------------------------------

[2023-05-10 02:11:06 #1 store] 
Database 'C:\Users\Beñat\Desktop\ws\Bets21\src\main\resources\bets.temp' is opened by 7580@DESKTOP-I34DTQI

[2023-05-10 02:11:07 #2 type.registry] 
New type domain.Quote

[2023-05-10 02:11:07 #3 type] 
Type domain.Quote is not enhanced.

[2023-05-10 02:11:07 #4 type.registry] 
New type domain.Bet

[2023-05-10 02:11:07 #5 type.registry] 
New type java.util.Vector<domain.Bet>

[2023-05-10 02:11:07 #6 type.registry] 
New type domain.Question

[2023-05-10 02:11:07 #7 type] 
Type domain.Bet is not enhanced.

[2023-05-10 02:11:07 #8 type.registry] 
New type domain.User

[2023-05-10 02:11:07 #9 type.registry] 
New type domain.Registered

[2023-05-10 02:11:07 #10 type.registry] 
New type java.util.Vector<domain.Quote>

[2023-05-10 02:11:07 #11 type] 
Type domain.Question is not enhanced.

[2023-05-10 02:11:07 #12 type.registry] 
New type domain.Event

[2023-05-10 02:11:07 #13 type] 
Type domain.User is not enhanced.

[2023-05-10 02:11:07 #14 type.registry] 
New type domain.Message

[2023-05-10 02:11:07 #15 type.registry] 
New type java.util.Vector<domain.Message>

[2023-05-10 02:11:07 #16 type] 
Type domain.Registered is not enhanced.

[2023-05-10 02:11:07 #17 type.registry] 
New type java.util.Vector<domain.Registered>

[2023-05-10 02:11:07 #18 type.registry] 
New type domain.Movement

[2023-05-10 02:11:07 #19 type.registry] 
New type java.util.Vector<domain.Movement>

[2023-05-10 02:11:07 #20 type] 
Type domain.Event is not enhanced.

[2023-05-10 02:11:07 #21 type.registry] 
New type java.util.Vector<domain.Question>

[2023-05-10 02:11:07 #22 type] 
Type domain.Message is not enhanced.

[2023-05-10 02:11:07 #23 type] 
Type domain.Movement is not enhanced.

[2023-05-10 02:11:07 #24 type.registry] 
New type domain.Admin

[2023-05-10 02:11:07 #25 type] 
Type domain.Admin is not enhanced.

[2023-05-10 02:11:07 #26 type.registry] 
New type java.util.Vector<java.lang.Object>

[2023-05-10 02:11:19 #27 type.registry] 
New type com.objectdb.o.LMT

[2023-05-10 02:11:19 #28 type.registry] 
New type com.objectdb.o.VAL

[2023-05-10 02:11:19 #29 type.registry] 
New type com.objectdb.o.RFV

------------------------------------------------------------------------------------------------------------------------

[2023-05-10 02:17:03 #1 store] 
Database 'C:\Users\Beñat\Desktop\ws\Bets21\src\main\resources\bets.temp' is opened by 11420@DESKTOP-I34DTQI

[2023-05-10 02:17:03 #2 type.registry] 
New type domain.Quote

[2023-05-10 02:17:03 #3 type] 
Type domain.Quote is not enhanced.

[2023-05-10 02:17:03 #4 type.registry] 
New type domain.Bet

[2023-05-10 02:17:03 #5 type.registry] 
New type java.util.Vector<domain.Bet>

[2023-05-10 02:17:03 #6 type.registry] 
New type domain.Question

[2023-05-10 02:17:03 #7 type] 
Type domain.Bet is not enhanced.

[2023-05-10 02:17:03 #8 type.registry] 
New type domain.User

[2023-05-10 02:17:03 #9 type.registry] 
New type domain.Registered

[2023-05-10 02:17:03 #10 type.registry] 
New type java.util.Vector<domain.Quote>

[2023-05-10 02:17:03 #11 type] 
Type domain.Question is not enhanced.

[2023-05-10 02:17:03 #12 type.registry] 
New type domain.Event

[2023-05-10 02:17:03 #13 type] 
Type domain.User is not enhanced.

[2023-05-10 02:17:03 #14 type.registry] 
New type domain.Message

[2023-05-10 02:17:03 #15 type.registry] 
New type java.util.Vector<domain.Message>

[2023-05-10 02:17:03 #16 type] 
Type domain.Registered is not enhanced.

[2023-05-10 02:17:03 #17 type.registry] 
New type java.util.Vector<domain.Registered>

[2023-05-10 02:17:03 #18 type.registry] 
New type domain.Movement

[2023-05-10 02:17:03 #19 type.registry] 
New type java.util.Vector<domain.Movement>

[2023-05-10 02:17:03 #20 type] 
Type domain.Event is not enhanced.

[2023-05-10 02:17:03 #21 type.registry] 
New type java.util.Vector<domain.Question>

[2023-05-10 02:17:03 #22 type] 
Type domain.Message is not enhanced.

[2023-05-10 02:17:03 #23 type] 
Type domain.Movement is not enhanced.

[2023-05-10 02:17:03 #24 type.registry] 
New type domain.Admin

[2023-05-10 02:17:03 #25 type] 
Type domain.Admin is not enhanced.

[2023-05-10 02:17:03 #26 type.registry] 
New type java.util.Vector<java.lang.Object>

[2023-05-10 02:17:16 #27 type.registry] 
New type com.objectdb.o.LMT

[2023-05-10 02:17:16 #28 type.registry] 
New type com.objectdb.o.VAL

[2023-05-10 02:17:16 #29 type.registry] 
New type com.objectdb.o.RFV

------------------------------------------------------------------------------------------------------------------------

[2023-05-10 02:18:22 #1 store] 
Database 'C:\Users\Beñat\Desktop\ws\Bets21\src\main\resources\bets.temp' is opened by 11876@DESKTOP-I34DTQI

[2023-05-10 02:18:22 #2 type.registry] 
New type domain.Quote

[2023-05-10 02:18:22 #3 type] 
Type domain.Quote is not enhanced.

[2023-05-10 02:18:22 #4 type.registry] 
New type domain.Bet

[2023-05-10 02:18:23 #5 type.registry] 
New type java.util.Vector<domain.Bet>

[2023-05-10 02:18:23 #6 type.registry] 
New type domain.Question

[2023-05-10 02:18:23 #7 type] 
Type domain.Bet is not enhanced.

[2023-05-10 02:18:23 #8 type.registry] 
New type domain.User

[2023-05-10 02:18:23 #9 type.registry] 
New type domain.Registered

[2023-05-10 02:18:23 #10 type.registry] 
New type java.util.Vector<domain.Quote>

[2023-05-10 02:18:23 #11 type] 
Type domain.Question is not enhanced.

[2023-05-10 02:18:23 #12 type.registry] 
New type domain.Event

[2023-05-10 02:18:23 #13 type] 
Type domain.User is not enhanced.

[2023-05-10 02:18:23 #14 type.registry] 
New type domain.Message

[2023-05-10 02:18:23 #15 type.registry] 
New type java.util.Vector<domain.Message>

[2023-05-10 02:18:23 #16 type] 
Type domain.Registered is not enhanced.

[2023-05-10 02:18:23 #17 type.registry] 
New type java.util.Vector<domain.Registered>

[2023-05-10 02:18:23 #18 type.registry] 
New type domain.Movement

[2023-05-10 02:18:23 #19 type.registry] 
New type java.util.Vector<domain.Movement>

[2023-05-10 02:18:23 #20 type] 
Type domain.Event is not enhanced.

[2023-05-10 02:18:23 #21 type.registry] 
New type java.util.Vector<domain.Question>

[2023-05-10 02:18:23 #22 type] 
Type domain.Message is not enhanced.

[2023-05-10 02:18:23 #23 type] 
Type domain.Movement is not enhanced.

[2023-05-10 02:18:23 #24 type.registry] 
New type domain.Admin

[2023-05-10 02:18:23 #25 type] 
Type domain.Admin is not enhanced.

[2023-05-10 02:18:23 #26 type.registry] 
New type java.util.Vector<java.lang.Object>

[2023-05-10 02:18:34 #27 type.registry] 
New type com.objectdb.o.LMT

[2023-05-10 02:18:34 #28 type.registry] 
New type com.objectdb.o.VAL

[2023-05-10 02:18:34 #29 type.registry] 
New type com.objectdb.o.RFV

------------------------------------------------------------------------------------------------------------------------

[2023-05-10 10:56:35 #1 store] 
Database 'C:\Users\ehu\Desktop\proiektua\workspace\Bets21\src\main\resources\bets.temp' is opened by 7432@U113844

[2023-05-10 10:56:35 #2 type.registry] 
New type domain.Quote

[2023-05-10 10:56:35 #3 type] 
Type domain.Quote is not enhanced.

[2023-05-10 10:56:35 #4 type.registry] 
New type domain.Bet

[2023-05-10 10:56:35 #5 type.registry] 
New type java.util.Vector<domain.Bet>

[2023-05-10 10:56:35 #6 type.registry] 
New type domain.Question

[2023-05-10 10:56:35 #7 type] 
Type domain.Bet is not enhanced.

[2023-05-10 10:56:35 #8 type.registry] 
New type domain.User

[2023-05-10 10:56:35 #9 type.registry] 
New type domain.Registered

[2023-05-10 10:56:35 #10 type.registry] 
New type java.util.Vector<domain.Quote>

[2023-05-10 10:56:35 #11 type] 
Type domain.Question is not enhanced.

[2023-05-10 10:56:35 #12 type.registry] 
New type domain.Event

[2023-05-10 10:56:35 #13 type] 
Type domain.User is not enhanced.

[2023-05-10 10:56:35 #14 type.registry] 
New type domain.Message

[2023-05-10 10:56:35 #15 type.registry] 
New type java.util.Vector<domain.Message>

[2023-05-10 10:56:35 #16 type] 
Type domain.Registered is not enhanced.

[2023-05-10 10:56:35 #17 type.registry] 
New type java.util.Vector<domain.Registered>

[2023-05-10 10:56:35 #18 type.registry] 
New type domain.Movement

[2023-05-10 10:56:35 #19 type.registry] 
New type java.util.Vector<domain.Movement>

[2023-05-10 10:56:35 #20 type] 
Type domain.Event is not enhanced.

[2023-05-10 10:56:35 #21 type.registry] 
New type java.util.Vector<domain.Question>

[2023-05-10 10:56:35 #22 type] 
Type domain.Message is not enhanced.

[2023-05-10 10:56:35 #23 type] 
Type domain.Movement is not enhanced.

[2023-05-10 10:56:35 #24 type.registry] 
New type domain.Admin

[2023-05-10 10:56:35 #25 type] 
Type domain.Admin is not enhanced.

[2023-05-10 10:56:35 #26 type.registry] 
New type java.util.Vector<java.lang.Object>

------------------------------------------------------------------------------------------------------------------------

[2023-05-10 11:47:01 #1 store] 
Database 'C:\Users\ehu\Desktop\proiektua\workspace\Bets21\src\main\resources\bets.temp' has been recovered (tr. 1-8)

[2023-05-10 11:47:01 #2 store] 
Database 'C:\Users\ehu\Desktop\proiektua\workspace\Bets21\src\main\resources\bets.temp' is opened by 17288@U113844

[2023-05-10 11:47:01 #3 type] 
Type domain.Quote is not enhanced.

[2023-05-10 11:47:01 #4 type] 
Type domain.Bet is not enhanced.

[2023-05-10 11:47:01 #5 type] 
Type domain.Question is not enhanced.

[2023-05-10 11:47:01 #6 type] 
Type domain.User is not enhanced.

[2023-05-10 11:47:01 #7 type] 
Type domain.Registered is not enhanced.

[2023-05-10 11:47:01 #8 type] 
Type domain.Event is not enhanced.

[2023-05-10 11:47:01 #9 type] 
Type domain.Message is not enhanced.

[2023-05-10 11:47:01 #10 type] 
Type domain.Movement is not enhanced.

[2023-05-10 11:47:01 #11 type] 
Type domain.Admin is not enhanced.

[2023-05-10 11:47:14 #12 type.registry] 
New type com.objectdb.o.LMT

[2023-05-10 11:47:14 #13 type.registry] 
New type com.objectdb.o.VAL

[2023-05-10 11:47:14 #14 type.registry] 
New type com.objectdb.o.RFV

------------------------------------------------------------------------------------------------------------------------

[2023-05-10 12:33:48 #1 store] 
Database 'C:\Users\ehu\workspaces\eclipse-workspace\Bets21\src\main\resources\bets.temp' has been recovered (tr. 9-10)

[2023-05-10 12:33:48 #2 store] 
Database 'C:\Users\ehu\workspaces\eclipse-workspace\Bets21\src\main\resources\bets.temp' is opened by 10636@U032848

[2023-05-10 12:33:48 #3 type] 
Type domain.Quote is not enhanced.

[2023-05-10 12:33:48 #4 type] 
Type domain.Bet is not enhanced.

[2023-05-10 12:33:48 #5 type] 
Type domain.Question is not enhanced.

[2023-05-10 12:33:48 #6 type] 
Type domain.User is not enhanced.

[2023-05-10 12:33:48 #7 type] 
Type domain.Registered is not enhanced.

[2023-05-10 12:33:48 #8 type] 
Type domain.Event is not enhanced.

[2023-05-10 12:33:48 #9 type] 
Type domain.Message is not enhanced.

[2023-05-10 12:33:48 #10 type] 
Type domain.Movement is not enhanced.

[2023-05-10 12:33:48 #11 type] 
Type domain.Admin is not enhanced.

------------------------------------------------------------------------------------------------------------------------

[2023-05-10 12:35:16 #1 store] 
Database 'C:\Users\ehu\workspaces\eclipse-workspace\Bets21\src\main\resources\bets.temp' is opened by 1140@U032848

[2023-05-10 12:35:16 #2 type] 
Type domain.Quote is not enhanced.

[2023-05-10 12:35:16 #3 type] 
Type domain.Bet is not enhanced.

[2023-05-10 12:35:16 #4 type] 
Type domain.Question is not enhanced.

[2023-05-10 12:35:16 #5 type] 
Type domain.User is not enhanced.

[2023-05-10 12:35:16 #6 type] 
Type domain.Registered is not enhanced.

[2023-05-10 12:35:16 #7 type] 
Type domain.Event is not enhanced.

[2023-05-10 12:35:16 #8 type] 
Type domain.Message is not enhanced.

[2023-05-10 12:35:16 #9 type] 
Type domain.Movement is not enhanced.

[2023-05-10 12:35:16 #10 type] 
Type domain.Admin is not enhanced.

------------------------------------------------------------------------------------------------------------------------

[2023-05-10 12:41:46 #1 store] 
Database 'C:\Users\ehu\workspaces\eclipse-workspace\Bets21\src\main\resources\bets.temp' has been recovered (tr. 11-11)

[2023-05-10 12:41:46 #2 store] 
Database 'C:\Users\ehu\workspaces\eclipse-workspace\Bets21\src\main\resources\bets.temp' is opened by 9528@U032848

[2023-05-10 12:41:46 #3 type] 
Type domain.Quote is not enhanced.

[2023-05-10 12:41:46 #4 type] 
Type domain.Bet is not enhanced.

[2023-05-10 12:41:46 #5 type] 
Type domain.Question is not enhanced.

[2023-05-10 12:41:46 #6 type] 
Type domain.User is not enhanced.

[2023-05-10 12:41:46 #7 type] 
Type domain.Registered is not enhanced.

[2023-05-10 12:41:46 #8 type] 
Type domain.Event is not enhanced.

[2023-05-10 12:41:46 #9 type] 
Type domain.Message is not enhanced.

[2023-05-10 12:41:46 #10 type] 
Type domain.Movement is not enhanced.

[2023-05-10 12:41:46 #11 type] 
Type domain.Admin is not enhanced.

------------------------------------------------------------------------------------------------------------------------

[2023-05-10 12:43:32 #1 store] 
Database 'C:\Users\ehu\workspaces\eclipse-workspace\Bets21\src\main\resources\bets.temp' has been recovered (tr. 12-12)

[2023-05-10 12:43:32 #2 store] 
Database 'C:\Users\ehu\workspaces\eclipse-workspace\Bets21\src\main\resources\bets.temp' is opened by 6016@U032848

[2023-05-10 12:43:32 #3 type] 
Type domain.Quote is not enhanced.

[2023-05-10 12:43:32 #4 type] 
Type domain.Bet is not enhanced.

[2023-05-10 12:43:32 #5 type] 
Type domain.Question is not enhanced.

[2023-05-10 12:43:32 #6 type] 
Type domain.User is not enhanced.

[2023-05-10 12:43:32 #7 type] 
Type domain.Registered is not enhanced.

[2023-05-10 12:43:32 #8 type] 
Type domain.Event is not enhanced.

[2023-05-10 12:43:32 #9 type] 
Type domain.Message is not enhanced.

[2023-05-10 12:43:32 #10 type] 
Type domain.Movement is not enhanced.

[2023-05-10 12:43:32 #11 type] 
Type domain.Admin is not enhanced.

------------------------------------------------------------------------------------------------------------------------

[2023-05-10 12:51:01 #1 store] 
Database 'C:\Users\ehu\workspaces\eclipse-workspace\Bets21\src\main\resources\bets.temp' has been recovered (tr. 13-17)

[2023-05-10 12:51:01 #2 store] 
Database 'C:\Users\ehu\workspaces\eclipse-workspace\Bets21\src\main\resources\bets.temp' is opened by 1352@U032848

[2023-05-10 12:51:01 #3 type] 
Type domain.Quote is not enhanced.

[2023-05-10 12:51:01 #4 type] 
Type domain.Bet is not enhanced.

[2023-05-10 12:51:01 #5 type] 
Type domain.Question is not enhanced.

[2023-05-10 12:51:01 #6 type] 
Type domain.User is not enhanced.

[2023-05-10 12:51:01 #7 type] 
Type domain.Registered is not enhanced.

[2023-05-10 12:51:01 #8 type] 
Type domain.Event is not enhanced.

[2023-05-10 12:51:01 #9 type] 
Type domain.Message is not enhanced.

[2023-05-10 12:51:01 #10 type] 
Type domain.Movement is not enhanced.

[2023-05-10 12:51:01 #11 type] 
Type domain.Admin is not enhanced.

------------------------------------------------------------------------------------------------------------------------

[2023-05-10 13:01:50 #1 store] 
Database 'C:\Users\ehu\workspaces\eclipse-workspace\Bets21\src\main\resources\bets.temp' has been recovered (tr. 18-21)

[2023-05-10 13:01:51 #2 store] 
Database 'C:\Users\ehu\workspaces\eclipse-workspace\Bets21\src\main\resources\bets.temp' is opened by 15036@U032848

[2023-05-10 13:01:51 #3 type] 
Type domain.Quote is not enhanced.

[2023-05-10 13:01:51 #4 type] 
Type domain.Bet is not enhanced.

[2023-05-10 13:01:51 #5 type] 
Type domain.Question is not enhanced.

[2023-05-10 13:01:51 #6 type] 
Type domain.User is not enhanced.

[2023-05-10 13:01:51 #7 type] 
Type domain.Registered is not enhanced.

[2023-05-10 13:01:51 #8 type] 
Type domain.Event is not enhanced.

[2023-05-10 13:01:51 #9 type] 
Type domain.Message is not enhanced.

[2023-05-10 13:01:51 #10 type] 
Type domain.Movement is not enhanced.

[2023-05-10 13:01:51 #11 type] 
Type domain.Admin is not enhanced.

------------------------------------------------------------------------------------------------------------------------

[2023-05-10 13:03:38 #1 store] 
Database 'C:\Users\ehu\workspaces\eclipse-workspace\Bets21\src\main\resources\bets.temp' has been recovered (tr. 22-22)

[2023-05-10 13:03:38 #2 store] 
Database 'C:\Users\ehu\workspaces\eclipse-workspace\Bets21\src\main\resources\bets.temp' is opened by 14872@U032848

[2023-05-10 13:03:38 #3 type] 
Type domain.Quote is not enhanced.

[2023-05-10 13:03:38 #4 type] 
Type domain.Bet is not enhanced.

[2023-05-10 13:03:38 #5 type] 
Type domain.Question is not enhanced.

[2023-05-10 13:03:38 #6 type] 
Type domain.User is not enhanced.

[2023-05-10 13:03:38 #7 type] 
Type domain.Registered is not enhanced.

[2023-05-10 13:03:38 #8 type] 
Type domain.Event is not enhanced.

[2023-05-10 13:03:38 #9 type] 
Type domain.Message is not enhanced.

[2023-05-10 13:03:38 #10 type] 
Type domain.Movement is not enhanced.

[2023-05-10 13:03:38 #11 type] 
Type domain.Admin is not enhanced.

------------------------------------------------------------------------------------------------------------------------

[2023-05-10 13:09:11 #1 store] 
Database 'C:\Users\ehu\workspaces\eclipse-workspace\Bets21\src\main\resources\bets.temp' has been recovered (tr. 23-23)

[2023-05-10 13:09:11 #2 store] 
Database 'C:\Users\ehu\workspaces\eclipse-workspace\Bets21\src\main\resources\bets.temp' is opened by 12720@U032848

[2023-05-10 13:09:11 #3 type] 
Type domain.Quote is not enhanced.

[2023-05-10 13:09:11 #4 type] 
Type domain.Bet is not enhanced.

[2023-05-10 13:09:11 #5 type] 
Type domain.Question is not enhanced.

[2023-05-10 13:09:11 #6 type] 
Type domain.User is not enhanced.

[2023-05-10 13:09:11 #7 type] 
Type domain.Registered is not enhanced.

[2023-05-10 13:09:11 #8 type] 
Type domain.Event is not enhanced.

[2023-05-10 13:09:11 #9 type] 
Type domain.Message is not enhanced.

[2023-05-10 13:09:11 #10 type] 
Type domain.Movement is not enhanced.

[2023-05-10 13:09:11 #11 type] 
Type domain.Admin is not enhanced.

------------------------------------------------------------------------------------------------------------------------

[2023-05-10 13:23:28 #1 store] 
Database 'C:\Users\ehu\workspaces\eclipse-workspace\Bets21\src\main\resources\bets.temp' has been recovered (tr. 24-24)

[2023-05-10 13:23:28 #2 store] 
Database 'C:\Users\ehu\workspaces\eclipse-workspace\Bets21\src\main\resources\bets.temp' is opened by 2716@U032848

[2023-05-10 13:23:29 #3 type] 
Type domain.Quote is not enhanced.

[2023-05-10 13:23:29 #4 type] 
Type domain.Bet is not enhanced.

[2023-05-10 13:23:29 #5 type] 
Type domain.Question is not enhanced.

[2023-05-10 13:23:29 #6 type] 
Type domain.User is not enhanced.

[2023-05-10 13:23:29 #7 type] 
Type domain.Registered is not enhanced.

[2023-05-10 13:23:29 #8 type] 
Type domain.Event is not enhanced.

[2023-05-10 13:23:29 #9 type] 
Type domain.Message is not enhanced.

[2023-05-10 13:23:29 #10 type] 
Type domain.Movement is not enhanced.

[2023-05-10 13:23:29 #11 type] 
Type domain.Admin is not enhanced.

