------------------------------------------------------------------------------------------------------------------------

[2023-04-01 16:19:02 #1 store] 
Database 'C:\Users\ander\eclipse-workspace\Bets21(1)\src\main\resources\bets.temp' is opened by 10168@LAPTOP-KMC7QC4S

[2023-04-01 16:19:03 #2 type] 
Type domain.User is not enhanced.

[2023-04-01 16:19:03 #3 type] 
Type domain.Admin is not enhanced.

[2023-04-01 16:19:03 #4 type] 
Type domain.Question is not enhanced.

[2023-04-01 16:19:03 #5 type] 
Type domain.Quote is not enhanced.

[2023-04-01 16:19:03 #6 type] 
Type domain.Event is not enhanced.

[2023-04-01 16:19:03 #7 type] 
Type domain.Registered is not enhanced.

[2023-04-01 16:19:03 #8 type] 
Type domain.Bet is not enhanced.

[2023-04-01 16:19:03 #9 type] 
Type domain.Movement is not enhanced.

------------------------------------------------------------------------------------------------------------------------

[2023-04-01 16:20:37 #1 store] 
Database 'C:\Users\ander\eclipse-workspace\Bets21(1)\src\main\resources\bets.temp' is opened by 19284@LAPTOP-KMC7QC4S

[2023-04-01 16:20:37 #2 type] 
Type domain.User is not enhanced.

[2023-04-01 16:20:37 #3 type] 
Type domain.Admin is not enhanced.

[2023-04-01 16:20:37 #4 type] 
Type domain.Question is not enhanced.

[2023-04-01 16:20:37 #5 type] 
Type domain.Quote is not enhanced.

[2023-04-01 16:20:37 #6 type] 
Type domain.Event is not enhanced.

[2023-04-01 16:20:37 #7 type] 
Type domain.Registered is not enhanced.

[2023-04-01 16:20:37 #8 type] 
Type domain.Bet is not enhanced.

[2023-04-01 16:20:37 #9 type] 
Type domain.Movement is not enhanced.

------------------------------------------------------------------------------------------------------------------------

[2023-04-01 16:21:19 #1 store] 
Database 'C:\Users\ander\eclipse-workspace\Bets21(1)\src\main\resources\bets.temp' is opened by 1612@LAPTOP-KMC7QC4S

[2023-04-01 16:21:19 #2 type] 
Type domain.User is not enhanced.

[2023-04-01 16:21:19 #3 type] 
Type domain.Admin is not enhanced.

[2023-04-01 16:21:19 #4 type] 
Type domain.Question is not enhanced.

[2023-04-01 16:21:19 #5 type] 
Type domain.Quote is not enhanced.

[2023-04-01 16:21:19 #6 type] 
Type domain.Event is not enhanced.

[2023-04-01 16:21:19 #7 type] 
Type domain.Registered is not enhanced.

[2023-04-01 16:21:19 #8 type] 
Type domain.Bet is not enhanced.

[2023-04-01 16:21:19 #9 type] 
Type domain.Movement is not enhanced.

------------------------------------------------------------------------------------------------------------------------

[2023-04-01 16:53:25 #1 store] 
Database 'C:\Users\ander\eclipse-workspace\Bets21(1)\src\main\resources\bets.temp' is opened by 5528@LAPTOP-KMC7QC4S

[2023-04-01 16:53:25 #2 type.registry] 
New type domain.User

[2023-04-01 16:53:25 #3 type.registry] 
New type domain.Admin

[2023-04-01 16:53:25 #4 type] 
Type domain.User is not enhanced.

[2023-04-01 16:53:25 #5 type] 
Type domain.Admin is not enhanced.

[2023-04-01 16:53:25 #6 type.registry] 
New type domain.Question

[2023-04-01 16:53:25 #7 type] 
Type domain.Question is not enhanced.

[2023-04-01 16:53:25 #8 type.registry] 
New type domain.Quote

[2023-04-01 16:53:25 #9 type.registry] 
New type java.util.Vector<domain.Quote>

[2023-04-01 16:53:25 #10 type.registry] 
New type domain.Event

[2023-04-01 16:53:25 #11 type] 
Type domain.Quote is not enhanced.

[2023-04-01 16:53:25 #12 type.registry] 
New type domain.Bet

[2023-04-01 16:53:25 #13 type.registry] 
New type java.util.Vector<domain.Bet>

[2023-04-01 16:53:25 #14 type] 
Type domain.Event is not enhanced.

[2023-04-01 16:53:25 #15 type.registry] 
New type java.util.Vector<domain.Question>

[2023-04-01 16:53:25 #16 type] 
Type domain.Bet is not enhanced.

[2023-04-01 16:53:25 #17 type.registry] 
New type domain.Registered

[2023-04-01 16:53:25 #18 type] 
Type domain.Registered is not enhanced.

[2023-04-01 16:53:25 #19 type.registry] 
New type domain.Movement

[2023-04-01 16:53:25 #20 type.registry] 
New type java.util.Vector<domain.Movement>

[2023-04-01 16:53:25 #21 type] 
Type domain.Movement is not enhanced.

[2023-04-01 16:53:25 #22 type.registry] 
New type java.util.Vector<java.lang.Object>

------------------------------------------------------------------------------------------------------------------------

[2023-04-01 16:53:38 #1 store] 
Database 'C:\Users\ander\eclipse-workspace\Bets21(1)\src\main\resources\bets.temp' has been recovered (tr. 1-6)

[2023-04-01 16:53:38 #2 store] 
Database 'C:\Users\ander\eclipse-workspace\Bets21(1)\src\main\resources\bets.temp' is opened by 8704@LAPTOP-KMC7QC4S

[2023-04-01 16:53:38 #3 type] 
Type domain.User is not enhanced.

[2023-04-01 16:53:38 #4 type] 
Type domain.Admin is not enhanced.

[2023-04-01 16:53:38 #5 type] 
Type domain.Question is not enhanced.

[2023-04-01 16:53:38 #6 type] 
Type domain.Quote is not enhanced.

[2023-04-01 16:53:38 #7 type] 
Type domain.Event is not enhanced.

[2023-04-01 16:53:38 #8 type] 
Type domain.Bet is not enhanced.

[2023-04-01 16:53:38 #9 type] 
Type domain.Registered is not enhanced.

[2023-04-01 16:53:38 #10 type] 
Type domain.Movement is not enhanced.

------------------------------------------------------------------------------------------------------------------------

[2023-04-01 16:54:25 #1 store] 
Database 'C:\Users\ander\eclipse-workspace\Bets21(1)\src\main\resources\bets.temp' is opened by 10664@LAPTOP-KMC7QC4S

[2023-04-01 16:54:25 #2 type] 
Type domain.User is not enhanced.

[2023-04-01 16:54:25 #3 type] 
Type domain.Admin is not enhanced.

[2023-04-01 16:54:25 #4 type] 
Type domain.Question is not enhanced.

[2023-04-01 16:54:25 #5 type] 
Type domain.Quote is not enhanced.

[2023-04-01 16:54:25 #6 type] 
Type domain.Event is not enhanced.

[2023-04-01 16:54:25 #7 type] 
Type domain.Bet is not enhanced.

[2023-04-01 16:54:25 #8 type] 
Type domain.Registered is not enhanced.

[2023-04-01 16:54:25 #9 type] 
Type domain.Movement is not enhanced.

------------------------------------------------------------------------------------------------------------------------

[2023-04-01 16:58:03 #1 store] 
Database 'C:\Users\ander\eclipse-workspace\Bets21(1)\src\main\resources\bets.temp' is opened by 18888@LAPTOP-KMC7QC4S

[2023-04-01 16:58:03 #2 type] 
Type domain.User is not enhanced.

[2023-04-01 16:58:03 #3 type] 
Type domain.Admin is not enhanced.

[2023-04-01 16:58:03 #4 type] 
Type domain.Question is not enhanced.

[2023-04-01 16:58:03 #5 type] 
Type domain.Quote is not enhanced.

[2023-04-01 16:58:03 #6 type] 
Type domain.Event is not enhanced.

[2023-04-01 16:58:03 #7 type] 
Type domain.Bet is not enhanced.

[2023-04-01 16:58:03 #8 type] 
Type domain.Registered is not enhanced.

[2023-04-01 16:58:03 #9 type] 
Type domain.Movement is not enhanced.

------------------------------------------------------------------------------------------------------------------------

[2023-04-01 16:59:18 #1 store] 
Database 'C:\Users\ander\eclipse-workspace\Bets21(1)\src\main\resources\bets.temp' is opened by 9984@LAPTOP-KMC7QC4S

[2023-04-01 16:59:18 #2 type] 
Type domain.User is not enhanced.

[2023-04-01 16:59:18 #3 type] 
Type domain.Admin is not enhanced.

[2023-04-01 16:59:18 #4 type] 
Type domain.Question is not enhanced.

[2023-04-01 16:59:18 #5 type] 
Type domain.Quote is not enhanced.

[2023-04-01 16:59:18 #6 type] 
Type domain.Event is not enhanced.

[2023-04-01 16:59:18 #7 type] 
Type domain.Bet is not enhanced.

[2023-04-01 16:59:18 #8 type] 
Type domain.Registered is not enhanced.

[2023-04-01 16:59:18 #9 type] 
Type domain.Movement is not enhanced.

------------------------------------------------------------------------------------------------------------------------

[2023-04-01 17:01:51 #1 store] 
Database 'C:\Users\ander\eclipse-workspace\Bets21(1)\src\main\resources\bets.temp' is opened by 14356@LAPTOP-KMC7QC4S

[2023-04-01 17:01:51 #2 type] 
Type domain.User is not enhanced.

[2023-04-01 17:01:51 #3 type] 
Type domain.Admin is not enhanced.

[2023-04-01 17:01:51 #4 type] 
Type domain.Question is not enhanced.

[2023-04-01 17:01:51 #5 type] 
Type domain.Quote is not enhanced.

[2023-04-01 17:01:51 #6 type] 
Type domain.Event is not enhanced.

[2023-04-01 17:01:51 #7 type] 
Type domain.Bet is not enhanced.

[2023-04-01 17:01:51 #8 type] 
Type domain.Registered is not enhanced.

[2023-04-01 17:01:51 #9 type] 
Type domain.Movement is not enhanced.

------------------------------------------------------------------------------------------------------------------------

[2023-04-01 17:02:26 #1 store] 
Database 'C:\Users\ander\eclipse-workspace\Bets21(1)\src\main\resources\bets.temp' has been recovered (tr. 14-14)

[2023-04-01 17:02:26 #2 store] 
Database 'C:\Users\ander\eclipse-workspace\Bets21(1)\src\main\resources\bets.temp' is opened by 14692@LAPTOP-KMC7QC4S

[2023-04-01 17:02:26 #3 type] 
Type domain.User is not enhanced.

[2023-04-01 17:02:26 #4 type] 
Type domain.Admin is not enhanced.

[2023-04-01 17:02:26 #5 type] 
Type domain.Question is not enhanced.

[2023-04-01 17:02:26 #6 type] 
Type domain.Quote is not enhanced.

[2023-04-01 17:02:26 #7 type] 
Type domain.Event is not enhanced.

[2023-04-01 17:02:26 #8 type] 
Type domain.Bet is not enhanced.

[2023-04-01 17:02:26 #9 type] 
Type domain.Registered is not enhanced.

[2023-04-01 17:02:26 #10 type] 
Type domain.Movement is not enhanced.

------------------------------------------------------------------------------------------------------------------------

[2023-04-01 17:06:32 #1 store] 
Database 'C:\Users\ander\eclipse-workspace\Bets21(1)\src\main\resources\bets.temp' is opened by 2096@LAPTOP-KMC7QC4S

[2023-04-01 17:06:32 #2 type] 
Type domain.User is not enhanced.

[2023-04-01 17:06:32 #3 type] 
Type domain.Admin is not enhanced.

[2023-04-01 17:06:32 #4 type] 
Type domain.Question is not enhanced.

[2023-04-01 17:06:32 #5 type] 
Type domain.Quote is not enhanced.

[2023-04-01 17:06:32 #6 type] 
Type domain.Event is not enhanced.

[2023-04-01 17:06:32 #7 type] 
Type domain.Bet is not enhanced.

[2023-04-01 17:06:32 #8 type] 
Type domain.Registered is not enhanced.

[2023-04-01 17:06:32 #9 type] 
Type domain.Movement is not enhanced.

------------------------------------------------------------------------------------------------------------------------

[2023-04-01 17:28:31 #1 store] 
Database 'C:\Users\ander\eclipse-workspace\Bets21(1)\src\main\resources\bets.temp' is opened by 17372@LAPTOP-KMC7QC4S

[2023-04-01 17:28:31 #2 type] 
Type domain.User is not enhanced.

[2023-04-01 17:28:31 #3 type] 
Type domain.Admin is not enhanced.

[2023-04-01 17:28:31 #4 type] 
Type domain.Question is not enhanced.

[2023-04-01 17:28:31 #5 type] 
Type domain.Quote is not enhanced.

[2023-04-01 17:28:31 #6 type] 
Type domain.Event is not enhanced.

[2023-04-01 17:28:31 #7 type] 
Type domain.Bet is not enhanced.

[2023-04-01 17:28:31 #8 type] 
Type domain.Registered is not enhanced.

[2023-04-01 17:28:31 #9 type] 
Type domain.Movement is not enhanced.

------------------------------------------------------------------------------------------------------------------------

[2023-04-01 17:29:49 #1 store] 
Database 'C:\Users\ander\eclipse-workspace\Bets21(1)\src\main\resources\bets.temp' is opened by 16564@LAPTOP-KMC7QC4S

[2023-04-01 17:29:49 #2 type] 
Type domain.User is not enhanced.

[2023-04-01 17:29:49 #3 type] 
Type domain.Admin is not enhanced.

[2023-04-01 17:29:49 #4 type] 
Type domain.Question is not enhanced.

[2023-04-01 17:29:49 #5 type] 
Type domain.Quote is not enhanced.

[2023-04-01 17:29:49 #6 type] 
Type domain.Event is not enhanced.

[2023-04-01 17:29:49 #7 type] 
Type domain.Bet is not enhanced.

[2023-04-01 17:29:49 #8 type] 
Type domain.Registered is not enhanced.

[2023-04-01 17:29:49 #9 type] 
Type domain.Movement is not enhanced.

------------------------------------------------------------------------------------------------------------------------

[2023-04-01 17:57:59 #1 store] 
Database 'C:\Users\ander\eclipse-workspace\Bets21\src\main\resources\bets.temp' is opened by 15548@LAPTOP-KMC7QC4S

[2023-04-01 17:57:59 #2 type] 
Type domain.User is not enhanced.

[2023-04-01 17:57:59 #3 type] 
Type domain.Admin is not enhanced.

[2023-04-01 17:57:59 #4 type] 
Type domain.Question is not enhanced.

[2023-04-01 17:57:59 #5 type] 
Type domain.Quote is not enhanced.

[2023-04-01 17:57:59 #6 type] 
Type domain.Event is not enhanced.

[2023-04-01 17:57:59 #7 type] 
Type domain.Bet is not enhanced.

[2023-04-01 17:57:59 #8 type] 
Type domain.Registered is not enhanced.

[2023-04-01 17:57:59 #9 type] 
Type domain.Movement is not enhanced.

------------------------------------------------------------------------------------------------------------------------

[2023-04-01 18:32:01 #1 store] 
Database 'C:\Users\ander\eclipse-workspace\Bets21(2)\src\main\resources\bets.temp' is opened by 6352@LAPTOP-KMC7QC4S

[2023-04-01 18:32:01 #2 type] 
Type domain.User is not enhanced.

[2023-04-01 18:32:01 #3 type] 
Type domain.Admin is not enhanced.

[2023-04-01 18:32:01 #4 type] 
Type domain.Question is not enhanced.

[2023-04-01 18:32:01 #5 type] 
Type domain.Quote is not enhanced.

[2023-04-01 18:32:01 #6 type] 
Type domain.Event is not enhanced.

[2023-04-01 18:32:01 #7 type] 
Type domain.Bet is not enhanced.

[2023-04-01 18:32:01 #8 type] 
Type domain.Registered is not enhanced.

[2023-04-01 18:32:01 #9 type] 
Type domain.Movement is not enhanced.

------------------------------------------------------------------------------------------------------------------------

[2023-04-01 18:32:53 #1 store] 
Database 'C:\Users\ander\eclipse-workspace\Bets21(2)\src\main\resources\bets.temp' is opened by 15864@LAPTOP-KMC7QC4S

[2023-04-01 18:32:53 #2 type] 
Type domain.User is not enhanced.

[2023-04-01 18:32:53 #3 type] 
Type domain.Admin is not enhanced.

[2023-04-01 18:32:53 #4 type] 
Type domain.Question is not enhanced.

[2023-04-01 18:32:53 #5 type] 
Type domain.Quote is not enhanced.

[2023-04-01 18:32:53 #6 type] 
Type domain.Event is not enhanced.

[2023-04-01 18:32:53 #7 type] 
Type domain.Bet is not enhanced.

[2023-04-01 18:32:53 #8 type] 
Type domain.Registered is not enhanced.

[2023-04-01 18:32:53 #9 type] 
Type domain.Movement is not enhanced.

------------------------------------------------------------------------------------------------------------------------

[2023-04-01 18:36:16 #1 store] 
Database 'C:\Users\ander\eclipse-workspace\Bets21(2)\src\main\resources\bets.temp' is opened by 2848@LAPTOP-KMC7QC4S

[2023-04-01 18:36:17 #2 type] 
Type domain.User is not enhanced.

[2023-04-01 18:36:17 #3 type] 
Type domain.Admin is not enhanced.

[2023-04-01 18:36:17 #4 type] 
Type domain.Question is not enhanced.

[2023-04-01 18:36:17 #5 type] 
Type domain.Quote is not enhanced.

[2023-04-01 18:36:17 #6 type] 
Type domain.Event is not enhanced.

[2023-04-01 18:36:17 #7 type] 
Type domain.Bet is not enhanced.

[2023-04-01 18:36:17 #8 type] 
Type domain.Registered is not enhanced.

[2023-04-01 18:36:17 #9 type] 
Type domain.Movement is not enhanced.

------------------------------------------------------------------------------------------------------------------------

[2023-04-01 18:38:19 #1 store] 
Database 'C:\Users\ander\eclipse-workspace\Bets21(2)\src\main\resources\bets.temp' is opened by 4592@LAPTOP-KMC7QC4S

[2023-04-01 18:38:19 #2 type] 
Type domain.User is not enhanced.

[2023-04-01 18:38:19 #3 type] 
Type domain.Admin is not enhanced.

[2023-04-01 18:38:19 #4 type] 
Type domain.Question is not enhanced.

[2023-04-01 18:38:19 #5 type] 
Type domain.Quote is not enhanced.

[2023-04-01 18:38:19 #6 type] 
Type domain.Event is not enhanced.

[2023-04-01 18:38:19 #7 type] 
Type domain.Bet is not enhanced.

[2023-04-01 18:38:19 #8 type] 
Type domain.Registered is not enhanced.

[2023-04-01 18:38:19 #9 type] 
Type domain.Movement is not enhanced.

------------------------------------------------------------------------------------------------------------------------

[2023-04-01 18:39:32 #1 store] 
Database 'C:\Users\ander\eclipse-workspace\Bets21(2)\src\main\resources\bets.temp' is opened by 12900@LAPTOP-KMC7QC4S

[2023-04-01 18:39:32 #2 type] 
Type domain.User is not enhanced.

[2023-04-01 18:39:32 #3 type] 
Type domain.Admin is not enhanced.

[2023-04-01 18:39:32 #4 type] 
Type domain.Question is not enhanced.

[2023-04-01 18:39:32 #5 type] 
Type domain.Quote is not enhanced.

[2023-04-01 18:39:32 #6 type] 
Type domain.Event is not enhanced.

[2023-04-01 18:39:32 #7 type] 
Type domain.Bet is not enhanced.

[2023-04-01 18:39:32 #8 type] 
Type domain.Registered is not enhanced.

[2023-04-01 18:39:32 #9 type] 
Type domain.Movement is not enhanced.

------------------------------------------------------------------------------------------------------------------------

[2023-04-01 18:40:43 #1 store] 
Database 'C:\Users\ander\eclipse-workspace\Bets21(2)\src\main\resources\bets.temp' is opened by 1008@LAPTOP-KMC7QC4S

[2023-04-01 18:40:43 #2 type] 
Type domain.User is not enhanced.

[2023-04-01 18:40:43 #3 type] 
Type domain.Admin is not enhanced.

[2023-04-01 18:40:43 #4 type] 
Type domain.Question is not enhanced.

[2023-04-01 18:40:43 #5 type] 
Type domain.Quote is not enhanced.

[2023-04-01 18:40:43 #6 type] 
Type domain.Event is not enhanced.

[2023-04-01 18:40:43 #7 type] 
Type domain.Bet is not enhanced.

[2023-04-01 18:40:43 #8 type] 
Type domain.Registered is not enhanced.

[2023-04-01 18:40:43 #9 type] 
Type domain.Movement is not enhanced.

------------------------------------------------------------------------------------------------------------------------

[2023-04-01 18:41:42 #1 store] 
Database 'C:\Users\ander\eclipse-workspace\Bets21(2)\src\main\resources\bets.temp' has been recovered (tr. 19-19)

[2023-04-01 18:41:42 #2 store] 
Database 'C:\Users\ander\eclipse-workspace\Bets21(2)\src\main\resources\bets.temp' is opened by 12804@LAPTOP-KMC7QC4S

[2023-04-01 18:41:42 #3 type] 
Type domain.User is not enhanced.

[2023-04-01 18:41:42 #4 type] 
Type domain.Admin is not enhanced.

[2023-04-01 18:41:43 #5 type] 
Type domain.Question is not enhanced.

[2023-04-01 18:41:43 #6 type] 
Type domain.Quote is not enhanced.

[2023-04-01 18:41:43 #7 type] 
Type domain.Event is not enhanced.

[2023-04-01 18:41:43 #8 type] 
Type domain.Bet is not enhanced.

[2023-04-01 18:41:43 #9 type] 
Type domain.Registered is not enhanced.

[2023-04-01 18:41:43 #10 type] 
Type domain.Movement is not enhanced.

------------------------------------------------------------------------------------------------------------------------

[2023-04-01 18:42:01 #1 store] 
Database 'C:\Users\ander\eclipse-workspace\Bets21(2)\src\main\resources\bets.temp' is opened by 3008@LAPTOP-KMC7QC4S

[2023-04-01 18:42:02 #2 type] 
Type domain.User is not enhanced.

[2023-04-01 18:42:02 #3 type] 
Type domain.Admin is not enhanced.

[2023-04-01 18:42:02 #4 type] 
Type domain.Question is not enhanced.

[2023-04-01 18:42:02 #5 type] 
Type domain.Quote is not enhanced.

[2023-04-01 18:42:02 #6 type] 
Type domain.Event is not enhanced.

[2023-04-01 18:42:02 #7 type] 
Type domain.Bet is not enhanced.

[2023-04-01 18:42:02 #8 type] 
Type domain.Registered is not enhanced.

[2023-04-01 18:42:02 #9 type] 
Type domain.Movement is not enhanced.

------------------------------------------------------------------------------------------------------------------------

[2023-04-01 18:43:32 #1 store] 
Database 'C:\Users\ander\eclipse-workspace\Bets21(2)\src\main\resources\bets.temp' is opened by 7324@LAPTOP-KMC7QC4S

[2023-04-01 18:43:32 #2 type] 
Type domain.User is not enhanced.

[2023-04-01 18:43:32 #3 type] 
Type domain.Admin is not enhanced.

[2023-04-01 18:43:32 #4 type] 
Type domain.Question is not enhanced.

[2023-04-01 18:43:32 #5 type] 
Type domain.Quote is not enhanced.

[2023-04-01 18:43:32 #6 type] 
Type domain.Event is not enhanced.

[2023-04-01 18:43:32 #7 type] 
Type domain.Bet is not enhanced.

[2023-04-01 18:43:32 #8 type] 
Type domain.Registered is not enhanced.

[2023-04-01 18:43:32 #9 type] 
Type domain.Movement is not enhanced.

------------------------------------------------------------------------------------------------------------------------

[2023-04-01 18:44:29 #1 store] 
Database 'C:\Users\ander\eclipse-workspace\Bets21(2)\src\main\resources\bets.temp' is opened by 2040@LAPTOP-KMC7QC4S

[2023-04-01 18:44:29 #2 type] 
Type domain.User is not enhanced.

[2023-04-01 18:44:29 #3 type] 
Type domain.Admin is not enhanced.

[2023-04-01 18:44:29 #4 type] 
Type domain.Question is not enhanced.

[2023-04-01 18:44:29 #5 type] 
Type domain.Quote is not enhanced.

[2023-04-01 18:44:29 #6 type] 
Type domain.Event is not enhanced.

[2023-04-01 18:44:29 #7 type] 
Type domain.Bet is not enhanced.

[2023-04-01 18:44:29 #8 type] 
Type domain.Registered is not enhanced.

[2023-04-01 18:44:29 #9 type] 
Type domain.Movement is not enhanced.

------------------------------------------------------------------------------------------------------------------------

[2023-04-01 18:45:54 #1 store] 
Database 'C:\Users\ander\eclipse-workspace\Bets21(2)\src\main\resources\bets.temp' is opened by 18860@LAPTOP-KMC7QC4S

[2023-04-01 18:45:54 #2 type] 
Type domain.User is not enhanced.

[2023-04-01 18:45:54 #3 type] 
Type domain.Admin is not enhanced.

[2023-04-01 18:45:54 #4 type] 
Type domain.Question is not enhanced.

[2023-04-01 18:45:54 #5 type] 
Type domain.Quote is not enhanced.

[2023-04-01 18:45:54 #6 type] 
Type domain.Event is not enhanced.

[2023-04-01 18:45:54 #7 type] 
Type domain.Bet is not enhanced.

[2023-04-01 18:45:54 #8 type] 
Type domain.Registered is not enhanced.

[2023-04-01 18:45:54 #9 type] 
Type domain.Movement is not enhanced.

------------------------------------------------------------------------------------------------------------------------

[2023-04-01 18:49:38 #1 store] 
Database 'C:\Users\ander\eclipse-workspace\Bets21(2)\src\main\resources\bets.temp' is opened by 1360@LAPTOP-KMC7QC4S

[2023-04-01 18:49:38 #2 type] 
Type domain.User is not enhanced.

[2023-04-01 18:49:38 #3 type] 
Type domain.Admin is not enhanced.

[2023-04-01 18:49:38 #4 type] 
Type domain.Question is not enhanced.

[2023-04-01 18:49:38 #5 type] 
Type domain.Quote is not enhanced.

[2023-04-01 18:49:38 #6 type] 
Type domain.Event is not enhanced.

[2023-04-01 18:49:38 #7 type] 
Type domain.Bet is not enhanced.

[2023-04-01 18:49:38 #8 type] 
Type domain.Registered is not enhanced.

[2023-04-01 18:49:38 #9 type] 
Type domain.Movement is not enhanced.

------------------------------------------------------------------------------------------------------------------------

[2023-04-01 18:50:49 #1 store] 
Database 'C:\Users\ander\eclipse-workspace\Bets21(2)\src\main\resources\bets.temp' is opened by 5188@LAPTOP-KMC7QC4S

[2023-04-01 18:50:49 #2 type] 
Type domain.User is not enhanced.

[2023-04-01 18:50:49 #3 type] 
Type domain.Admin is not enhanced.

[2023-04-01 18:50:49 #4 type] 
Type domain.Question is not enhanced.

[2023-04-01 18:50:49 #5 type] 
Type domain.Quote is not enhanced.

[2023-04-01 18:50:49 #6 type] 
Type domain.Event is not enhanced.

[2023-04-01 18:50:49 #7 type] 
Type domain.Bet is not enhanced.

[2023-04-01 18:50:49 #8 type] 
Type domain.Registered is not enhanced.

[2023-04-01 18:50:49 #9 type] 
Type domain.Movement is not enhanced.

------------------------------------------------------------------------------------------------------------------------

[2023-04-01 18:51:56 #1 store] 
Database 'C:\Users\ander\eclipse-workspace\Bets21(2)\src\main\resources\bets.temp' is opened by 1544@LAPTOP-KMC7QC4S

[2023-04-01 18:51:56 #2 type] 
Type domain.User is not enhanced.

[2023-04-01 18:51:56 #3 type] 
Type domain.Admin is not enhanced.

[2023-04-01 18:51:56 #4 type] 
Type domain.Question is not enhanced.

[2023-04-01 18:51:56 #5 type] 
Type domain.Quote is not enhanced.

[2023-04-01 18:51:56 #6 type] 
Type domain.Event is not enhanced.

[2023-04-01 18:51:56 #7 type] 
Type domain.Bet is not enhanced.

[2023-04-01 18:51:56 #8 type] 
Type domain.Registered is not enhanced.

[2023-04-01 18:51:56 #9 type] 
Type domain.Movement is not enhanced.

------------------------------------------------------------------------------------------------------------------------

[2023-04-01 19:02:15 #1 store] 
Database 'C:\Users\ander\eclipse-workspace\Bets21(2)\src\main\resources\bets.temp' has been recovered (tr. 20-20)

[2023-04-01 19:02:15 #2 store] 
Database 'C:\Users\ander\eclipse-workspace\Bets21(2)\src\main\resources\bets.temp' is opened by 18184@LAPTOP-KMC7QC4S

[2023-04-01 19:02:16 #3 type] 
Type domain.User is not enhanced.

[2023-04-01 19:02:16 #4 type] 
Type domain.Admin is not enhanced.

[2023-04-01 19:02:16 #5 type] 
Type domain.Question is not enhanced.

[2023-04-01 19:02:16 #6 type] 
Type domain.Quote is not enhanced.

[2023-04-01 19:02:16 #7 type] 
Type domain.Event is not enhanced.

[2023-04-01 19:02:16 #8 type] 
Type domain.Bet is not enhanced.

[2023-04-01 19:02:16 #9 type] 
Type domain.Registered is not enhanced.

[2023-04-01 19:02:16 #10 type] 
Type domain.Movement is not enhanced.

------------------------------------------------------------------------------------------------------------------------

[2023-04-01 19:03:51 #1 store] 
Database 'C:\Users\ander\eclipse-workspace\Bets21(2)\src\main\resources\bets.temp' has been recovered (tr. 21-21)

[2023-04-01 19:03:51 #2 store] 
Database 'C:\Users\ander\eclipse-workspace\Bets21(2)\src\main\resources\bets.temp' is opened by 19816@LAPTOP-KMC7QC4S

[2023-04-01 19:03:51 #3 type] 
Type domain.User is not enhanced.

[2023-04-01 19:03:51 #4 type] 
Type domain.Admin is not enhanced.

[2023-04-01 19:03:51 #5 type] 
Type domain.Question is not enhanced.

[2023-04-01 19:03:51 #6 type] 
Type domain.Quote is not enhanced.

[2023-04-01 19:03:51 #7 type] 
Type domain.Event is not enhanced.

[2023-04-01 19:03:51 #8 type] 
Type domain.Bet is not enhanced.

[2023-04-01 19:03:51 #9 type] 
Type domain.Registered is not enhanced.

[2023-04-01 19:03:51 #10 type] 
Type domain.Movement is not enhanced.

------------------------------------------------------------------------------------------------------------------------

[2023-04-01 19:06:21 #1 store] 
Database 'C:\Users\ander\eclipse-workspace\Bets21(2)\src\main\resources\bets.temp' has been recovered (tr. 22-24)

[2023-04-01 19:06:21 #2 store] 
Database 'C:\Users\ander\eclipse-workspace\Bets21(2)\src\main\resources\bets.temp' is opened by 1860@LAPTOP-KMC7QC4S

[2023-04-01 19:06:21 #3 type] 
Type domain.User is not enhanced.

[2023-04-01 19:06:21 #4 type] 
Type domain.Admin is not enhanced.

[2023-04-01 19:06:21 #5 type] 
Type domain.Question is not enhanced.

[2023-04-01 19:06:21 #6 type] 
Type domain.Quote is not enhanced.

[2023-04-01 19:06:21 #7 type] 
Type domain.Event is not enhanced.

[2023-04-01 19:06:21 #8 type] 
Type domain.Bet is not enhanced.

[2023-04-01 19:06:21 #9 type] 
Type domain.Registered is not enhanced.

[2023-04-01 19:06:21 #10 type] 
Type domain.Movement is not enhanced.

------------------------------------------------------------------------------------------------------------------------

[2023-04-01 19:07:02 #1 store] 
Database 'C:\Users\ander\eclipse-workspace\Bets21(2)\src\main\resources\bets.temp' has been recovered (tr. 25-25)

[2023-04-01 19:07:02 #2 store] 
Database 'C:\Users\ander\eclipse-workspace\Bets21(2)\src\main\resources\bets.temp' is opened by 12172@LAPTOP-KMC7QC4S

[2023-04-01 19:07:02 #3 type] 
Type domain.User is not enhanced.

[2023-04-01 19:07:02 #4 type] 
Type domain.Admin is not enhanced.

[2023-04-01 19:07:02 #5 type] 
Type domain.Question is not enhanced.

[2023-04-01 19:07:02 #6 type] 
Type domain.Quote is not enhanced.

[2023-04-01 19:07:02 #7 type] 
Type domain.Event is not enhanced.

[2023-04-01 19:07:02 #8 type] 
Type domain.Bet is not enhanced.

[2023-04-01 19:07:02 #9 type] 
Type domain.Registered is not enhanced.

[2023-04-01 19:07:02 #10 type] 
Type domain.Movement is not enhanced.

------------------------------------------------------------------------------------------------------------------------

[2023-04-01 19:08:04 #1 store] 
Database 'C:\Users\ander\eclipse-workspace\Bets21(2)\src\main\resources\bets.temp' has been recovered (tr. 26-26)

[2023-04-01 19:08:04 #2 store] 
Database 'C:\Users\ander\eclipse-workspace\Bets21(2)\src\main\resources\bets.temp' is opened by 12072@LAPTOP-KMC7QC4S

[2023-04-01 19:08:04 #3 type] 
Type domain.User is not enhanced.

[2023-04-01 19:08:04 #4 type] 
Type domain.Admin is not enhanced.

[2023-04-01 19:08:04 #5 type] 
Type domain.Question is not enhanced.

[2023-04-01 19:08:04 #6 type] 
Type domain.Quote is not enhanced.

[2023-04-01 19:08:04 #7 type] 
Type domain.Event is not enhanced.

[2023-04-01 19:08:04 #8 type] 
Type domain.Bet is not enhanced.

[2023-04-01 19:08:04 #9 type] 
Type domain.Registered is not enhanced.

[2023-04-01 19:08:04 #10 type] 
Type domain.Movement is not enhanced.

------------------------------------------------------------------------------------------------------------------------

[2023-04-01 19:10:54 #1 store] 
Database 'C:\Users\ander\eclipse-workspace\Bets21(2)\src\main\resources\bets.temp' has been recovered (tr. 27-27)

[2023-04-01 19:10:54 #2 store] 
Database 'C:\Users\ander\eclipse-workspace\Bets21(2)\src\main\resources\bets.temp' is opened by 19488@LAPTOP-KMC7QC4S

[2023-04-01 19:10:54 #3 type] 
Type domain.User is not enhanced.

[2023-04-01 19:10:54 #4 type] 
Type domain.Admin is not enhanced.

[2023-04-01 19:10:54 #5 type] 
Type domain.Question is not enhanced.

[2023-04-01 19:10:54 #6 type] 
Type domain.Quote is not enhanced.

[2023-04-01 19:10:54 #7 type] 
Type domain.Event is not enhanced.

[2023-04-01 19:10:54 #8 type] 
Type domain.Bet is not enhanced.

[2023-04-01 19:10:54 #9 type] 
Type domain.Registered is not enhanced.

[2023-04-01 19:10:54 #10 type] 
Type domain.Movement is not enhanced.

------------------------------------------------------------------------------------------------------------------------

[2023-04-01 19:12:53 #1 store] 
Database 'C:\Users\ander\eclipse-workspace\Bets21(2)\src\main\resources\bets.temp' is opened by 12436@LAPTOP-KMC7QC4S

[2023-04-01 19:12:53 #2 type] 
Type domain.User is not enhanced.

[2023-04-01 19:12:53 #3 type] 
Type domain.Admin is not enhanced.

[2023-04-01 19:12:53 #4 type] 
Type domain.Question is not enhanced.

[2023-04-01 19:12:53 #5 type] 
Type domain.Quote is not enhanced.

[2023-04-01 19:12:53 #6 type] 
Type domain.Event is not enhanced.

[2023-04-01 19:12:53 #7 type] 
Type domain.Bet is not enhanced.

[2023-04-01 19:12:53 #8 type] 
Type domain.Registered is not enhanced.

[2023-04-01 19:12:53 #9 type] 
Type domain.Movement is not enhanced.

------------------------------------------------------------------------------------------------------------------------

[2023-04-01 19:38:51 #1 store] 
Database 'C:\Users\ander\eclipse-workspace\Bets21(2)\src\main\resources\bets.temp' is opened by 4920@LAPTOP-KMC7QC4S

[2023-04-01 19:38:51 #2 type] 
Type domain.User is not enhanced.

[2023-04-01 19:38:51 #3 type] 
Type domain.Admin is not enhanced.

[2023-04-01 19:38:51 #4 type] 
Type domain.Question is not enhanced.

[2023-04-01 19:38:51 #5 type] 
Type domain.Quote is not enhanced.

[2023-04-01 19:38:51 #6 type] 
Type domain.Event is not enhanced.

[2023-04-01 19:38:51 #7 type] 
Type domain.Bet is not enhanced.

[2023-04-01 19:38:51 #8 type] 
Type domain.Registered is not enhanced.

[2023-04-01 19:38:51 #9 type] 
Type domain.Movement is not enhanced.

------------------------------------------------------------------------------------------------------------------------

[2023-04-01 19:39:48 #1 store] 
Database 'C:\Users\ander\eclipse-workspace\Bets21(2)\src\main\resources\bets.temp' is opened by 3876@LAPTOP-KMC7QC4S

[2023-04-01 19:39:48 #2 type] 
Type domain.User is not enhanced.

[2023-04-01 19:39:48 #3 type] 
Type domain.Admin is not enhanced.

[2023-04-01 19:39:48 #4 type] 
Type domain.Question is not enhanced.

[2023-04-01 19:39:48 #5 type] 
Type domain.Quote is not enhanced.

[2023-04-01 19:39:48 #6 type] 
Type domain.Event is not enhanced.

[2023-04-01 19:39:48 #7 type] 
Type domain.Bet is not enhanced.

[2023-04-01 19:39:48 #8 type] 
Type domain.Registered is not enhanced.

[2023-04-01 19:39:48 #9 type] 
Type domain.Movement is not enhanced.

------------------------------------------------------------------------------------------------------------------------

[2023-04-01 19:41:06 #1 store] 
Database 'C:\Users\ander\eclipse-workspace\Bets21(2)\src\main\resources\bets.temp' is opened by 9808@LAPTOP-KMC7QC4S

[2023-04-01 19:41:06 #2 type] 
Type domain.User is not enhanced.

[2023-04-01 19:41:06 #3 type] 
Type domain.Admin is not enhanced.

[2023-04-01 19:41:06 #4 type] 
Type domain.Question is not enhanced.

[2023-04-01 19:41:06 #5 type] 
Type domain.Quote is not enhanced.

[2023-04-01 19:41:06 #6 type] 
Type domain.Event is not enhanced.

[2023-04-01 19:41:06 #7 type] 
Type domain.Bet is not enhanced.

[2023-04-01 19:41:06 #8 type] 
Type domain.Registered is not enhanced.

[2023-04-01 19:41:06 #9 type] 
Type domain.Movement is not enhanced.

------------------------------------------------------------------------------------------------------------------------

[2023-04-01 19:53:05 #1 store] 
Database 'C:\Users\ander\eclipse-workspace\Bets21(2)\src\main\resources\bets.temp' is opened by 9172@LAPTOP-KMC7QC4S

[2023-04-01 19:53:05 #2 type] 
Type domain.User is not enhanced.

[2023-04-01 19:53:05 #3 type] 
Type domain.Admin is not enhanced.

[2023-04-01 19:53:05 #4 type] 
Type domain.Question is not enhanced.

[2023-04-01 19:53:05 #5 type] 
Type domain.Quote is not enhanced.

[2023-04-01 19:53:05 #6 type] 
Type domain.Event is not enhanced.

[2023-04-01 19:53:05 #7 type] 
Type domain.Bet is not enhanced.

[2023-04-01 19:53:05 #8 type] 
Type domain.Registered is not enhanced.

[2023-04-01 19:53:05 #9 type] 
Type domain.Movement is not enhanced.

------------------------------------------------------------------------------------------------------------------------

[2023-04-01 19:56:25 #1 store] 
Database 'C:\Users\ander\eclipse-workspace\Bets21(2)\src\main\resources\bets.temp' is opened by 14776@LAPTOP-KMC7QC4S

[2023-04-01 19:56:26 #2 type] 
Type domain.User is not enhanced.

[2023-04-01 19:56:26 #3 type] 
Type domain.Admin is not enhanced.

[2023-04-01 19:56:26 #4 type] 
Type domain.Question is not enhanced.

[2023-04-01 19:56:26 #5 type] 
Type domain.Quote is not enhanced.

[2023-04-01 19:56:26 #6 type] 
Type domain.Event is not enhanced.

[2023-04-01 19:56:26 #7 type] 
Type domain.Bet is not enhanced.

[2023-04-01 19:56:26 #8 type] 
Type domain.Registered is not enhanced.

[2023-04-01 19:56:26 #9 type] 
Type domain.Movement is not enhanced.

------------------------------------------------------------------------------------------------------------------------

[2023-04-01 19:57:40 #1 store] 
Database 'C:\Users\ander\eclipse-workspace\Bets21(2)\src\main\resources\bets.temp' is opened by 15516@LAPTOP-KMC7QC4S

[2023-04-01 19:57:41 #2 type] 
Type domain.User is not enhanced.

[2023-04-01 19:57:41 #3 type] 
Type domain.Admin is not enhanced.

[2023-04-01 19:57:41 #4 type] 
Type domain.Question is not enhanced.

[2023-04-01 19:57:41 #5 type] 
Type domain.Quote is not enhanced.

[2023-04-01 19:57:41 #6 type] 
Type domain.Event is not enhanced.

[2023-04-01 19:57:41 #7 type] 
Type domain.Bet is not enhanced.

[2023-04-01 19:57:41 #8 type] 
Type domain.Registered is not enhanced.

[2023-04-01 19:57:41 #9 type] 
Type domain.Movement is not enhanced.

