------------------------------------------------------------------------------------------------------------------------

[2023-03-29 17:38:05 #1 store] 
Database 'C:\Users\ander\eclipse-workspace\Bets21\src\main\resources\bets.temp' is opened by 6500@LAPTOP-KMC7QC4S

[2023-03-29 17:38:05 #2 type] 
Type domain.User is not enhanced.

[2023-03-29 17:38:05 #3 type] 
Type domain.Admin is not enhanced.

[2023-03-29 17:38:05 #4 type] 
Type domain.Question is not enhanced.

[2023-03-29 17:38:05 #5 type] 
Type domain.Quote is not enhanced.

[2023-03-29 17:38:05 #6 type] 
Type domain.Event is not enhanced.

[2023-03-29 17:38:05 #7 type] 
Type domain.Registered is not enhanced.

[2023-03-29 17:38:05 #8 type] 
Type domain.Bet is not enhanced.

[2023-03-29 17:38:05 #9 type] 
Type domain.Movement is not enhanced.

------------------------------------------------------------------------------------------------------------------------

[2023-03-29 17:39:32 #1 store] 
Database 'C:\Users\ander\eclipse-workspace\Bets21\src\main\resources\bets.temp' is opened by 11272@LAPTOP-KMC7QC4S

[2023-03-29 17:39:32 #2 type] 
Type domain.User is not enhanced.

[2023-03-29 17:39:32 #3 type] 
Type domain.Admin is not enhanced.

[2023-03-29 17:39:32 #4 type] 
Type domain.Question is not enhanced.

[2023-03-29 17:39:32 #5 type] 
Type domain.Quote is not enhanced.

[2023-03-29 17:39:32 #6 type] 
Type domain.Event is not enhanced.

[2023-03-29 17:39:32 #7 type] 
Type domain.Registered is not enhanced.

[2023-03-29 17:39:32 #8 type] 
Type domain.Bet is not enhanced.

[2023-03-29 17:39:32 #9 type] 
Type domain.Movement is not enhanced.

------------------------------------------------------------------------------------------------------------------------

[2023-03-29 17:41:34 #1 store] 
Database 'C:\Users\ander\eclipse-workspace\Bets21\src\main\resources\bets.temp' is opened by 7900@LAPTOP-KMC7QC4S

[2023-03-29 17:41:34 #2 type] 
Type domain.User is not enhanced.

[2023-03-29 17:41:34 #3 type] 
Type domain.Admin is not enhanced.

[2023-03-29 17:41:34 #4 type] 
Type domain.Question is not enhanced.

[2023-03-29 17:41:34 #5 type] 
Type domain.Quote is not enhanced.

[2023-03-29 17:41:34 #6 type] 
Type domain.Event is not enhanced.

[2023-03-29 17:41:34 #7 type] 
Type domain.Registered is not enhanced.

[2023-03-29 17:41:34 #8 type] 
Type domain.Bet is not enhanced.

[2023-03-29 17:41:34 #9 type] 
Type domain.Movement is not enhanced.

------------------------------------------------------------------------------------------------------------------------

[2023-03-29 17:43:37 #1 store] 
Database 'C:\Users\ander\eclipse-workspace\Bets21\src\main\resources\bets.temp' is opened by 7052@LAPTOP-KMC7QC4S

[2023-03-29 17:43:37 #2 type] 
Type domain.User is not enhanced.

[2023-03-29 17:43:37 #3 type] 
Type domain.Admin is not enhanced.

[2023-03-29 17:43:37 #4 type] 
Type domain.Question is not enhanced.

[2023-03-29 17:43:37 #5 type] 
Type domain.Quote is not enhanced.

[2023-03-29 17:43:37 #6 type] 
Type domain.Event is not enhanced.

[2023-03-29 17:43:37 #7 type] 
Type domain.Registered is not enhanced.

[2023-03-29 17:43:37 #8 type] 
Type domain.Bet is not enhanced.

[2023-03-29 17:43:37 #9 type] 
Type domain.Movement is not enhanced.

------------------------------------------------------------------------------------------------------------------------

[2023-03-29 17:45:21 #1 store] 
Database 'C:\Users\ander\eclipse-workspace\Bets21\src\main\resources\bets.temp' is opened by 4120@LAPTOP-KMC7QC4S

[2023-03-29 17:45:21 #2 type] 
Type domain.User is not enhanced.

[2023-03-29 17:45:21 #3 type] 
Type domain.Admin is not enhanced.

[2023-03-29 17:45:21 #4 type] 
Type domain.Question is not enhanced.

[2023-03-29 17:45:21 #5 type] 
Type domain.Quote is not enhanced.

[2023-03-29 17:45:21 #6 type] 
Type domain.Event is not enhanced.

[2023-03-29 17:45:21 #7 type] 
Type domain.Registered is not enhanced.

[2023-03-29 17:45:21 #8 type] 
Type domain.Bet is not enhanced.

[2023-03-29 17:45:21 #9 type] 
Type domain.Movement is not enhanced.

------------------------------------------------------------------------------------------------------------------------

[2023-03-29 17:46:38 #1 store] 
Database 'C:\Users\ander\eclipse-workspace\Bets21\src\main\resources\bets.temp' is opened by 16216@LAPTOP-KMC7QC4S

[2023-03-29 17:46:38 #2 type] 
Type domain.User is not enhanced.

[2023-03-29 17:46:38 #3 type] 
Type domain.Admin is not enhanced.

[2023-03-29 17:46:38 #4 type] 
Type domain.Question is not enhanced.

[2023-03-29 17:46:38 #5 type] 
Type domain.Quote is not enhanced.

[2023-03-29 17:46:38 #6 type] 
Type domain.Event is not enhanced.

[2023-03-29 17:46:38 #7 type] 
Type domain.Registered is not enhanced.

[2023-03-29 17:46:38 #8 type] 
Type domain.Bet is not enhanced.

[2023-03-29 17:46:38 #9 type] 
Type domain.Movement is not enhanced.

------------------------------------------------------------------------------------------------------------------------

[2023-03-29 17:50:27 #1 store] 
Database 'C:\Users\ander\eclipse-workspace\Bets21\src\main\resources\bets.temp' is opened by 14344@LAPTOP-KMC7QC4S

[2023-03-29 17:50:27 #2 type] 
Type domain.User is not enhanced.

[2023-03-29 17:50:27 #3 type] 
Type domain.Admin is not enhanced.

[2023-03-29 17:50:27 #4 type] 
Type domain.Question is not enhanced.

[2023-03-29 17:50:27 #5 type] 
Type domain.Quote is not enhanced.

[2023-03-29 17:50:27 #6 type] 
Type domain.Event is not enhanced.

[2023-03-29 17:50:27 #7 type] 
Type domain.Registered is not enhanced.

[2023-03-29 17:50:27 #8 type] 
Type domain.Bet is not enhanced.

[2023-03-29 17:50:27 #9 type] 
Type domain.Movement is not enhanced.

------------------------------------------------------------------------------------------------------------------------

[2023-03-29 17:51:51 #1 store] 
Database 'C:\Users\ander\eclipse-workspace\Bets21\src\main\resources\bets.temp' has been recovered (tr. 26-27)

[2023-03-29 17:51:51 #2 store] 
Database 'C:\Users\ander\eclipse-workspace\Bets21\src\main\resources\bets.temp' is opened by 3452@LAPTOP-KMC7QC4S

[2023-03-29 17:51:51 #3 type] 
Type domain.User is not enhanced.

[2023-03-29 17:51:51 #4 type] 
Type domain.Admin is not enhanced.

[2023-03-29 17:51:51 #5 type] 
Type domain.Question is not enhanced.

[2023-03-29 17:51:51 #6 type] 
Type domain.Quote is not enhanced.

[2023-03-29 17:51:51 #7 type] 
Type domain.Event is not enhanced.

[2023-03-29 17:51:51 #8 type] 
Type domain.Registered is not enhanced.

[2023-03-29 17:51:51 #9 type] 
Type domain.Bet is not enhanced.

[2023-03-29 17:51:51 #10 type] 
Type domain.Movement is not enhanced.

------------------------------------------------------------------------------------------------------------------------

[2023-03-29 18:32:27 #1 store] 
Database 'C:\Users\ander\eclipse-workspace\Bets21\src\main\resources\bets.temp' is opened by 12688@LAPTOP-KMC7QC4S

[2023-03-29 18:32:27 #2 type] 
Type domain.User is not enhanced.

[2023-03-29 18:32:27 #3 type] 
Type domain.Admin is not enhanced.

[2023-03-29 18:32:27 #4 type] 
Type domain.Question is not enhanced.

[2023-03-29 18:32:27 #5 type] 
Type domain.Quote is not enhanced.

[2023-03-29 18:32:27 #6 type] 
Type domain.Event is not enhanced.

[2023-03-29 18:32:27 #7 type] 
Type domain.Registered is not enhanced.

[2023-03-29 18:32:27 #8 type] 
Type domain.Bet is not enhanced.

[2023-03-29 18:32:27 #9 type] 
Type domain.Movement is not enhanced.

