------------------------------------------------------------------------------------------------------------------------

[2023-04-02 11:52:42 #1 store] 
Database 'C:\Users\ander\eclipse-workspace\Bets21\src\main\resources\bets.temp' is opened by 19864@LAPTOP-KMC7QC4S

[2023-04-02 11:52:42 #2 type] 
Type domain.User is not enhanced.

[2023-04-02 11:52:42 #3 type] 
Type domain.Admin is not enhanced.

[2023-04-02 11:52:42 #4 type] 
Type domain.Question is not enhanced.

[2023-04-02 11:52:42 #5 type] 
Type domain.Quote is not enhanced.

[2023-04-02 11:52:42 #6 type] 
Type domain.Event is not enhanced.

[2023-04-02 11:52:42 #7 type] 
Type domain.Bet is not enhanced.

[2023-04-02 11:52:42 #8 type] 
Type domain.Registered is not enhanced.

[2023-04-02 11:52:42 #9 type] 
Type domain.Movement is not enhanced.

------------------------------------------------------------------------------------------------------------------------

[2023-04-02 16:24:10 #1 store] 
Database 'C:\Users\ander\eclipse-workspace\Bets21\src\main\resources\bets.temp' is opened by 5708@LAPTOP-KMC7QC4S

[2023-04-02 16:24:10 #2 type] 
Type domain.User is not enhanced.

[2023-04-02 16:24:10 #3 type] 
Type domain.Admin is not enhanced.

[2023-04-02 16:24:10 #4 type] 
Type domain.Question is not enhanced.

[2023-04-02 16:24:10 #5 type] 
Type domain.Quote is not enhanced.

[2023-04-02 16:24:10 #6 type] 
Type domain.Event is not enhanced.

[2023-04-02 16:24:10 #7 type] 
Type domain.Bet is not enhanced.

[2023-04-02 16:24:10 #8 type] 
Type domain.Registered is not enhanced.

[2023-04-02 16:24:10 #9 type] 
Type domain.Movement is not enhanced.

------------------------------------------------------------------------------------------------------------------------

[2023-04-02 16:37:09 #1 store] 
Database 'C:\Users\ander\eclipse-workspace\Bets21\src\main\resources\bets.temp' is opened by 11656@LAPTOP-KMC7QC4S

[2023-04-02 16:37:09 #2 type] 
Type domain.User is not enhanced.

[2023-04-02 16:37:09 #3 type] 
Type domain.Admin is not enhanced.

[2023-04-02 16:37:09 #4 type] 
Type domain.Question is not enhanced.

[2023-04-02 16:37:09 #5 type] 
Type domain.Quote is not enhanced.

[2023-04-02 16:37:09 #6 type] 
Type domain.Event is not enhanced.

[2023-04-02 16:37:09 #7 type] 
Type domain.Bet is not enhanced.

[2023-04-02 16:37:09 #8 type] 
Type domain.Registered is not enhanced.

[2023-04-02 16:37:09 #9 type] 
Type domain.Movement is not enhanced.

------------------------------------------------------------------------------------------------------------------------

[2023-04-02 16:39:45 #1 store] 
Database 'C:\Users\ander\eclipse-workspace\Bets21\src\main\resources\bets.temp' is opened by 19372@LAPTOP-KMC7QC4S

[2023-04-02 16:39:45 #2 type] 
Type domain.User is not enhanced.

[2023-04-02 16:39:45 #3 type] 
Type domain.Admin is not enhanced.

[2023-04-02 16:39:45 #4 type] 
Type domain.Question is not enhanced.

[2023-04-02 16:39:45 #5 type] 
Type domain.Quote is not enhanced.

[2023-04-02 16:39:45 #6 type] 
Type domain.Event is not enhanced.

[2023-04-02 16:39:45 #7 type] 
Type domain.Bet is not enhanced.

[2023-04-02 16:39:45 #8 type] 
Type domain.Registered is not enhanced.

[2023-04-02 16:39:45 #9 type] 
Type domain.Movement is not enhanced.

------------------------------------------------------------------------------------------------------------------------

[2023-04-02 16:42:56 #1 store] 
Database 'C:\Users\ander\eclipse-workspace\Bets21\src\main\resources\bets.temp' is opened by 5708@LAPTOP-KMC7QC4S

[2023-04-02 16:42:57 #2 type] 
Type domain.User is not enhanced.

[2023-04-02 16:42:57 #3 type] 
Type domain.Admin is not enhanced.

[2023-04-02 16:42:57 #4 type] 
Type domain.Question is not enhanced.

[2023-04-02 16:42:57 #5 type] 
Type domain.Quote is not enhanced.

[2023-04-02 16:42:57 #6 type] 
Type domain.Event is not enhanced.

[2023-04-02 16:42:57 #7 type] 
Type domain.Bet is not enhanced.

[2023-04-02 16:42:57 #8 type] 
Type domain.Registered is not enhanced.

[2023-04-02 16:42:57 #9 type] 
Type domain.Movement is not enhanced.

------------------------------------------------------------------------------------------------------------------------

[2023-04-02 16:46:45 #1 store] 
Database 'C:\Users\ander\eclipse-workspace\Bets21\src\main\resources\bets.temp' is opened by 8624@LAPTOP-KMC7QC4S

[2023-04-02 16:46:45 #2 type] 
Type domain.User is not enhanced.

[2023-04-02 16:46:45 #3 type] 
Type domain.Admin is not enhanced.

[2023-04-02 16:46:45 #4 type] 
Type domain.Question is not enhanced.

[2023-04-02 16:46:45 #5 type] 
Type domain.Quote is not enhanced.

[2023-04-02 16:46:45 #6 type] 
Type domain.Event is not enhanced.

[2023-04-02 16:46:45 #7 type] 
Type domain.Bet is not enhanced.

[2023-04-02 16:46:45 #8 type] 
Type domain.Registered is not enhanced.

[2023-04-02 16:46:45 #9 type] 
Type domain.Movement is not enhanced.

------------------------------------------------------------------------------------------------------------------------

[2023-04-02 16:53:04 #1 store] 
Database 'C:\Users\ander\eclipse-workspace\Bets21\src\main\resources\bets.temp' is opened by 15148@LAPTOP-KMC7QC4S

[2023-04-02 16:53:04 #2 type] 
Type domain.User is not enhanced.

[2023-04-02 16:53:04 #3 type] 
Type domain.Admin is not enhanced.

[2023-04-02 16:53:04 #4 type] 
Type domain.Question is not enhanced.

[2023-04-02 16:53:04 #5 type] 
Type domain.Quote is not enhanced.

[2023-04-02 16:53:04 #6 type] 
Type domain.Event is not enhanced.

[2023-04-02 16:53:04 #7 type] 
Type domain.Bet is not enhanced.

[2023-04-02 16:53:04 #8 type] 
Type domain.Registered is not enhanced.

[2023-04-02 16:53:04 #9 type] 
Type domain.Movement is not enhanced.

------------------------------------------------------------------------------------------------------------------------

[2023-04-02 16:56:54 #1 store] 
Database 'C:\Users\ander\eclipse-workspace\Bets21\src\main\resources\bets.temp' has been recovered (tr. 39-42)

[2023-04-02 16:56:54 #2 store] 
Database 'C:\Users\ander\eclipse-workspace\Bets21\src\main\resources\bets.temp' is opened by 8424@LAPTOP-KMC7QC4S

[2023-04-02 16:56:54 #3 type] 
Type domain.User is not enhanced.

[2023-04-02 16:56:54 #4 type] 
Type domain.Admin is not enhanced.

[2023-04-02 16:56:54 #5 type] 
Type domain.Question is not enhanced.

[2023-04-02 16:56:54 #6 type] 
Type domain.Quote is not enhanced.

[2023-04-02 16:56:54 #7 type] 
Type domain.Event is not enhanced.

[2023-04-02 16:56:54 #8 type] 
Type domain.Bet is not enhanced.

[2023-04-02 16:56:54 #9 type] 
Type domain.Registered is not enhanced.

[2023-04-02 16:56:54 #10 type] 
Type domain.Movement is not enhanced.

------------------------------------------------------------------------------------------------------------------------

[2023-04-02 17:02:59 #1 store] 
Database 'C:\Users\ander\eclipse-workspace\Bets21\src\main\resources\bets.temp' has been recovered (tr. 43-43)

[2023-04-02 17:02:59 #2 store] 
Database 'C:\Users\ander\eclipse-workspace\Bets21\src\main\resources\bets.temp' is opened by 12832@LAPTOP-KMC7QC4S

[2023-04-02 17:02:59 #3 type] 
Type domain.User is not enhanced.

[2023-04-02 17:02:59 #4 type] 
Type domain.Admin is not enhanced.

[2023-04-02 17:02:59 #5 type] 
Type domain.Question is not enhanced.

[2023-04-02 17:02:59 #6 type] 
Type domain.Quote is not enhanced.

[2023-04-02 17:02:59 #7 type] 
Type domain.Event is not enhanced.

[2023-04-02 17:02:59 #8 type] 
Type domain.Bet is not enhanced.

[2023-04-02 17:02:59 #9 type] 
Type domain.Registered is not enhanced.

[2023-04-02 17:02:59 #10 type] 
Type domain.Movement is not enhanced.

------------------------------------------------------------------------------------------------------------------------

[2023-04-02 17:03:32 #1 store] 
Database 'C:\Users\ander\eclipse-workspace\Bets21\src\main\resources\bets.temp' has been recovered (tr. 44-44)

[2023-04-02 17:03:32 #2 store] 
Database 'C:\Users\ander\eclipse-workspace\Bets21\src\main\resources\bets.temp' is opened by 6352@LAPTOP-KMC7QC4S

[2023-04-02 17:03:32 #3 type] 
Type domain.User is not enhanced.

[2023-04-02 17:03:32 #4 type] 
Type domain.Admin is not enhanced.

[2023-04-02 17:03:32 #5 type] 
Type domain.Question is not enhanced.

[2023-04-02 17:03:32 #6 type] 
Type domain.Quote is not enhanced.

[2023-04-02 17:03:32 #7 type] 
Type domain.Event is not enhanced.

[2023-04-02 17:03:32 #8 type] 
Type domain.Bet is not enhanced.

[2023-04-02 17:03:32 #9 type] 
Type domain.Registered is not enhanced.

[2023-04-02 17:03:32 #10 type] 
Type domain.Movement is not enhanced.

------------------------------------------------------------------------------------------------------------------------

[2023-04-02 17:09:04 #1 store] 
Database 'C:\Users\ander\eclipse-workspace\Bets21\src\main\resources\bets.temp' has been recovered (tr. 45-45)

[2023-04-02 17:09:04 #2 store] 
Database 'C:\Users\ander\eclipse-workspace\Bets21\src\main\resources\bets.temp' is opened by 11856@LAPTOP-KMC7QC4S

[2023-04-02 17:09:04 #3 type] 
Type domain.User is not enhanced.

[2023-04-02 17:09:04 #4 type] 
Type domain.Admin is not enhanced.

[2023-04-02 17:09:04 #5 type] 
Type domain.Question is not enhanced.

[2023-04-02 17:09:04 #6 type] 
Type domain.Quote is not enhanced.

[2023-04-02 17:09:04 #7 type] 
Type domain.Event is not enhanced.

[2023-04-02 17:09:04 #8 type] 
Type domain.Bet is not enhanced.

[2023-04-02 17:09:04 #9 type] 
Type domain.Registered is not enhanced.

[2023-04-02 17:09:04 #10 type] 
Type domain.Movement is not enhanced.

------------------------------------------------------------------------------------------------------------------------

[2023-04-02 17:10:15 #1 store] 
Database 'C:\Users\ander\eclipse-workspace\Bets21\src\main\resources\bets.temp' has been recovered (tr. 46-46)

[2023-04-02 17:10:15 #2 store] 
Database 'C:\Users\ander\eclipse-workspace\Bets21\src\main\resources\bets.temp' is opened by 11364@LAPTOP-KMC7QC4S

[2023-04-02 17:10:15 #3 type] 
Type domain.User is not enhanced.

[2023-04-02 17:10:15 #4 type] 
Type domain.Admin is not enhanced.

[2023-04-02 17:10:15 #5 type] 
Type domain.Question is not enhanced.

[2023-04-02 17:10:15 #6 type] 
Type domain.Quote is not enhanced.

[2023-04-02 17:10:15 #7 type] 
Type domain.Event is not enhanced.

[2023-04-02 17:10:15 #8 type] 
Type domain.Bet is not enhanced.

[2023-04-02 17:10:15 #9 type] 
Type domain.Registered is not enhanced.

[2023-04-02 17:10:15 #10 type] 
Type domain.Movement is not enhanced.

------------------------------------------------------------------------------------------------------------------------

[2023-04-02 17:11:57 #1 store] 
Database 'C:\Users\ander\eclipse-workspace\Bets21\src\main\resources\bets.temp' is opened by 16176@LAPTOP-KMC7QC4S

[2023-04-02 17:11:57 #2 type] 
Type domain.User is not enhanced.

[2023-04-02 17:11:57 #3 type] 
Type domain.Admin is not enhanced.

[2023-04-02 17:11:57 #4 type] 
Type domain.Question is not enhanced.

[2023-04-02 17:11:57 #5 type] 
Type domain.Quote is not enhanced.

[2023-04-02 17:11:57 #6 type] 
Type domain.Event is not enhanced.

[2023-04-02 17:11:57 #7 type] 
Type domain.Bet is not enhanced.

[2023-04-02 17:11:57 #8 type] 
Type domain.Registered is not enhanced.

[2023-04-02 17:11:57 #9 type] 
Type domain.Movement is not enhanced.

------------------------------------------------------------------------------------------------------------------------

[2023-04-02 17:17:22 #1 store] 
Database 'C:\Users\ander\eclipse-workspace\Bets21\src\main\resources\bets.temp' is opened by 948@LAPTOP-KMC7QC4S

[2023-04-02 17:17:22 #2 type] 
Type domain.User is not enhanced.

[2023-04-02 17:17:22 #3 type] 
Type domain.Admin is not enhanced.

[2023-04-02 17:17:22 #4 type] 
Type domain.Question is not enhanced.

[2023-04-02 17:17:22 #5 type] 
Type domain.Quote is not enhanced.

[2023-04-02 17:17:22 #6 type] 
Type domain.Event is not enhanced.

[2023-04-02 17:17:22 #7 type] 
Type domain.Bet is not enhanced.

[2023-04-02 17:17:22 #8 type] 
Type domain.Registered is not enhanced.

[2023-04-02 17:17:22 #9 type] 
Type domain.Movement is not enhanced.

------------------------------------------------------------------------------------------------------------------------

[2023-04-02 17:32:35 #1 store] 
Database 'C:\Users\ander\eclipse-workspace\Bets21\src\main\resources\bets.temp' is opened by 17324@LAPTOP-KMC7QC4S

[2023-04-02 17:32:35 #2 type] 
Type domain.User is not enhanced.

[2023-04-02 17:32:35 #3 type] 
Type domain.Admin is not enhanced.

[2023-04-02 17:32:35 #4 type] 
Type domain.Question is not enhanced.

[2023-04-02 17:32:35 #5 type] 
Type domain.Quote is not enhanced.

[2023-04-02 17:32:35 #6 type] 
Type domain.Event is not enhanced.

[2023-04-02 17:32:35 #7 type] 
Type domain.Bet is not enhanced.

[2023-04-02 17:32:35 #8 type] 
Type domain.Registered is not enhanced.

[2023-04-02 17:32:35 #9 type] 
Type domain.Movement is not enhanced.

------------------------------------------------------------------------------------------------------------------------

[2023-04-02 17:38:57 #1 store] 
Database 'C:\Users\ander\eclipse-workspace\Bets21\src\main\resources\bets.temp' is opened by 19968@LAPTOP-KMC7QC4S

[2023-04-02 17:38:57 #2 type] 
Type domain.User is not enhanced.

[2023-04-02 17:38:57 #3 type] 
Type domain.Admin is not enhanced.

[2023-04-02 17:38:57 #4 type] 
Type domain.Question is not enhanced.

[2023-04-02 17:38:57 #5 type] 
Type domain.Quote is not enhanced.

[2023-04-02 17:38:57 #6 type] 
Type domain.Event is not enhanced.

[2023-04-02 17:38:57 #7 type] 
Type domain.Bet is not enhanced.

[2023-04-02 17:38:57 #8 type] 
Type domain.Registered is not enhanced.

[2023-04-02 17:38:57 #9 type] 
Type domain.Movement is not enhanced.

------------------------------------------------------------------------------------------------------------------------

[2023-04-02 17:39:14 #1 store] 
Database 'C:\Users\ander\eclipse-workspace\Bets21\src\main\resources\bets.temp' is opened by 17332@LAPTOP-KMC7QC4S

[2023-04-02 17:39:14 #2 type] 
Type domain.User is not enhanced.

[2023-04-02 17:39:14 #3 type] 
Type domain.Admin is not enhanced.

[2023-04-02 17:39:14 #4 type] 
Type domain.Question is not enhanced.

[2023-04-02 17:39:14 #5 type] 
Type domain.Quote is not enhanced.

[2023-04-02 17:39:14 #6 type] 
Type domain.Event is not enhanced.

[2023-04-02 17:39:14 #7 type] 
Type domain.Bet is not enhanced.

[2023-04-02 17:39:14 #8 type] 
Type domain.Registered is not enhanced.

[2023-04-02 17:39:14 #9 type] 
Type domain.Movement is not enhanced.

------------------------------------------------------------------------------------------------------------------------

[2023-04-02 17:39:33 #1 store] 
Database 'C:\Users\ander\eclipse-workspace\Bets21\src\main\resources\bets.temp' is opened by 12464@LAPTOP-KMC7QC4S

[2023-04-02 17:39:33 #2 type] 
Type domain.User is not enhanced.

[2023-04-02 17:39:33 #3 type] 
Type domain.Admin is not enhanced.

[2023-04-02 17:39:33 #4 type] 
Type domain.Question is not enhanced.

[2023-04-02 17:39:33 #5 type] 
Type domain.Quote is not enhanced.

[2023-04-02 17:39:33 #6 type] 
Type domain.Event is not enhanced.

[2023-04-02 17:39:33 #7 type] 
Type domain.Bet is not enhanced.

[2023-04-02 17:39:33 #8 type] 
Type domain.Registered is not enhanced.

[2023-04-02 17:39:33 #9 type] 
Type domain.Movement is not enhanced.

------------------------------------------------------------------------------------------------------------------------

[2023-04-02 17:43:53 #1 store] 
Database 'C:\Users\ander\eclipse-workspace\Bets21\src\main\resources\bets.temp' is opened by 6836@LAPTOP-KMC7QC4S

[2023-04-02 17:43:53 #2 type.registry] 
New type domain.User

[2023-04-02 17:43:53 #3 type.registry] 
New type domain.Admin

[2023-04-02 17:43:53 #4 type] 
Type domain.User is not enhanced.

[2023-04-02 17:43:53 #5 type] 
Type domain.Admin is not enhanced.

[2023-04-02 17:43:53 #6 type.registry] 
New type domain.Question

[2023-04-02 17:43:53 #7 type] 
Type domain.Question is not enhanced.

[2023-04-02 17:43:53 #8 type.registry] 
New type domain.Quote

[2023-04-02 17:43:53 #9 type.registry] 
New type java.util.Vector<domain.Quote>

[2023-04-02 17:43:53 #10 type.registry] 
New type domain.Event

[2023-04-02 17:43:53 #11 type] 
Type domain.Quote is not enhanced.

[2023-04-02 17:43:53 #12 type.registry] 
New type domain.Bet

[2023-04-02 17:43:53 #13 type.registry] 
New type java.util.Vector<domain.Bet>

[2023-04-02 17:43:53 #14 type] 
Type domain.Event is not enhanced.

[2023-04-02 17:43:53 #15 type.registry] 
New type java.util.Vector<domain.Question>

[2023-04-02 17:43:53 #16 type] 
Type domain.Bet is not enhanced.

[2023-04-02 17:43:53 #17 type.registry] 
New type domain.Registered

[2023-04-02 17:43:53 #18 type] 
Type domain.Registered is not enhanced.

[2023-04-02 17:43:53 #19 type.registry] 
New type domain.Movement

[2023-04-02 17:43:53 #20 type.registry] 
New type java.util.Vector<domain.Movement>

[2023-04-02 17:43:53 #21 type] 
Type domain.Movement is not enhanced.

[2023-04-02 17:43:53 #22 type.registry] 
New type java.util.Vector<java.lang.Object>

------------------------------------------------------------------------------------------------------------------------

[2023-04-02 17:44:07 #1 store] 
Database 'C:\Users\ander\eclipse-workspace\Bets21\src\main\resources\bets.temp' has been recovered (tr. 1-6)

[2023-04-02 17:44:07 #2 store] 
Database 'C:\Users\ander\eclipse-workspace\Bets21\src\main\resources\bets.temp' is opened by 19048@LAPTOP-KMC7QC4S

[2023-04-02 17:44:07 #3 type] 
Type domain.User is not enhanced.

[2023-04-02 17:44:07 #4 type] 
Type domain.Admin is not enhanced.

[2023-04-02 17:44:07 #5 type] 
Type domain.Question is not enhanced.

[2023-04-02 17:44:07 #6 type] 
Type domain.Quote is not enhanced.

[2023-04-02 17:44:07 #7 type] 
Type domain.Event is not enhanced.

[2023-04-02 17:44:07 #8 type] 
Type domain.Bet is not enhanced.

[2023-04-02 17:44:07 #9 type] 
Type domain.Registered is not enhanced.

[2023-04-02 17:44:07 #10 type] 
Type domain.Movement is not enhanced.

