------------------------------------------------------------------------------------------------------------------------

[2023-04-26 16:26:06 #1 store] 
Database 'C:\Users\ander\eclipse-workspace\Bets21\src\main\resources\bets.temp' is opened by 1688@LAPTOP-KMC7QC4S

[2023-04-26 16:26:06 #2 type] 
Type domain.User is not enhanced.

[2023-04-26 16:26:06 #3 type] 
Type domain.Admin is not enhanced.

[2023-04-26 16:26:06 #4 type] 
Type domain.Question is not enhanced.

[2023-04-26 16:26:06 #5 type] 
Type domain.Quote is not enhanced.

[2023-04-26 16:26:06 #6 type] 
Type domain.Event is not enhanced.

[2023-04-26 16:26:06 #7 type] 
Type domain.Bet is not enhanced.

[2023-04-26 16:26:06 #8 type] 
Type domain.Registered is not enhanced.

[2023-04-26 16:26:06 #9 type] 
Type domain.Movement is not enhanced.

------------------------------------------------------------------------------------------------------------------------

[2023-04-26 16:27:56 #1 store] 
Database 'C:\Users\ander\eclipse-workspace\Bets21\src\main\resources\bets.temp' is opened by 1740@LAPTOP-KMC7QC4S

[2023-04-26 16:27:56 #2 type] 
Type domain.User is not enhanced.

[2023-04-26 16:27:56 #3 type] 
Type domain.Admin is not enhanced.

[2023-04-26 16:27:56 #4 type] 
Type domain.Question is not enhanced.

[2023-04-26 16:27:56 #5 type] 
Type domain.Quote is not enhanced.

[2023-04-26 16:27:56 #6 type] 
Type domain.Event is not enhanced.

[2023-04-26 16:27:56 #7 type] 
Type domain.Bet is not enhanced.

[2023-04-26 16:27:56 #8 type] 
Type domain.Registered is not enhanced.

[2023-04-26 16:27:56 #9 type] 
Type domain.Movement is not enhanced.

------------------------------------------------------------------------------------------------------------------------

[2023-04-26 16:30:43 #1 store] 
Database 'C:\Users\ander\eclipse-workspace\Bets21\src\main\resources\bets.temp' is opened by 14980@LAPTOP-KMC7QC4S

[2023-04-26 16:30:43 #2 type] 
Type domain.User is not enhanced.

[2023-04-26 16:30:43 #3 type] 
Type domain.Admin is not enhanced.

[2023-04-26 16:30:43 #4 type] 
Type domain.Question is not enhanced.

[2023-04-26 16:30:43 #5 type] 
Type domain.Quote is not enhanced.

[2023-04-26 16:30:43 #6 type] 
Type domain.Event is not enhanced.

[2023-04-26 16:30:43 #7 type] 
Type domain.Bet is not enhanced.

[2023-04-26 16:30:43 #8 type] 
Type domain.Registered is not enhanced.

[2023-04-26 16:30:43 #9 type] 
Type domain.Movement is not enhanced.

------------------------------------------------------------------------------------------------------------------------

[2023-04-26 16:31:25 #1 store] 
Database 'C:\Users\ander\eclipse-workspace\Bets21\src\main\resources\bets.temp' is opened by 1700@LAPTOP-KMC7QC4S

[2023-04-26 16:31:25 #2 type.registry] 
New type domain.User

[2023-04-26 16:31:25 #3 type.registry] 
New type domain.Admin

[2023-04-26 16:31:25 #4 type] 
Type domain.User is not enhanced.

[2023-04-26 16:31:25 #5 type] 
Type domain.Admin is not enhanced.

[2023-04-26 16:31:25 #6 type.registry] 
New type domain.Question

[2023-04-26 16:31:25 #7 type] 
Type domain.Question is not enhanced.

[2023-04-26 16:31:25 #8 type.registry] 
New type domain.Quote

[2023-04-26 16:31:25 #9 type.registry] 
New type java.util.Vector<domain.Quote>

[2023-04-26 16:31:25 #10 type.registry] 
New type domain.Event

[2023-04-26 16:31:25 #11 type] 
Type domain.Quote is not enhanced.

[2023-04-26 16:31:25 #12 type.registry] 
New type domain.Bet

[2023-04-26 16:31:25 #13 type.registry] 
New type java.util.Vector<domain.Bet>

[2023-04-26 16:31:25 #14 type] 
Type domain.Event is not enhanced.

[2023-04-26 16:31:25 #15 type.registry] 
New type java.util.Vector<domain.Question>

[2023-04-26 16:31:25 #16 type] 
Type domain.Bet is not enhanced.

[2023-04-26 16:31:25 #17 type.registry] 
New type domain.Registered

[2023-04-26 16:31:25 #18 type] 
Type domain.Registered is not enhanced.

[2023-04-26 16:31:25 #19 type.registry] 
New type domain.Movement

[2023-04-26 16:31:25 #20 type.registry] 
New type java.util.Vector<domain.Movement>

[2023-04-26 16:31:25 #21 type] 
Type domain.Movement is not enhanced.

[2023-04-26 16:31:25 #22 type.registry] 
New type java.util.Vector<java.lang.Object>

------------------------------------------------------------------------------------------------------------------------

[2023-04-26 16:31:41 #1 store] 
Database 'C:\Users\ander\eclipse-workspace\Bets21\src\main\resources\bets.temp' has been recovered (tr. 1-6)

[2023-04-26 16:31:41 #2 store] 
Database 'C:\Users\ander\eclipse-workspace\Bets21\src\main\resources\bets.temp' is opened by 3032@LAPTOP-KMC7QC4S

[2023-04-26 16:31:41 #3 type] 
Type domain.User is not enhanced.

[2023-04-26 16:31:41 #4 type] 
Type domain.Admin is not enhanced.

[2023-04-26 16:31:41 #5 type] 
Type domain.Question is not enhanced.

[2023-04-26 16:31:41 #6 type] 
Type domain.Quote is not enhanced.

[2023-04-26 16:31:41 #7 type] 
Type domain.Event is not enhanced.

[2023-04-26 16:31:41 #8 type] 
Type domain.Bet is not enhanced.

[2023-04-26 16:31:41 #9 type] 
Type domain.Registered is not enhanced.

[2023-04-26 16:31:41 #10 type] 
Type domain.Movement is not enhanced.

------------------------------------------------------------------------------------------------------------------------

[2023-04-26 16:37:16 #1 store] 
Database 'C:\Users\ander\eclipse-workspace\Bets21\src\main\resources\bets.temp' is opened by 2260@LAPTOP-KMC7QC4S

[2023-04-26 16:37:17 #2 type.registry] 
New type domain.User

[2023-04-26 16:37:17 #3 type.registry] 
New type domain.Admin

[2023-04-26 16:37:17 #4 type] 
Type domain.User is not enhanced.

[2023-04-26 16:37:17 #5 type] 
Type domain.Admin is not enhanced.

[2023-04-26 16:37:17 #6 type.registry] 
New type domain.Question

[2023-04-26 16:37:17 #7 type] 
Type domain.Question is not enhanced.

[2023-04-26 16:37:17 #8 type.registry] 
New type domain.Quote

[2023-04-26 16:37:17 #9 type.registry] 
New type java.util.Vector<domain.Quote>

[2023-04-26 16:37:17 #10 type.registry] 
New type domain.Event

[2023-04-26 16:37:17 #11 type] 
Type domain.Quote is not enhanced.

[2023-04-26 16:37:17 #12 type.registry] 
New type domain.Bet

[2023-04-26 16:37:17 #13 type.registry] 
New type java.util.Vector<domain.Bet>

[2023-04-26 16:37:17 #14 type] 
Type domain.Event is not enhanced.

[2023-04-26 16:37:17 #15 type.registry] 
New type java.util.Vector<domain.Question>

[2023-04-26 16:37:17 #16 type] 
Type domain.Bet is not enhanced.

[2023-04-26 16:37:17 #17 type.registry] 
New type domain.Registered

[2023-04-26 16:37:17 #18 type] 
Type domain.Registered is not enhanced.

[2023-04-26 16:37:17 #19 type.registry] 
New type domain.Movement

[2023-04-26 16:37:17 #20 type.registry] 
New type java.util.Vector<domain.Movement>

[2023-04-26 16:37:17 #21 type] 
Type domain.Movement is not enhanced.

[2023-04-26 16:37:17 #22 type.registry] 
New type java.util.Vector<java.lang.Object>

------------------------------------------------------------------------------------------------------------------------

[2023-04-26 16:37:36 #1 store] 
Database 'C:\Users\ander\eclipse-workspace\Bets21\src\main\resources\bets.temp' has been recovered (tr. 1-6)

[2023-04-26 16:37:36 #2 store] 
Database 'C:\Users\ander\eclipse-workspace\Bets21\src\main\resources\bets.temp' is opened by 8956@LAPTOP-KMC7QC4S

[2023-04-26 16:37:36 #3 type] 
Type domain.User is not enhanced.

[2023-04-26 16:37:36 #4 type] 
Type domain.Admin is not enhanced.

[2023-04-26 16:37:36 #5 type] 
Type domain.Question is not enhanced.

[2023-04-26 16:37:36 #6 type] 
Type domain.Quote is not enhanced.

[2023-04-26 16:37:36 #7 type] 
Type domain.Event is not enhanced.

[2023-04-26 16:37:36 #8 type] 
Type domain.Bet is not enhanced.

[2023-04-26 16:37:36 #9 type] 
Type domain.Registered is not enhanced.

[2023-04-26 16:37:36 #10 type] 
Type domain.Movement is not enhanced.

------------------------------------------------------------------------------------------------------------------------

[2023-04-26 17:18:23 #1 store] 
Database 'C:\Users\ander\eclipse-workspace\Bets21\src\main\resources\bets.temp' is opened by 6292@LAPTOP-KMC7QC4S

[2023-04-26 17:18:24 #2 type.registry] 
New type domain.User

[2023-04-26 17:18:24 #3 type.registry] 
New type domain.Admin

[2023-04-26 17:18:24 #4 type] 
Type domain.User is not enhanced.

[2023-04-26 17:18:24 #5 type] 
Type domain.Admin is not enhanced.

[2023-04-26 17:18:24 #6 type.registry] 
New type domain.Question

[2023-04-26 17:18:24 #7 type] 
Type domain.Question is not enhanced.

[2023-04-26 17:18:24 #8 type.registry] 
New type domain.Quote

[2023-04-26 17:18:24 #9 type.registry] 
New type java.util.Vector<domain.Quote>

[2023-04-26 17:18:24 #10 type.registry] 
New type domain.Event

[2023-04-26 17:18:24 #11 type] 
Type domain.Quote is not enhanced.

[2023-04-26 17:18:24 #12 type.registry] 
New type domain.Bet

[2023-04-26 17:18:24 #13 type.registry] 
New type java.util.Vector<domain.Bet>

[2023-04-26 17:18:24 #14 type] 
Type domain.Event is not enhanced.

[2023-04-26 17:18:24 #15 type.registry] 
New type java.util.Vector<domain.Question>

[2023-04-26 17:18:24 #16 type] 
Type domain.Bet is not enhanced.

[2023-04-26 17:18:24 #17 type.registry] 
New type domain.Registered

[2023-04-26 17:18:24 #18 type] 
Type domain.Registered is not enhanced.

[2023-04-26 17:18:24 #19 type.registry] 
New type domain.Movement

[2023-04-26 17:18:24 #20 type.registry] 
New type java.util.Vector<domain.Movement>

[2023-04-26 17:18:24 #21 type] 
Type domain.Movement is not enhanced.

[2023-04-26 17:18:24 #22 type.registry] 
New type java.util.Vector<java.lang.Object>

------------------------------------------------------------------------------------------------------------------------

[2023-04-26 17:18:44 #1 store] 
Database 'C:\Users\ander\eclipse-workspace\Bets21\src\main\resources\bets.temp' has been recovered (tr. 1-6)

[2023-04-26 17:18:44 #2 store] 
Database 'C:\Users\ander\eclipse-workspace\Bets21\src\main\resources\bets.temp' is opened by 3224@LAPTOP-KMC7QC4S

[2023-04-26 17:18:44 #3 type] 
Type domain.User is not enhanced.

[2023-04-26 17:18:44 #4 type] 
Type domain.Admin is not enhanced.

[2023-04-26 17:18:44 #5 type] 
Type domain.Question is not enhanced.

[2023-04-26 17:18:44 #6 type] 
Type domain.Quote is not enhanced.

[2023-04-26 17:18:44 #7 type] 
Type domain.Event is not enhanced.

[2023-04-26 17:18:44 #8 type] 
Type domain.Bet is not enhanced.

[2023-04-26 17:18:44 #9 type] 
Type domain.Registered is not enhanced.

[2023-04-26 17:18:44 #10 type] 
Type domain.Movement is not enhanced.

