------------------------------------------------------------------------------------------------------------------------

[2023-05-09 10:40:18 #1 store] 
Database 'C:\Users\Beñat\Desktop\ws\Bets21\src\main\resources\bets.temp' is opened by 7008@DESKTOP-I34DTQI

[2023-05-09 10:40:18 #2 type] 
Type domain.User is not enhanced.

[2023-05-09 10:40:18 #3 type] 
Type domain.Admin is not enhanced.

[2023-05-09 10:40:18 #4 type] 
Type domain.Message is not enhanced.

[2023-05-09 10:40:18 #5 type] 
Type domain.Question is not enhanced.

[2023-05-09 10:40:18 #6 type] 
Type domain.Quote is not enhanced.

[2023-05-09 10:40:18 #7 type] 
Type domain.Event is not enhanced.

[2023-05-09 10:40:18 #8 type] 
Type domain.Bet is not enhanced.

[2023-05-09 10:40:18 #9 type] 
Type domain.Registered is not enhanced.

[2023-05-09 10:40:18 #10 type] 
Type domain.Movement is not enhanced.

------------------------------------------------------------------------------------------------------------------------

[2023-05-09 10:49:30 #1 store] 
Database 'C:\Users\Beñat\Desktop\ws\Bets21\src\main\resources\bets.temp' is opened by 8096@DESKTOP-I34DTQI

[2023-05-09 10:49:30 #2 type] 
Type domain.User is not enhanced.

[2023-05-09 10:49:30 #3 type] 
Type domain.Admin is not enhanced.

[2023-05-09 10:49:30 #4 type] 
Type domain.Message is not enhanced.

[2023-05-09 10:49:30 #5 type] 
Type domain.Question is not enhanced.

[2023-05-09 10:49:30 #6 type] 
Type domain.Quote is not enhanced.

[2023-05-09 10:49:30 #7 type] 
Type domain.Event is not enhanced.

[2023-05-09 10:49:30 #8 type] 
Type domain.Bet is not enhanced.

[2023-05-09 10:49:30 #9 type] 
Type domain.Registered is not enhanced.

[2023-05-09 10:49:30 #10 type] 
Type domain.Movement is not enhanced.

------------------------------------------------------------------------------------------------------------------------

[2023-05-09 10:50:31 #1 store] 
Database 'C:\Users\Beñat\Desktop\ws\Bets21\src\main\resources\bets.temp' is opened by 11320@DESKTOP-I34DTQI

[2023-05-09 10:50:31 #2 type] 
Type domain.User is not enhanced.

[2023-05-09 10:50:31 #3 type] 
Type domain.Admin is not enhanced.

[2023-05-09 10:50:31 #4 type] 
Type domain.Message is not enhanced.

[2023-05-09 10:50:31 #5 type] 
Type domain.Question is not enhanced.

[2023-05-09 10:50:31 #6 type] 
Type domain.Quote is not enhanced.

[2023-05-09 10:50:31 #7 type] 
Type domain.Event is not enhanced.

[2023-05-09 10:50:31 #8 type] 
Type domain.Bet is not enhanced.

[2023-05-09 10:50:31 #9 type] 
Type domain.Registered is not enhanced.

[2023-05-09 10:50:31 #10 type] 
Type domain.Movement is not enhanced.

------------------------------------------------------------------------------------------------------------------------

[2023-05-09 10:53:49 #1 store] 
Database 'C:\Users\Beñat\Desktop\ws\Bets21\src\main\resources\bets.temp' is opened by 5840@DESKTOP-I34DTQI

[2023-05-09 10:53:49 #2 type] 
Type domain.User is not enhanced.

[2023-05-09 10:53:49 #3 type] 
Type domain.Admin is not enhanced.

[2023-05-09 10:53:49 #4 type] 
Type domain.Message is not enhanced.

[2023-05-09 10:53:49 #5 type] 
Type domain.Question is not enhanced.

[2023-05-09 10:53:49 #6 type] 
Type domain.Quote is not enhanced.

[2023-05-09 10:53:49 #7 type] 
Type domain.Event is not enhanced.

[2023-05-09 10:53:49 #8 type] 
Type domain.Bet is not enhanced.

[2023-05-09 10:53:49 #9 type] 
Type domain.Registered is not enhanced.

[2023-05-09 10:53:49 #10 type] 
Type domain.Movement is not enhanced.

------------------------------------------------------------------------------------------------------------------------

[2023-05-09 11:11:54 #1 store] 
Database 'C:\Users\Beñat\Desktop\ws\Bets21\src\main\resources\bets.temp' is opened by 1588@DESKTOP-I34DTQI

[2023-05-09 11:11:55 #2 type.registry] 
New type domain.User

[2023-05-09 11:11:55 #3 type.registry] 
New type domain.Admin

[2023-05-09 11:11:55 #4 type] 
Type domain.User is not enhanced.

[2023-05-09 11:11:55 #5 type.registry] 
New type domain.Message

[2023-05-09 11:11:55 #6 type.registry] 
New type java.util.Vector<domain.Message>

[2023-05-09 11:11:55 #7 type] 
Type domain.Admin is not enhanced.

[2023-05-09 11:11:55 #8 type] 
Type domain.Message is not enhanced.

[2023-05-09 11:11:55 #9 type.registry] 
New type domain.Question

[2023-05-09 11:11:55 #10 type] 
Type domain.Question is not enhanced.

[2023-05-09 11:11:55 #11 type.registry] 
New type domain.Quote

[2023-05-09 11:11:55 #12 type.registry] 
New type java.util.Vector<domain.Quote>

[2023-05-09 11:11:55 #13 type.registry] 
New type domain.Event

[2023-05-09 11:11:55 #14 type] 
Type domain.Quote is not enhanced.

[2023-05-09 11:11:55 #15 type.registry] 
New type domain.Bet

[2023-05-09 11:11:55 #16 type.registry] 
New type java.util.Vector<domain.Bet>

[2023-05-09 11:11:55 #17 type] 
Type domain.Event is not enhanced.

[2023-05-09 11:11:55 #18 type.registry] 
New type java.util.Vector<domain.Question>

[2023-05-09 11:11:55 #19 type] 
Type domain.Bet is not enhanced.

[2023-05-09 11:11:55 #20 type.registry] 
New type domain.Registered

[2023-05-09 11:11:55 #21 type] 
Type domain.Registered is not enhanced.

[2023-05-09 11:11:55 #22 type.registry] 
New type java.util.Vector<domain.Registered>

[2023-05-09 11:11:55 #23 type.registry] 
New type domain.Movement

[2023-05-09 11:11:55 #24 type.registry] 
New type java.util.Vector<domain.Movement>

[2023-05-09 11:11:55 #25 type] 
Type domain.Movement is not enhanced.

[2023-05-09 11:11:55 #26 type.registry] 
New type java.util.Vector<java.lang.Object>

------------------------------------------------------------------------------------------------------------------------

[2023-05-09 11:12:07 #1 store] 
Database 'C:\Users\Beñat\Desktop\ws\Bets21\src\main\resources\bets.temp' has been recovered (tr. 1-6)

[2023-05-09 11:12:07 #2 store] 
Database 'C:\Users\Beñat\Desktop\ws\Bets21\src\main\resources\bets.temp' is opened by 13140@DESKTOP-I34DTQI

[2023-05-09 11:12:07 #3 type] 
Type domain.User is not enhanced.

[2023-05-09 11:12:07 #4 type] 
Type domain.Admin is not enhanced.

[2023-05-09 11:12:07 #5 type] 
Type domain.Message is not enhanced.

[2023-05-09 11:12:07 #6 type] 
Type domain.Question is not enhanced.

[2023-05-09 11:12:07 #7 type] 
Type domain.Quote is not enhanced.

[2023-05-09 11:12:07 #8 type] 
Type domain.Event is not enhanced.

[2023-05-09 11:12:07 #9 type] 
Type domain.Bet is not enhanced.

[2023-05-09 11:12:07 #10 type] 
Type domain.Registered is not enhanced.

[2023-05-09 11:12:07 #11 type] 
Type domain.Movement is not enhanced.

------------------------------------------------------------------------------------------------------------------------

[2023-05-09 22:29:01 #1 store] 
Database 'C:\Users\Beñat\Desktop\ws\Bets21\src\main\resources\bets.temp' is opened by 10736@DESKTOP-I34DTQI

[2023-05-09 22:29:02 #2 type.registry] 
New type domain.User

[2023-05-09 22:29:02 #3 type.registry] 
New type domain.Admin

[2023-05-09 22:29:02 #4 type] 
Type domain.User is not enhanced.

[2023-05-09 22:29:02 #5 type.registry] 
New type domain.Message

[2023-05-09 22:29:02 #6 type.registry] 
New type java.util.Vector<domain.Message>

[2023-05-09 22:29:02 #7 type] 
Type domain.Admin is not enhanced.

[2023-05-09 22:29:02 #8 type] 
Type domain.Message is not enhanced.

[2023-05-09 22:29:02 #9 type.registry] 
New type domain.Question

[2023-05-09 22:29:02 #10 type] 
Type domain.Question is not enhanced.

[2023-05-09 22:29:02 #11 type.registry] 
New type domain.Quote

[2023-05-09 22:29:02 #12 type.registry] 
New type java.util.Vector<domain.Quote>

[2023-05-09 22:29:02 #13 type.registry] 
New type domain.Event

[2023-05-09 22:29:02 #14 type] 
Type domain.Quote is not enhanced.

[2023-05-09 22:29:02 #15 type.registry] 
New type domain.Bet

[2023-05-09 22:29:02 #16 type.registry] 
New type java.util.Vector<domain.Bet>

[2023-05-09 22:29:02 #17 type] 
Type domain.Event is not enhanced.

[2023-05-09 22:29:02 #18 type.registry] 
New type java.util.Vector<domain.Question>

[2023-05-09 22:29:02 #19 type] 
Type domain.Bet is not enhanced.

[2023-05-09 22:29:02 #20 type.registry] 
New type domain.Registered

[2023-05-09 22:29:02 #21 type] 
Type domain.Registered is not enhanced.

[2023-05-09 22:29:02 #22 type.registry] 
New type java.util.Vector<domain.Registered>

[2023-05-09 22:29:02 #23 type.registry] 
New type domain.Movement

[2023-05-09 22:29:02 #24 type.registry] 
New type java.util.Vector<domain.Movement>

[2023-05-09 22:29:02 #25 type] 
Type domain.Movement is not enhanced.

[2023-05-09 22:29:02 #26 type.registry] 
New type java.util.Vector<java.lang.Object>

------------------------------------------------------------------------------------------------------------------------

[2023-05-09 23:11:30 #1 store] 
Database 'C:\Users\Beñat\Desktop\ws\Bets21\src\main\resources\bets.temp' is opened by 7624@DESKTOP-I34DTQI

[2023-05-09 23:11:30 #2 type.registry] 
New type domain.Quote

[2023-05-09 23:11:30 #3 type] 
Type domain.Quote is not enhanced.

[2023-05-09 23:11:30 #4 type.registry] 
New type domain.Bet

[2023-05-09 23:11:30 #5 type.registry] 
New type java.util.Vector<domain.Bet>

[2023-05-09 23:11:30 #6 type.registry] 
New type domain.Question

[2023-05-09 23:11:30 #7 type] 
Type domain.Bet is not enhanced.

[2023-05-09 23:11:30 #8 type.registry] 
New type domain.User

[2023-05-09 23:11:30 #9 type.registry] 
New type domain.Registered

[2023-05-09 23:11:30 #10 type.registry] 
New type java.util.Vector<domain.Quote>

[2023-05-09 23:11:30 #11 type] 
Type domain.Question is not enhanced.

[2023-05-09 23:11:30 #12 type.registry] 
New type domain.Event

[2023-05-09 23:11:30 #13 type] 
Type domain.User is not enhanced.

[2023-05-09 23:11:30 #14 type.registry] 
New type domain.Message

[2023-05-09 23:11:30 #15 type.registry] 
New type java.util.Vector<domain.Message>

[2023-05-09 23:11:30 #16 type] 
Type domain.Registered is not enhanced.

[2023-05-09 23:11:30 #17 type.registry] 
New type java.util.Vector<domain.Registered>

[2023-05-09 23:11:30 #18 type.registry] 
New type domain.Movement

[2023-05-09 23:11:30 #19 type.registry] 
New type java.util.Vector<domain.Movement>

[2023-05-09 23:11:30 #20 type] 
Type domain.Event is not enhanced.

[2023-05-09 23:11:30 #21 type.registry] 
New type java.util.Vector<domain.Question>

[2023-05-09 23:11:30 #22 type] 
Type domain.Message is not enhanced.

[2023-05-09 23:11:30 #23 type] 
Type domain.Movement is not enhanced.

[2023-05-09 23:11:30 #24 type.registry] 
New type domain.Admin

[2023-05-09 23:11:30 #25 type] 
Type domain.Admin is not enhanced.

[2023-05-09 23:11:30 #26 type.registry] 
New type java.util.Vector<java.lang.Object>

------------------------------------------------------------------------------------------------------------------------

[2023-05-09 23:12:44 #1 store] 
Database 'C:\Users\Beñat\Desktop\ws\Bets21\src\main\resources\bets.temp' is opened by 3044@DESKTOP-I34DTQI

[2023-05-09 23:12:44 #2 type.registry] 
New type domain.Quote

[2023-05-09 23:12:44 #3 type] 
Type domain.Quote is not enhanced.

[2023-05-09 23:12:44 #4 type.registry] 
New type domain.Bet

[2023-05-09 23:12:44 #5 type.registry] 
New type java.util.Vector<domain.Bet>

[2023-05-09 23:12:44 #6 type.registry] 
New type domain.Question

[2023-05-09 23:12:44 #7 type] 
Type domain.Bet is not enhanced.

[2023-05-09 23:12:44 #8 type.registry] 
New type domain.User

[2023-05-09 23:12:44 #9 type.registry] 
New type domain.Registered

[2023-05-09 23:12:44 #10 type.registry] 
New type java.util.Vector<domain.Quote>

[2023-05-09 23:12:44 #11 type] 
Type domain.Question is not enhanced.

[2023-05-09 23:12:44 #12 type.registry] 
New type domain.Event

[2023-05-09 23:12:44 #13 type] 
Type domain.User is not enhanced.

[2023-05-09 23:12:44 #14 type.registry] 
New type domain.Message

[2023-05-09 23:12:44 #15 type.registry] 
New type java.util.Vector<domain.Message>

[2023-05-09 23:12:44 #16 type] 
Type domain.Registered is not enhanced.

[2023-05-09 23:12:44 #17 type.registry] 
New type java.util.Vector<domain.Registered>

[2023-05-09 23:12:44 #18 type.registry] 
New type domain.Movement

[2023-05-09 23:12:44 #19 type.registry] 
New type java.util.Vector<domain.Movement>

[2023-05-09 23:12:44 #20 type] 
Type domain.Event is not enhanced.

[2023-05-09 23:12:44 #21 type.registry] 
New type java.util.Vector<domain.Question>

[2023-05-09 23:12:44 #22 type] 
Type domain.Message is not enhanced.

[2023-05-09 23:12:44 #23 type] 
Type domain.Movement is not enhanced.

[2023-05-09 23:12:44 #24 type.registry] 
New type domain.Admin

[2023-05-09 23:12:44 #25 type] 
Type domain.Admin is not enhanced.

[2023-05-09 23:12:44 #26 type.registry] 
New type java.util.Vector<java.lang.Object>

------------------------------------------------------------------------------------------------------------------------

[2023-05-09 23:35:53 #1 store] 
Database 'C:\Users\Beñat\Desktop\ws\Bets21\src\main\resources\bets.temp' has been recovered (tr. 1-6)

[2023-05-09 23:35:53 #2 store] 
Database 'C:\Users\Beñat\Desktop\ws\Bets21\src\main\resources\bets.temp' is opened by 5272@DESKTOP-I34DTQI

[2023-05-09 23:35:53 #3 type] 
Type domain.Quote is not enhanced.

[2023-05-09 23:35:53 #4 type] 
Type domain.Bet is not enhanced.

[2023-05-09 23:35:53 #5 type] 
Type domain.Question is not enhanced.

[2023-05-09 23:35:53 #6 type] 
Type domain.User is not enhanced.

[2023-05-09 23:35:53 #7 type] 
Type domain.Registered is not enhanced.

[2023-05-09 23:35:53 #8 type] 
Type domain.Event is not enhanced.

[2023-05-09 23:35:53 #9 type] 
Type domain.Message is not enhanced.

[2023-05-09 23:35:53 #10 type] 
Type domain.Movement is not enhanced.

[2023-05-09 23:35:53 #11 type] 
Type domain.Admin is not enhanced.

------------------------------------------------------------------------------------------------------------------------

[2023-05-09 23:41:43 #1 store] 
Database 'C:\Users\Beñat\Desktop\ws\Bets21\src\main\resources\bets.temp' is opened by 6648@DESKTOP-I34DTQI

[2023-05-09 23:41:43 #2 type.registry] 
New type domain.Quote

[2023-05-09 23:41:43 #3 type] 
Type domain.Quote is not enhanced.

[2023-05-09 23:41:43 #4 type.registry] 
New type domain.Bet

[2023-05-09 23:41:43 #5 type.registry] 
New type java.util.Vector<domain.Bet>

[2023-05-09 23:41:43 #6 type.registry] 
New type domain.Question

[2023-05-09 23:41:43 #7 type] 
Type domain.Bet is not enhanced.

[2023-05-09 23:41:43 #8 type.registry] 
New type domain.User

[2023-05-09 23:41:43 #9 type.registry] 
New type domain.Registered

[2023-05-09 23:41:43 #10 type.registry] 
New type java.util.Vector<domain.Quote>

[2023-05-09 23:41:43 #11 type] 
Type domain.Question is not enhanced.

[2023-05-09 23:41:43 #12 type.registry] 
New type domain.Event

[2023-05-09 23:41:43 #13 type] 
Type domain.User is not enhanced.

[2023-05-09 23:41:43 #14 type.registry] 
New type domain.Message

[2023-05-09 23:41:43 #15 type.registry] 
New type java.util.Vector<domain.Message>

[2023-05-09 23:41:43 #16 type] 
Type domain.Registered is not enhanced.

[2023-05-09 23:41:43 #17 type.registry] 
New type java.util.Vector<domain.Registered>

[2023-05-09 23:41:43 #18 type.registry] 
New type domain.Movement

[2023-05-09 23:41:43 #19 type.registry] 
New type java.util.Vector<domain.Movement>

[2023-05-09 23:41:43 #20 type] 
Type domain.Event is not enhanced.

[2023-05-09 23:41:43 #21 type.registry] 
New type java.util.Vector<domain.Question>

[2023-05-09 23:41:43 #22 type] 
Type domain.Message is not enhanced.

[2023-05-09 23:41:43 #23 type] 
Type domain.Movement is not enhanced.

[2023-05-09 23:41:43 #24 type.registry] 
New type domain.Admin

[2023-05-09 23:41:43 #25 type] 
Type domain.Admin is not enhanced.

[2023-05-09 23:41:43 #26 type.registry] 
New type java.util.Vector<java.lang.Object>

------------------------------------------------------------------------------------------------------------------------

[2023-05-09 23:41:52 #1 store] 
Database 'C:\Users\Beñat\Desktop\ws\Bets21\src\main\resources\bets.temp' has been recovered (tr. 1-6)

[2023-05-09 23:41:52 #2 store] 
Database 'C:\Users\Beñat\Desktop\ws\Bets21\src\main\resources\bets.temp' is opened by 6992@DESKTOP-I34DTQI

[2023-05-09 23:41:52 #3 type] 
Type domain.Quote is not enhanced.

[2023-05-09 23:41:52 #4 type] 
Type domain.Bet is not enhanced.

[2023-05-09 23:41:52 #5 type] 
Type domain.Question is not enhanced.

[2023-05-09 23:41:52 #6 type] 
Type domain.User is not enhanced.

[2023-05-09 23:41:52 #7 type] 
Type domain.Registered is not enhanced.

[2023-05-09 23:41:52 #8 type] 
Type domain.Event is not enhanced.

[2023-05-09 23:41:52 #9 type] 
Type domain.Message is not enhanced.

[2023-05-09 23:41:52 #10 type] 
Type domain.Movement is not enhanced.

[2023-05-09 23:41:52 #11 type] 
Type domain.Admin is not enhanced.

------------------------------------------------------------------------------------------------------------------------

[2023-05-09 23:44:11 #1 store] 
Database 'C:\Users\Beñat\Desktop\ws\Bets21\src\main\resources\bets.temp' is opened by 7232@DESKTOP-I34DTQI

[2023-05-09 23:44:11 #2 type.registry] 
New type domain.Quote

[2023-05-09 23:44:11 #3 type] 
Type domain.Quote is not enhanced.

[2023-05-09 23:44:11 #4 type.registry] 
New type domain.Bet

[2023-05-09 23:44:11 #5 type.registry] 
New type java.util.Vector<domain.Bet>

[2023-05-09 23:44:11 #6 type.registry] 
New type domain.Question

[2023-05-09 23:44:11 #7 type] 
Type domain.Bet is not enhanced.

[2023-05-09 23:44:11 #8 type.registry] 
New type domain.User

[2023-05-09 23:44:11 #9 type.registry] 
New type domain.Registered

[2023-05-09 23:44:11 #10 type.registry] 
New type java.util.Vector<domain.Quote>

[2023-05-09 23:44:11 #11 type] 
Type domain.Question is not enhanced.

[2023-05-09 23:44:11 #12 type.registry] 
New type domain.Event

[2023-05-09 23:44:11 #13 type] 
Type domain.User is not enhanced.

[2023-05-09 23:44:11 #14 type.registry] 
New type domain.Message

[2023-05-09 23:44:11 #15 type.registry] 
New type java.util.Vector<domain.Message>

[2023-05-09 23:44:11 #16 type] 
Type domain.Registered is not enhanced.

[2023-05-09 23:44:11 #17 type.registry] 
New type java.util.Vector<domain.Registered>

[2023-05-09 23:44:11 #18 type.registry] 
New type domain.Movement

[2023-05-09 23:44:11 #19 type.registry] 
New type java.util.Vector<domain.Movement>

[2023-05-09 23:44:11 #20 type] 
Type domain.Event is not enhanced.

[2023-05-09 23:44:11 #21 type.registry] 
New type java.util.Vector<domain.Question>

[2023-05-09 23:44:11 #22 type] 
Type domain.Message is not enhanced.

[2023-05-09 23:44:11 #23 type] 
Type domain.Movement is not enhanced.

[2023-05-09 23:44:11 #24 type.registry] 
New type domain.Admin

[2023-05-09 23:44:11 #25 type] 
Type domain.Admin is not enhanced.

[2023-05-09 23:44:11 #26 type.registry] 
New type java.util.Vector<java.lang.Object>

------------------------------------------------------------------------------------------------------------------------

[2023-05-09 23:44:21 #1 store] 
Database 'C:\Users\Beñat\Desktop\ws\Bets21\src\main\resources\bets.temp' has been recovered (tr. 1-6)

[2023-05-09 23:44:21 #2 store] 
Database 'C:\Users\Beñat\Desktop\ws\Bets21\src\main\resources\bets.temp' is opened by 2668@DESKTOP-I34DTQI

[2023-05-09 23:44:21 #3 type] 
Type domain.Quote is not enhanced.

[2023-05-09 23:44:21 #4 type] 
Type domain.Bet is not enhanced.

[2023-05-09 23:44:21 #5 type] 
Type domain.Question is not enhanced.

[2023-05-09 23:44:21 #6 type] 
Type domain.User is not enhanced.

[2023-05-09 23:44:21 #7 type] 
Type domain.Registered is not enhanced.

[2023-05-09 23:44:21 #8 type] 
Type domain.Event is not enhanced.

[2023-05-09 23:44:21 #9 type] 
Type domain.Message is not enhanced.

[2023-05-09 23:44:21 #10 type] 
Type domain.Movement is not enhanced.

[2023-05-09 23:44:21 #11 type] 
Type domain.Admin is not enhanced.

