------------------------------------------------------------------------------------------------------------------------

[2023-04-30 18:15:07 #1 store] 
Database 'C:\Users\garto\Documents\SI\Bet3\Bets21\src\main\resources\bets.temp' is opened by 14840@Garikoitz

[2023-04-30 18:15:07 #2 type] 
Type domain.User is not enhanced.

[2023-04-30 18:15:07 #3 type] 
Type domain.Admin is not enhanced.

[2023-04-30 18:15:07 #4 type] 
Type domain.Question is not enhanced.

[2023-04-30 18:15:07 #5 type] 
Type domain.Quote is not enhanced.

[2023-04-30 18:15:07 #6 type] 
Type domain.Event is not enhanced.

[2023-04-30 18:15:07 #7 type] 
Type domain.Bet is not enhanced.

[2023-04-30 18:15:07 #8 type] 
Type domain.Registered is not enhanced.

[2023-04-30 18:15:07 #9 type.registry] 
New type java.util.Vector<domain.Registered>

[2023-04-30 18:15:07 #10 type] 
Type domain.Movement is not enhanced.

