------------------------------------------------------------------------------------------------------------------------

[2023-05-16 16:19:25 #1 store] 
Database 'C:\Users\ander\eclipse-workspace\Bets21\src\main\resources\bets.temp' has been recovered (tr. 1-7)

[2023-05-16 16:19:25 #2 store] 
Database 'C:\Users\ander\eclipse-workspace\Bets21\src\main\resources\bets.temp' is opened by 12724@LAPTOP-KMC7QC4S

[2023-05-16 16:19:25 #3 type] 
Type domain.Quote is not enhanced.

[2023-05-16 16:19:25 #4 type] 
Type domain.Bet is not enhanced.

[2023-05-16 16:19:25 #5 type] 
Type domain.Question is not enhanced.

[2023-05-16 16:19:25 #6 type] 
Type domain.User is not enhanced.

[2023-05-16 16:19:25 #7 type] 
Type domain.Registered is not enhanced.

[2023-05-16 16:19:25 #8 type] 
Type domain.Event is not enhanced.

[2023-05-16 16:19:25 #9 type] 
Type domain.Message is not enhanced.

[2023-05-16 16:19:25 #10 type] 
Type domain.Movement is not enhanced.

[2023-05-16 16:19:25 #11 type] 
Type domain.Admin is not enhanced.

------------------------------------------------------------------------------------------------------------------------

[2023-05-16 16:24:28 #1 store] 
Database 'C:\Users\ander\eclipse-workspace\Bets21\src\main\resources\bets.temp' has been recovered (tr. 8-8)

[2023-05-16 16:24:29 #2 store] 
Database 'C:\Users\ander\eclipse-workspace\Bets21\src\main\resources\bets.temp' is opened by 4172@LAPTOP-KMC7QC4S

[2023-05-16 16:24:29 #3 type] 
Type domain.Quote is not enhanced.

[2023-05-16 16:24:29 #4 type] 
Type domain.Bet is not enhanced.

[2023-05-16 16:24:29 #5 type] 
Type domain.Question is not enhanced.

[2023-05-16 16:24:29 #6 type] 
Type domain.User is not enhanced.

[2023-05-16 16:24:29 #7 type] 
Type domain.Registered is not enhanced.

[2023-05-16 16:24:29 #8 type] 
Type domain.Event is not enhanced.

[2023-05-16 16:24:29 #9 type] 
Type domain.Message is not enhanced.

[2023-05-16 16:24:29 #10 type] 
Type domain.Movement is not enhanced.

[2023-05-16 16:24:29 #11 type] 
Type domain.Admin is not enhanced.

------------------------------------------------------------------------------------------------------------------------

[2023-05-16 16:27:20 #1 store] 
Database 'C:\Users\ander\eclipse-workspace\Bets21\src\main\resources\bets.temp' has been recovered (tr. 9-9)

[2023-05-16 16:27:20 #2 store] 
Database 'C:\Users\ander\eclipse-workspace\Bets21\src\main\resources\bets.temp' is opened by 13548@LAPTOP-KMC7QC4S

[2023-05-16 16:27:20 #3 type] 
Type domain.Quote is not enhanced.

[2023-05-16 16:27:20 #4 type] 
Type domain.Bet is not enhanced.

[2023-05-16 16:27:20 #5 type] 
Type domain.Question is not enhanced.

[2023-05-16 16:27:20 #6 type] 
Type domain.User is not enhanced.

[2023-05-16 16:27:20 #7 type] 
Type domain.Registered is not enhanced.

[2023-05-16 16:27:20 #8 type] 
Type domain.Event is not enhanced.

[2023-05-16 16:27:20 #9 type] 
Type domain.Message is not enhanced.

[2023-05-16 16:27:20 #10 type] 
Type domain.Movement is not enhanced.

[2023-05-16 16:27:20 #11 type] 
Type domain.Admin is not enhanced.

------------------------------------------------------------------------------------------------------------------------

[2023-05-16 16:32:10 #1 store] 
Database 'C:\Users\ander\eclipse-workspace\Bets21\src\main\resources\bets.temp' has been recovered (tr. 10-10)

[2023-05-16 16:32:10 #2 store] 
Database 'C:\Users\ander\eclipse-workspace\Bets21\src\main\resources\bets.temp' is opened by 11780@LAPTOP-KMC7QC4S

[2023-05-16 16:32:10 #3 type] 
Type domain.Quote is not enhanced.

[2023-05-16 16:32:10 #4 type] 
Type domain.Bet is not enhanced.

[2023-05-16 16:32:10 #5 type] 
Type domain.Question is not enhanced.

[2023-05-16 16:32:10 #6 type] 
Type domain.User is not enhanced.

[2023-05-16 16:32:10 #7 type] 
Type domain.Registered is not enhanced.

[2023-05-16 16:32:10 #8 type] 
Type domain.Event is not enhanced.

[2023-05-16 16:32:10 #9 type] 
Type domain.Message is not enhanced.

[2023-05-16 16:32:10 #10 type] 
Type domain.Movement is not enhanced.

[2023-05-16 16:32:10 #11 type] 
Type domain.Admin is not enhanced.

------------------------------------------------------------------------------------------------------------------------

[2023-05-16 16:33:25 #1 store] 
Database 'C:\Users\ander\eclipse-workspace\Bets21\src\main\resources\bets.temp' is opened by 17380@LAPTOP-KMC7QC4S

[2023-05-16 16:33:25 #2 type] 
Type domain.Quote is not enhanced.

[2023-05-16 16:33:25 #3 type] 
Type domain.Bet is not enhanced.

[2023-05-16 16:33:25 #4 type] 
Type domain.Question is not enhanced.

[2023-05-16 16:33:25 #5 type] 
Type domain.User is not enhanced.

[2023-05-16 16:33:25 #6 type] 
Type domain.Registered is not enhanced.

[2023-05-16 16:33:25 #7 type] 
Type domain.Event is not enhanced.

[2023-05-16 16:33:25 #8 type] 
Type domain.Message is not enhanced.

[2023-05-16 16:33:25 #9 type] 
Type domain.Movement is not enhanced.

[2023-05-16 16:33:25 #10 type] 
Type domain.Admin is not enhanced.

------------------------------------------------------------------------------------------------------------------------

[2023-05-16 16:37:12 #1 store] 
Database 'C:\Users\ander\eclipse-workspace\Bets21\src\main\resources\bets.temp' is opened by 14084@LAPTOP-KMC7QC4S

[2023-05-16 16:37:12 #2 type] 
Type domain.Quote is not enhanced.

[2023-05-16 16:37:12 #3 type] 
Type domain.Bet is not enhanced.

[2023-05-16 16:37:12 #4 type] 
Type domain.Question is not enhanced.

[2023-05-16 16:37:12 #5 type] 
Type domain.User is not enhanced.

[2023-05-16 16:37:12 #6 type] 
Type domain.Registered is not enhanced.

[2023-05-16 16:37:12 #7 type] 
Type domain.Event is not enhanced.

[2023-05-16 16:37:12 #8 type] 
Type domain.Message is not enhanced.

[2023-05-16 16:37:12 #9 type] 
Type domain.Movement is not enhanced.

[2023-05-16 16:37:12 #10 type] 
Type domain.Admin is not enhanced.

------------------------------------------------------------------------------------------------------------------------

[2023-05-16 16:43:54 #1 store] 
Database 'C:\Users\ander\eclipse-workspace\Bets21\src\main\resources\bets.temp' is opened by 15296@LAPTOP-KMC7QC4S

[2023-05-16 16:43:54 #2 type] 
Type domain.Quote is not enhanced.

[2023-05-16 16:43:54 #3 type] 
Type domain.Bet is not enhanced.

[2023-05-16 16:43:54 #4 type] 
Type domain.Question is not enhanced.

[2023-05-16 16:43:54 #5 type] 
Type domain.User is not enhanced.

[2023-05-16 16:43:54 #6 type] 
Type domain.Registered is not enhanced.

[2023-05-16 16:43:54 #7 type] 
Type domain.Event is not enhanced.

[2023-05-16 16:43:54 #8 type] 
Type domain.Message is not enhanced.

[2023-05-16 16:43:54 #9 type] 
Type domain.Movement is not enhanced.

[2023-05-16 16:43:54 #10 type] 
Type domain.Admin is not enhanced.

------------------------------------------------------------------------------------------------------------------------

[2023-05-16 16:47:38 #1 store] 
Database 'C:\Users\ander\eclipse-workspace\Bets21\src\main\resources\bets.temp' has been recovered (tr. 11-11)

[2023-05-16 16:47:38 #2 store] 
Database 'C:\Users\ander\eclipse-workspace\Bets21\src\main\resources\bets.temp' is opened by 13564@LAPTOP-KMC7QC4S

[2023-05-16 16:47:38 #3 type] 
Type domain.Quote is not enhanced.

[2023-05-16 16:47:38 #4 type] 
Type domain.Bet is not enhanced.

[2023-05-16 16:47:38 #5 type] 
Type domain.Question is not enhanced.

[2023-05-16 16:47:38 #6 type] 
Type domain.User is not enhanced.

[2023-05-16 16:47:38 #7 type] 
Type domain.Registered is not enhanced.

[2023-05-16 16:47:38 #8 type] 
Type domain.Event is not enhanced.

[2023-05-16 16:47:38 #9 type] 
Type domain.Message is not enhanced.

[2023-05-16 16:47:38 #10 type] 
Type domain.Movement is not enhanced.

[2023-05-16 16:47:38 #11 type] 
Type domain.Admin is not enhanced.

------------------------------------------------------------------------------------------------------------------------

[2023-05-16 16:51:41 #1 store] 
Database 'C:\Users\ander\eclipse-workspace\Bets21\src\main\resources\bets.temp' is opened by 16732@LAPTOP-KMC7QC4S

[2023-05-16 16:51:41 #2 type] 
Type domain.Quote is not enhanced.

[2023-05-16 16:51:41 #3 type] 
Type domain.Bet is not enhanced.

[2023-05-16 16:51:41 #4 type] 
Type domain.Question is not enhanced.

[2023-05-16 16:51:41 #5 type] 
Type domain.User is not enhanced.

[2023-05-16 16:51:41 #6 type] 
Type domain.Registered is not enhanced.

[2023-05-16 16:51:41 #7 type] 
Type domain.Event is not enhanced.

[2023-05-16 16:51:41 #8 type] 
Type domain.Message is not enhanced.

[2023-05-16 16:51:41 #9 type] 
Type domain.Movement is not enhanced.

[2023-05-16 16:51:41 #10 type] 
Type domain.Admin is not enhanced.

------------------------------------------------------------------------------------------------------------------------

[2023-05-16 17:06:31 #1 store] 
Database 'C:\Users\ander\eclipse-workspace\Bets21\src\main\resources\bets.temp' is opened by 17416@LAPTOP-KMC7QC4S

[2023-05-16 17:06:31 #2 type.registry] 
New type domain.Quote

[2023-05-16 17:06:31 #3 type] 
Type domain.Quote is not enhanced.

[2023-05-16 17:06:31 #4 type.registry] 
New type domain.Bet

[2023-05-16 17:06:31 #5 type.registry] 
New type java.util.Vector<domain.Bet>

[2023-05-16 17:06:31 #6 type.registry] 
New type domain.Question

[2023-05-16 17:06:31 #7 type] 
Type domain.Bet is not enhanced.

[2023-05-16 17:06:31 #8 type.registry] 
New type domain.User

[2023-05-16 17:06:31 #9 type.registry] 
New type domain.Registered

[2023-05-16 17:06:31 #10 type.registry] 
New type java.util.Vector<domain.Quote>

[2023-05-16 17:06:31 #11 type] 
Type domain.Question is not enhanced.

[2023-05-16 17:06:31 #12 type.registry] 
New type domain.Event

[2023-05-16 17:06:31 #13 type] 
Type domain.User is not enhanced.

[2023-05-16 17:06:31 #14 type.registry] 
New type domain.Message

[2023-05-16 17:06:31 #15 type.registry] 
New type java.util.Vector<domain.Message>

[2023-05-16 17:06:31 #16 type] 
Type domain.Registered is not enhanced.

[2023-05-16 17:06:31 #17 type.registry] 
New type java.util.Vector<domain.Registered>

[2023-05-16 17:06:31 #18 type.registry] 
New type domain.Movement

[2023-05-16 17:06:31 #19 type.registry] 
New type java.util.Vector<domain.Movement>

[2023-05-16 17:06:31 #20 type] 
Type domain.Event is not enhanced.

[2023-05-16 17:06:31 #21 type.registry] 
New type java.util.Vector<domain.Question>

[2023-05-16 17:06:31 #22 type] 
Type domain.Message is not enhanced.

[2023-05-16 17:06:31 #23 type] 
Type domain.Movement is not enhanced.

[2023-05-16 17:06:31 #24 type.registry] 
New type domain.Admin

[2023-05-16 17:06:31 #25 type] 
Type domain.Admin is not enhanced.

[2023-05-16 17:06:31 #26 type.registry] 
New type java.util.Vector<java.lang.Object>

------------------------------------------------------------------------------------------------------------------------

[2023-05-16 17:06:46 #1 store] 
Database 'C:\Users\ander\eclipse-workspace\Bets21\src\main\resources\bets.temp' has been recovered (tr. 1-6)

[2023-05-16 17:06:46 #2 store] 
Database 'C:\Users\ander\eclipse-workspace\Bets21\src\main\resources\bets.temp' is opened by 1688@LAPTOP-KMC7QC4S

[2023-05-16 17:06:46 #3 type] 
Type domain.Quote is not enhanced.

[2023-05-16 17:06:46 #4 type] 
Type domain.Bet is not enhanced.

[2023-05-16 17:06:46 #5 type] 
Type domain.Question is not enhanced.

[2023-05-16 17:06:46 #6 type] 
Type domain.User is not enhanced.

[2023-05-16 17:06:46 #7 type] 
Type domain.Registered is not enhanced.

[2023-05-16 17:06:46 #8 type] 
Type domain.Event is not enhanced.

[2023-05-16 17:06:46 #9 type] 
Type domain.Message is not enhanced.

[2023-05-16 17:06:46 #10 type] 
Type domain.Movement is not enhanced.

[2023-05-16 17:06:46 #11 type] 
Type domain.Admin is not enhanced.

[2023-05-16 17:10:24 #12 type.registry] 
New type com.objectdb.o.LMT

[2023-05-16 17:10:24 #13 type.registry] 
New type com.objectdb.o.VAL

[2023-05-16 17:10:24 #14 type.registry] 
New type com.objectdb.o.RFV

------------------------------------------------------------------------------------------------------------------------

[2023-05-16 17:11:43 #1 store] 
Database 'C:\Users\ander\eclipse-workspace\Bets21\src\main\resources\bets.temp' is opened by 15684@LAPTOP-KMC7QC4S

[2023-05-16 17:11:43 #2 type.registry] 
New type domain.Quote

[2023-05-16 17:11:43 #3 type] 
Type domain.Quote is not enhanced.

[2023-05-16 17:11:43 #4 type.registry] 
New type domain.Bet

[2023-05-16 17:11:43 #5 type.registry] 
New type java.util.Vector<domain.Bet>

[2023-05-16 17:11:43 #6 type.registry] 
New type domain.Question

[2023-05-16 17:11:43 #7 type] 
Type domain.Bet is not enhanced.

[2023-05-16 17:11:43 #8 type.registry] 
New type domain.User

[2023-05-16 17:11:43 #9 type.registry] 
New type domain.Registered

[2023-05-16 17:11:43 #10 type.registry] 
New type java.util.Vector<domain.Quote>

[2023-05-16 17:11:43 #11 type] 
Type domain.Question is not enhanced.

[2023-05-16 17:11:43 #12 type.registry] 
New type domain.Event

[2023-05-16 17:11:43 #13 type] 
Type domain.User is not enhanced.

[2023-05-16 17:11:43 #14 type.registry] 
New type domain.Message

[2023-05-16 17:11:43 #15 type.registry] 
New type java.util.Vector<domain.Message>

[2023-05-16 17:11:43 #16 type] 
Type domain.Registered is not enhanced.

[2023-05-16 17:11:43 #17 type.registry] 
New type java.util.Vector<domain.Registered>

[2023-05-16 17:11:43 #18 type.registry] 
New type domain.Movement

[2023-05-16 17:11:43 #19 type.registry] 
New type java.util.Vector<domain.Movement>

[2023-05-16 17:11:43 #20 type] 
Type domain.Event is not enhanced.

[2023-05-16 17:11:43 #21 type.registry] 
New type java.util.Vector<domain.Question>

[2023-05-16 17:11:43 #22 type] 
Type domain.Message is not enhanced.

[2023-05-16 17:11:43 #23 type] 
Type domain.Movement is not enhanced.

[2023-05-16 17:11:43 #24 type.registry] 
New type domain.Admin

[2023-05-16 17:11:43 #25 type] 
Type domain.Admin is not enhanced.

[2023-05-16 17:11:43 #26 type.registry] 
New type java.util.Vector<java.lang.Object>

------------------------------------------------------------------------------------------------------------------------

[2023-05-16 17:12:00 #1 store] 
Database 'C:\Users\ander\eclipse-workspace\Bets21\src\main\resources\bets.temp' has been recovered (tr. 1-6)

[2023-05-16 17:12:00 #2 store] 
Database 'C:\Users\ander\eclipse-workspace\Bets21\src\main\resources\bets.temp' is opened by 10728@LAPTOP-KMC7QC4S

[2023-05-16 17:12:00 #3 type] 
Type domain.Quote is not enhanced.

[2023-05-16 17:12:00 #4 type] 
Type domain.Bet is not enhanced.

[2023-05-16 17:12:00 #5 type] 
Type domain.Question is not enhanced.

[2023-05-16 17:12:00 #6 type] 
Type domain.User is not enhanced.

[2023-05-16 17:12:00 #7 type] 
Type domain.Registered is not enhanced.

[2023-05-16 17:12:00 #8 type] 
Type domain.Event is not enhanced.

[2023-05-16 17:12:00 #9 type] 
Type domain.Message is not enhanced.

[2023-05-16 17:12:00 #10 type] 
Type domain.Movement is not enhanced.

[2023-05-16 17:12:00 #11 type] 
Type domain.Admin is not enhanced.

------------------------------------------------------------------------------------------------------------------------

[2023-05-16 17:12:37 #1 store] 
Database 'C:\Users\ander\eclipse-workspace\Bets21\src\main\resources\bets.temp' is opened by 12052@LAPTOP-KMC7QC4S

[2023-05-16 17:12:37 #2 type] 
Type domain.Quote is not enhanced.

[2023-05-16 17:12:37 #3 type] 
Type domain.Bet is not enhanced.

[2023-05-16 17:12:37 #4 type] 
Type domain.Question is not enhanced.

[2023-05-16 17:12:37 #5 type] 
Type domain.User is not enhanced.

[2023-05-16 17:12:37 #6 type] 
Type domain.Registered is not enhanced.

[2023-05-16 17:12:37 #7 type] 
Type domain.Event is not enhanced.

[2023-05-16 17:12:37 #8 type] 
Type domain.Message is not enhanced.

[2023-05-16 17:12:37 #9 type] 
Type domain.Movement is not enhanced.

[2023-05-16 17:12:37 #10 type] 
Type domain.Admin is not enhanced.

------------------------------------------------------------------------------------------------------------------------

[2023-05-16 17:19:44 #1 store] 
Database 'C:\Users\ander\eclipse-workspace\Bets21\src\main\resources\bets.temp' is opened by 11184@LAPTOP-KMC7QC4S

[2023-05-16 17:19:44 #2 type] 
Type domain.Quote is not enhanced.

[2023-05-16 17:19:44 #3 type] 
Type domain.Bet is not enhanced.

[2023-05-16 17:19:44 #4 type] 
Type domain.Question is not enhanced.

[2023-05-16 17:19:44 #5 type] 
Type domain.User is not enhanced.

[2023-05-16 17:19:44 #6 type] 
Type domain.Registered is not enhanced.

[2023-05-16 17:19:44 #7 type] 
Type domain.Event is not enhanced.

[2023-05-16 17:19:44 #8 type] 
Type domain.Message is not enhanced.

[2023-05-16 17:19:44 #9 type] 
Type domain.Movement is not enhanced.

[2023-05-16 17:19:44 #10 type] 
Type domain.Admin is not enhanced.

------------------------------------------------------------------------------------------------------------------------

[2023-05-16 18:46:25 #1 store] 
Database 'C:\Users\ander\eclipse-workspace\Bets21\src\main\resources\bets.temp' has been recovered (tr. 7-7)

[2023-05-16 18:46:25 #2 store] 
Database 'C:\Users\ander\eclipse-workspace\Bets21\src\main\resources\bets.temp' is opened by 18076@LAPTOP-KMC7QC4S

[2023-05-16 18:46:25 #3 type] 
Type domain.Quote is not enhanced.

[2023-05-16 18:46:25 #4 type] 
Type domain.Bet is not enhanced.

[2023-05-16 18:46:25 #5 type] 
Type domain.Question is not enhanced.

[2023-05-16 18:46:25 #6 type] 
Type domain.User is not enhanced.

[2023-05-16 18:46:25 #7 type] 
Type domain.Registered is not enhanced.

[2023-05-16 18:46:25 #8 type] 
Type domain.Event is not enhanced.

[2023-05-16 18:46:25 #9 type] 
Type domain.Message is not enhanced.

[2023-05-16 18:46:25 #10 type] 
Type domain.Movement is not enhanced.

[2023-05-16 18:46:25 #11 type] 
Type domain.Admin is not enhanced.

[2023-05-16 18:46:51 #12 type.registry] 
New type com.objectdb.o.LMT

[2023-05-16 18:46:51 #13 type.registry] 
New type com.objectdb.o.VAL

[2023-05-16 18:46:51 #14 type.registry] 
New type com.objectdb.o.RFV

------------------------------------------------------------------------------------------------------------------------

[2023-05-16 18:52:55 #1 store] 
Database 'C:\Users\ander\eclipse-workspace\Bets21\src\main\resources\bets.temp' is opened by 12368@LAPTOP-KMC7QC4S

[2023-05-16 18:52:55 #2 type] 
Type domain.Quote is not enhanced.

[2023-05-16 18:52:55 #3 type] 
Type domain.Bet is not enhanced.

[2023-05-16 18:52:55 #4 type] 
Type domain.Question is not enhanced.

[2023-05-16 18:52:55 #5 type] 
Type domain.User is not enhanced.

[2023-05-16 18:52:55 #6 type] 
Type domain.Registered is not enhanced.

[2023-05-16 18:52:55 #7 type] 
Type domain.Event is not enhanced.

[2023-05-16 18:52:55 #8 type] 
Type domain.Message is not enhanced.

[2023-05-16 18:52:55 #9 type] 
Type domain.Movement is not enhanced.

[2023-05-16 18:52:55 #10 type] 
Type domain.Admin is not enhanced.

------------------------------------------------------------------------------------------------------------------------

[2023-05-16 19:01:48 #1 store] 
Database 'C:\Users\ander\eclipse-workspace\Bets21\src\main\resources\bets.temp' is opened by 6028@LAPTOP-KMC7QC4S

[2023-05-16 19:01:48 #2 type] 
Type domain.Quote is not enhanced.

[2023-05-16 19:01:48 #3 type] 
Type domain.Bet is not enhanced.

[2023-05-16 19:01:48 #4 type] 
Type domain.Question is not enhanced.

[2023-05-16 19:01:48 #5 type] 
Type domain.User is not enhanced.

[2023-05-16 19:01:48 #6 type] 
Type domain.Registered is not enhanced.

[2023-05-16 19:01:48 #7 type] 
Type domain.Event is not enhanced.

[2023-05-16 19:01:48 #8 type] 
Type domain.Message is not enhanced.

[2023-05-16 19:01:48 #9 type] 
Type domain.Movement is not enhanced.

[2023-05-16 19:01:48 #10 type] 
Type domain.Admin is not enhanced.

------------------------------------------------------------------------------------------------------------------------

[2023-05-16 19:04:56 #1 store] 
Database 'C:\Users\ander\eclipse-workspace\Bets21\src\main\resources\bets.temp' is opened by 21848@LAPTOP-KMC7QC4S

[2023-05-16 19:04:56 #2 type] 
Type domain.Quote is not enhanced.

[2023-05-16 19:04:56 #3 type] 
Type domain.Bet is not enhanced.

[2023-05-16 19:04:56 #4 type] 
Type domain.Question is not enhanced.

[2023-05-16 19:04:56 #5 type] 
Type domain.User is not enhanced.

[2023-05-16 19:04:56 #6 type] 
Type domain.Registered is not enhanced.

[2023-05-16 19:04:56 #7 type] 
Type domain.Event is not enhanced.

[2023-05-16 19:04:56 #8 type] 
Type domain.Message is not enhanced.

[2023-05-16 19:04:56 #9 type] 
Type domain.Movement is not enhanced.

[2023-05-16 19:04:56 #10 type] 
Type domain.Admin is not enhanced.

------------------------------------------------------------------------------------------------------------------------

[2023-05-16 19:10:41 #1 store] 
Database 'C:\Users\ander\eclipse-workspace\Bets21\src\main\resources\bets.temp' is opened by 18484@LAPTOP-KMC7QC4S

[2023-05-16 19:10:41 #2 type] 
Type domain.Quote is not enhanced.

[2023-05-16 19:10:41 #3 type] 
Type domain.Bet is not enhanced.

[2023-05-16 19:10:41 #4 type] 
Type domain.Question is not enhanced.

[2023-05-16 19:10:41 #5 type] 
Type domain.User is not enhanced.

[2023-05-16 19:10:41 #6 type] 
Type domain.Registered is not enhanced.

[2023-05-16 19:10:41 #7 type] 
Type domain.Event is not enhanced.

[2023-05-16 19:10:41 #8 type] 
Type domain.Message is not enhanced.

[2023-05-16 19:10:41 #9 type] 
Type domain.Movement is not enhanced.

[2023-05-16 19:10:41 #10 type] 
Type domain.Admin is not enhanced.

------------------------------------------------------------------------------------------------------------------------

[2023-05-16 19:15:43 #1 store] 
Database 'C:\Users\ander\eclipse-workspace\Bets21\src\main\resources\bets.temp' is opened by 10732@LAPTOP-KMC7QC4S

[2023-05-16 19:15:43 #2 type] 
Type domain.Quote is not enhanced.

[2023-05-16 19:15:43 #3 type] 
Type domain.Bet is not enhanced.

[2023-05-16 19:15:43 #4 type] 
Type domain.Question is not enhanced.

[2023-05-16 19:15:43 #5 type] 
Type domain.User is not enhanced.

[2023-05-16 19:15:43 #6 type] 
Type domain.Registered is not enhanced.

[2023-05-16 19:15:43 #7 type] 
Type domain.Event is not enhanced.

[2023-05-16 19:15:43 #8 type] 
Type domain.Message is not enhanced.

[2023-05-16 19:15:43 #9 type] 
Type domain.Movement is not enhanced.

[2023-05-16 19:15:43 #10 type] 
Type domain.Admin is not enhanced.

------------------------------------------------------------------------------------------------------------------------

[2023-05-16 19:18:19 #1 store] 
Database 'C:\Users\ander\eclipse-workspace\Bets21\src\main\resources\bets.temp' is opened by 11620@LAPTOP-KMC7QC4S

[2023-05-16 19:18:19 #2 type] 
Type domain.Quote is not enhanced.

[2023-05-16 19:18:19 #3 type] 
Type domain.Bet is not enhanced.

[2023-05-16 19:18:19 #4 type] 
Type domain.Question is not enhanced.

[2023-05-16 19:18:19 #5 type] 
Type domain.User is not enhanced.

[2023-05-16 19:18:19 #6 type] 
Type domain.Registered is not enhanced.

[2023-05-16 19:18:19 #7 type] 
Type domain.Event is not enhanced.

[2023-05-16 19:18:19 #8 type] 
Type domain.Message is not enhanced.

[2023-05-16 19:18:19 #9 type] 
Type domain.Movement is not enhanced.

[2023-05-16 19:18:19 #10 type] 
Type domain.Admin is not enhanced.

------------------------------------------------------------------------------------------------------------------------

[2023-05-16 19:20:57 #1 store] 
Database 'C:\Users\ander\eclipse-workspace\Bets21\src\main\resources\bets.temp' has been recovered (tr. 10-11)

[2023-05-16 19:20:57 #2 store] 
Database 'C:\Users\ander\eclipse-workspace\Bets21\src\main\resources\bets.temp' is opened by 20320@LAPTOP-KMC7QC4S

[2023-05-16 19:20:58 #3 type] 
Type domain.Quote is not enhanced.

[2023-05-16 19:20:58 #4 type] 
Type domain.Bet is not enhanced.

[2023-05-16 19:20:58 #5 type] 
Type domain.Question is not enhanced.

[2023-05-16 19:20:58 #6 type] 
Type domain.User is not enhanced.

[2023-05-16 19:20:58 #7 type] 
Type domain.Registered is not enhanced.

[2023-05-16 19:20:58 #8 type] 
Type domain.Event is not enhanced.

[2023-05-16 19:20:58 #9 type] 
Type domain.Message is not enhanced.

[2023-05-16 19:20:58 #10 type] 
Type domain.Movement is not enhanced.

[2023-05-16 19:20:58 #11 type] 
Type domain.Admin is not enhanced.

------------------------------------------------------------------------------------------------------------------------

[2023-05-16 19:21:51 #1 store] 
Database 'C:\Users\ander\eclipse-workspace\Bets21\src\main\resources\bets.temp' is opened by 21640@LAPTOP-KMC7QC4S

[2023-05-16 19:21:52 #2 type] 
Type domain.Quote is not enhanced.

[2023-05-16 19:21:52 #3 type] 
Type domain.Bet is not enhanced.

[2023-05-16 19:21:52 #4 type] 
Type domain.Question is not enhanced.

[2023-05-16 19:21:52 #5 type] 
Type domain.User is not enhanced.

[2023-05-16 19:21:52 #6 type] 
Type domain.Registered is not enhanced.

[2023-05-16 19:21:52 #7 type] 
Type domain.Event is not enhanced.

[2023-05-16 19:21:52 #8 type] 
Type domain.Message is not enhanced.

[2023-05-16 19:21:52 #9 type] 
Type domain.Movement is not enhanced.

[2023-05-16 19:21:52 #10 type] 
Type domain.Admin is not enhanced.

------------------------------------------------------------------------------------------------------------------------

[2023-05-16 19:22:56 #1 store] 
Database 'C:\Users\ander\eclipse-workspace\Bets21\src\main\resources\bets.temp' is opened by 2292@LAPTOP-KMC7QC4S

[2023-05-16 19:22:56 #2 type.registry] 
New type domain.Quote

[2023-05-16 19:22:56 #3 type] 
Type domain.Quote is not enhanced.

[2023-05-16 19:22:56 #4 type.registry] 
New type domain.Bet

[2023-05-16 19:22:56 #5 type.registry] 
New type java.util.Vector<domain.Bet>

[2023-05-16 19:22:56 #6 type.registry] 
New type domain.Question

[2023-05-16 19:22:56 #7 type] 
Type domain.Bet is not enhanced.

[2023-05-16 19:22:56 #8 type.registry] 
New type domain.User

[2023-05-16 19:22:56 #9 type.registry] 
New type domain.Registered

[2023-05-16 19:22:56 #10 type.registry] 
New type java.util.Vector<domain.Quote>

[2023-05-16 19:22:56 #11 type] 
Type domain.Question is not enhanced.

[2023-05-16 19:22:56 #12 type.registry] 
New type domain.Event

[2023-05-16 19:22:56 #13 type] 
Type domain.User is not enhanced.

[2023-05-16 19:22:56 #14 type.registry] 
New type domain.Message

[2023-05-16 19:22:56 #15 type.registry] 
New type java.util.Vector<domain.Message>

[2023-05-16 19:22:56 #16 type] 
Type domain.Registered is not enhanced.

[2023-05-16 19:22:56 #17 type.registry] 
New type java.util.Vector<domain.Registered>

[2023-05-16 19:22:56 #18 type.registry] 
New type domain.Movement

[2023-05-16 19:22:56 #19 type.registry] 
New type java.util.Vector<domain.Movement>

[2023-05-16 19:22:56 #20 type] 
Type domain.Event is not enhanced.

[2023-05-16 19:22:56 #21 type.registry] 
New type java.util.Vector<domain.Question>

[2023-05-16 19:22:56 #22 type] 
Type domain.Message is not enhanced.

[2023-05-16 19:22:56 #23 type] 
Type domain.Movement is not enhanced.

[2023-05-16 19:22:56 #24 type.registry] 
New type domain.Admin

[2023-05-16 19:22:56 #25 type] 
Type domain.Admin is not enhanced.

[2023-05-16 19:22:56 #26 type.registry] 
New type java.util.Vector<java.lang.Object>

------------------------------------------------------------------------------------------------------------------------

[2023-05-16 19:23:13 #1 store] 
Database 'C:\Users\ander\eclipse-workspace\Bets21\src\main\resources\bets.temp' has been recovered (tr. 1-6)

[2023-05-16 19:23:13 #2 store] 
Database 'C:\Users\ander\eclipse-workspace\Bets21\src\main\resources\bets.temp' is opened by 16076@LAPTOP-KMC7QC4S

[2023-05-16 19:23:14 #3 type] 
Type domain.Quote is not enhanced.

[2023-05-16 19:23:14 #4 type] 
Type domain.Bet is not enhanced.

[2023-05-16 19:23:14 #5 type] 
Type domain.Question is not enhanced.

[2023-05-16 19:23:14 #6 type] 
Type domain.User is not enhanced.

[2023-05-16 19:23:14 #7 type] 
Type domain.Registered is not enhanced.

[2023-05-16 19:23:14 #8 type] 
Type domain.Event is not enhanced.

[2023-05-16 19:23:14 #9 type] 
Type domain.Message is not enhanced.

[2023-05-16 19:23:14 #10 type] 
Type domain.Movement is not enhanced.

[2023-05-16 19:23:14 #11 type] 
Type domain.Admin is not enhanced.

