------------------------------------------------------------------------------------------------------------------------

[2023-02-22 10:42:33 #1 store] 
Database 'C:\Users\ehu\Desktop\WORKSPACE\Bets21\src\main\resources\bets.temp' is opened by 15932@U113847

[2023-02-22 10:42:33 #2 type.registry] 
New type domain.Question

[2023-02-22 10:42:33 #3 type] 
Type domain.Question is not enhanced.

[2023-02-22 10:42:33 #4 type.registry] 
New type domain.Quote

[2023-02-22 10:42:33 #5 type.registry] 
New type java.util.Vector<domain.Quote>

[2023-02-22 10:42:33 #6 type.registry] 
New type domain.Event

[2023-02-22 10:42:33 #7 type] 
Type domain.Quote is not enhanced.

[2023-02-22 10:42:33 #8 type] 
Type domain.Event is not enhanced.

[2023-02-22 10:42:33 #9 type.registry] 
New type java.util.Vector<domain.Question>

[2023-02-22 10:42:33 #10 type.registry] 
New type java.util.Vector<java.lang.Object>

------------------------------------------------------------------------------------------------------------------------

[2023-02-22 10:45:43 #1 store] 
Database 'C:\Users\ehu\Desktop\WORKSPACE\Bets21\src\main\resources\bets.temp' is opened by 16972@U113847

[2023-02-22 10:45:43 #2 type.registry] 
New type domain.Question

[2023-02-22 10:45:43 #3 type] 
Type domain.Question is not enhanced.

[2023-02-22 10:45:43 #4 type.registry] 
New type domain.Quote

[2023-02-22 10:45:43 #5 type.registry] 
New type java.util.Vector<domain.Quote>

[2023-02-22 10:45:43 #6 type.registry] 
New type domain.Event

[2023-02-22 10:45:43 #7 type] 
Type domain.Quote is not enhanced.

[2023-02-22 10:45:43 #8 type] 
Type domain.Event is not enhanced.

[2023-02-22 10:45:43 #9 type.registry] 
New type java.util.Vector<domain.Question>

[2023-02-22 10:45:43 #10 type.registry] 
New type java.util.Vector<java.lang.Object>

------------------------------------------------------------------------------------------------------------------------

[2023-02-22 10:46:49 #1 store] 
Database 'C:\Users\ehu\Desktop\WORKSPACE\Bets21\src\main\resources\bets.temp' is opened by 17328@U113847

[2023-02-22 10:46:50 #2 type.registry] 
New type domain.Question

[2023-02-22 10:46:50 #3 type] 
Type domain.Question is not enhanced.

[2023-02-22 10:46:50 #4 type.registry] 
New type domain.Quote

[2023-02-22 10:46:50 #5 type.registry] 
New type java.util.Vector<domain.Quote>

[2023-02-22 10:46:50 #6 type.registry] 
New type domain.Event

[2023-02-22 10:46:50 #7 type] 
Type domain.Quote is not enhanced.

[2023-02-22 10:46:50 #8 type] 
Type domain.Event is not enhanced.

[2023-02-22 10:46:50 #9 type.registry] 
New type java.util.Vector<domain.Question>

[2023-02-22 10:46:50 #10 type.registry] 
New type java.util.Vector<java.lang.Object>

