------------------------------------------------------------------------------------------------------------------------

[2023-05-20 18:46:25 #1 store] 
Database 'C:\Users\ander\eclipse-workspace\Bets21\src\main\resources\bets.temp' is opened by 14120@LAPTOP-KMC7QC4S

[2023-05-20 18:46:25 #2 type.registry] 
New type domain.User

[2023-05-20 18:46:25 #3 type.registry] 
New type domain.Admin

[2023-05-20 18:46:25 #4 type] 
Type domain.User is not enhanced.

[2023-05-20 18:46:25 #5 type.registry] 
New type domain.Message

[2023-05-20 18:46:25 #6 type.registry] 
New type java.util.Vector<domain.Message>

[2023-05-20 18:46:25 #7 type] 
Type domain.Admin is not enhanced.

[2023-05-20 18:46:25 #8 type] 
Type domain.Message is not enhanced.

[2023-05-20 18:46:25 #9 type.registry] 
New type domain.Question

[2023-05-20 18:46:25 #10 type] 
Type domain.Question is not enhanced.

[2023-05-20 18:46:25 #11 type.registry] 
New type domain.Quote

[2023-05-20 18:46:25 #12 type.registry] 
New type java.util.Vector<domain.Quote>

[2023-05-20 18:46:25 #13 type.registry] 
New type domain.Event

[2023-05-20 18:46:25 #14 type] 
Type domain.Quote is not enhanced.

[2023-05-20 18:46:25 #15 type.registry] 
New type domain.Bet

[2023-05-20 18:46:25 #16 type.registry] 
New type java.util.Vector<domain.Bet>

[2023-05-20 18:46:25 #17 type] 
Type domain.Event is not enhanced.

[2023-05-20 18:46:25 #18 type.registry] 
New type java.util.Vector<domain.Question>

[2023-05-20 18:46:25 #19 type] 
Type domain.Bet is not enhanced.

[2023-05-20 18:46:25 #20 type.registry] 
New type domain.Registered

[2023-05-20 18:46:25 #21 type] 
Type domain.Registered is not enhanced.

[2023-05-20 18:46:25 #22 type.registry] 
New type java.util.Vector<domain.Registered>

[2023-05-20 18:46:25 #23 type.registry] 
New type domain.Movement

[2023-05-20 18:46:25 #24 type.registry] 
New type java.util.Vector<domain.Movement>

[2023-05-20 18:46:25 #25 type] 
Type domain.Movement is not enhanced.

[2023-05-20 18:46:25 #26 type.registry] 
New type java.util.Vector<java.lang.Object>

------------------------------------------------------------------------------------------------------------------------

[2023-05-20 18:46:46 #1 store] 
Database 'C:\Users\ander\eclipse-workspace\Bets21\src\main\resources\bets.temp' has been recovered (tr. 1-6)

[2023-05-20 18:46:46 #2 store] 
Database 'C:\Users\ander\eclipse-workspace\Bets21\src\main\resources\bets.temp' is opened by 2588@LAPTOP-KMC7QC4S

[2023-05-20 18:46:46 #3 type] 
Type domain.User is not enhanced.

[2023-05-20 18:46:46 #4 type] 
Type domain.Admin is not enhanced.

[2023-05-20 18:46:46 #5 type] 
Type domain.Message is not enhanced.

[2023-05-20 18:46:46 #6 type] 
Type domain.Question is not enhanced.

[2023-05-20 18:46:46 #7 type] 
Type domain.Quote is not enhanced.

[2023-05-20 18:46:46 #8 type] 
Type domain.Event is not enhanced.

[2023-05-20 18:46:46 #9 type] 
Type domain.Bet is not enhanced.

[2023-05-20 18:46:46 #10 type] 
Type domain.Registered is not enhanced.

[2023-05-20 18:46:46 #11 type] 
Type domain.Movement is not enhanced.

