------------------------------------------------------------------------------------------------------------------------

[2023-10-22 21:43:28 #1 store] 
Database 'C:\Users\ander\git\Bets21\src\main\resources\bets.temp' has been recovered (tr. 1-6)

[2023-10-22 21:43:28 #2 store] 
Database 'C:\Users\ander\git\Bets21\src\main\resources\bets.temp' is opened by 12668@LAPTOP-KMC7QC4S

[2023-10-22 21:43:29 #3 type] 
Type domain.User is not enhanced.

[2023-10-22 21:43:29 #4 type] 
Type domain.Admin is not enhanced.

[2023-10-22 21:43:29 #5 type] 
Type domain.Message is not enhanced.

[2023-10-22 21:43:29 #6 type] 
Type domain.Question is not enhanced.

[2023-10-22 21:43:29 #7 type] 
Type domain.Quote is not enhanced.

[2023-10-22 21:43:29 #8 type] 
Type domain.Event is not enhanced.

[2023-10-22 21:43:29 #9 type] 
Type domain.Bet is not enhanced.

[2023-10-22 21:43:29 #10 type] 
Type domain.Registered is not enhanced.

[2023-10-22 21:43:29 #11 type] 
Type domain.Movement is not enhanced.

------------------------------------------------------------------------------------------------------------------------

[2023-10-22 21:43:39 #1 store] 
Database 'C:\Users\ander\git\Bets21\src\main\resources\bets.temp' has been recovered (tr. 7-15)

[2023-10-22 21:43:39 #2 store] 
Database 'C:\Users\ander\git\Bets21\src\main\resources\bets.temp' is opened by 4600@LAPTOP-KMC7QC4S

[2023-10-22 21:43:39 #3 type] 
Type domain.User is not enhanced.

[2023-10-22 21:43:39 #4 type] 
Type domain.Admin is not enhanced.

[2023-10-22 21:43:39 #5 type] 
Type domain.Message is not enhanced.

[2023-10-22 21:43:39 #6 type] 
Type domain.Question is not enhanced.

[2023-10-22 21:43:39 #7 type] 
Type domain.Quote is not enhanced.

[2023-10-22 21:43:39 #8 type] 
Type domain.Event is not enhanced.

[2023-10-22 21:43:39 #9 type] 
Type domain.Bet is not enhanced.

[2023-10-22 21:43:39 #10 type] 
Type domain.Registered is not enhanced.

[2023-10-22 21:43:39 #11 type] 
Type domain.Movement is not enhanced.

------------------------------------------------------------------------------------------------------------------------

[2023-10-22 22:43:15 #1 store] 
Database 'C:\Users\ander\git\Bets21\src\main\resources\bets.temp' has been recovered (tr. 16-23)

[2023-10-22 22:43:15 #2 store] 
Database 'C:\Users\ander\git\Bets21\src\main\resources\bets.temp' is opened by 17792@LAPTOP-KMC7QC4S

[2023-10-22 22:43:15 #3 type] 
Type domain.User is not enhanced.

[2023-10-22 22:43:15 #4 type] 
Type domain.Admin is not enhanced.

[2023-10-22 22:43:15 #5 type] 
Type domain.Message is not enhanced.

[2023-10-22 22:43:15 #6 type] 
Type domain.Question is not enhanced.

[2023-10-22 22:43:15 #7 type] 
Type domain.Quote is not enhanced.

[2023-10-22 22:43:15 #8 type] 
Type domain.Event is not enhanced.

[2023-10-22 22:43:15 #9 type] 
Type domain.Bet is not enhanced.

[2023-10-22 22:43:15 #10 type] 
Type domain.Registered is not enhanced.

[2023-10-22 22:43:15 #11 type] 
Type domain.Movement is not enhanced.

------------------------------------------------------------------------------------------------------------------------

[2023-10-22 22:43:30 #1 store] 
Database 'C:\Users\ander\git\Bets21\src\main\resources\bets.temp' has been recovered (tr. 24-31)

[2023-10-22 22:43:30 #2 store] 
Database 'C:\Users\ander\git\Bets21\src\main\resources\bets.temp' is opened by 17988@LAPTOP-KMC7QC4S

[2023-10-22 22:43:30 #3 type] 
Type domain.User is not enhanced.

[2023-10-22 22:43:30 #4 type] 
Type domain.Admin is not enhanced.

[2023-10-22 22:43:30 #5 type] 
Type domain.Message is not enhanced.

[2023-10-22 22:43:30 #6 type] 
Type domain.Question is not enhanced.

[2023-10-22 22:43:30 #7 type] 
Type domain.Quote is not enhanced.

[2023-10-22 22:43:30 #8 type] 
Type domain.Event is not enhanced.

[2023-10-22 22:43:30 #9 type] 
Type domain.Bet is not enhanced.

[2023-10-22 22:43:30 #10 type] 
Type domain.Registered is not enhanced.

[2023-10-22 22:43:30 #11 type] 
Type domain.Movement is not enhanced.

------------------------------------------------------------------------------------------------------------------------

[2023-10-22 22:43:49 #1 store] 
Database 'C:\Users\ander\git\Bets21\src\main\resources\bets.temp' has been recovered (tr. 32-52)

[2023-10-22 22:43:49 #2 store] 
Database 'C:\Users\ander\git\Bets21\src\main\resources\bets.temp' is opened by 2472@LAPTOP-KMC7QC4S

[2023-10-22 22:43:49 #3 type] 
Type domain.User is not enhanced.

[2023-10-22 22:43:49 #4 type] 
Type domain.Admin is not enhanced.

[2023-10-22 22:43:49 #5 type] 
Type domain.Message is not enhanced.

[2023-10-22 22:43:49 #6 type] 
Type domain.Question is not enhanced.

[2023-10-22 22:43:49 #7 type] 
Type domain.Quote is not enhanced.

[2023-10-22 22:43:49 #8 type] 
Type domain.Event is not enhanced.

[2023-10-22 22:43:49 #9 type] 
Type domain.Bet is not enhanced.

[2023-10-22 22:43:49 #10 type] 
Type domain.Registered is not enhanced.

[2023-10-22 22:43:49 #11 type] 
Type domain.Movement is not enhanced.

------------------------------------------------------------------------------------------------------------------------

[2023-10-22 22:43:59 #1 store] 
Database 'C:\Users\ander\git\Bets21\src\main\resources\bets.temp' has been recovered (tr. 53-94)

[2023-10-22 22:43:59 #2 store] 
Database 'C:\Users\ander\git\Bets21\src\main\resources\bets.temp' is opened by 5688@LAPTOP-KMC7QC4S

[2023-10-22 22:44:00 #3 type] 
Type domain.User is not enhanced.

[2023-10-22 22:44:00 #4 type] 
Type domain.Admin is not enhanced.

[2023-10-22 22:44:00 #5 type] 
Type domain.Message is not enhanced.

[2023-10-22 22:44:00 #6 type] 
Type domain.Question is not enhanced.

[2023-10-22 22:44:00 #7 type] 
Type domain.Quote is not enhanced.

[2023-10-22 22:44:00 #8 type] 
Type domain.Event is not enhanced.

[2023-10-22 22:44:00 #9 type] 
Type domain.Bet is not enhanced.

[2023-10-22 22:44:00 #10 type] 
Type domain.Registered is not enhanced.

[2023-10-22 22:44:00 #11 type] 
Type domain.Movement is not enhanced.

------------------------------------------------------------------------------------------------------------------------

[2023-10-22 22:50:51 #1 store] 
Database 'C:\Users\ander\git\Bets21\src\main\resources\bets.temp' is opened by 18180@LAPTOP-KMC7QC4S

[2023-10-22 22:50:51 #2 type.registry] 
New type domain.User

[2023-10-22 22:50:51 #3 type.registry] 
New type domain.Admin

[2023-10-22 22:50:51 #4 type] 
Type domain.User is not enhanced.

[2023-10-22 22:50:51 #5 type.registry] 
New type domain.Message

[2023-10-22 22:50:51 #6 type.registry] 
New type java.util.Vector<domain.Message>

[2023-10-22 22:50:51 #7 type] 
Type domain.Admin is not enhanced.

[2023-10-22 22:50:51 #8 type] 
Type domain.Message is not enhanced.

[2023-10-22 22:50:51 #9 type.registry] 
New type domain.Question

[2023-10-22 22:50:51 #10 type] 
Type domain.Question is not enhanced.

[2023-10-22 22:50:51 #11 type.registry] 
New type domain.Quote

[2023-10-22 22:50:51 #12 type.registry] 
New type java.util.Vector<domain.Quote>

[2023-10-22 22:50:51 #13 type.registry] 
New type domain.Event

[2023-10-22 22:50:51 #14 type] 
Type domain.Quote is not enhanced.

[2023-10-22 22:50:51 #15 type.registry] 
New type domain.Bet

[2023-10-22 22:50:51 #16 type.registry] 
New type java.util.Vector<domain.Bet>

[2023-10-22 22:50:51 #17 type] 
Type domain.Event is not enhanced.

[2023-10-22 22:50:51 #18 type.registry] 
New type java.util.Vector<domain.Question>

[2023-10-22 22:50:51 #19 type] 
Type domain.Bet is not enhanced.

[2023-10-22 22:50:51 #20 type.registry] 
New type domain.Registered

[2023-10-22 22:50:51 #21 type] 
Type domain.Registered is not enhanced.

[2023-10-22 22:50:51 #22 type.registry] 
New type java.util.Vector<domain.Registered>

[2023-10-22 22:50:51 #23 type.registry] 
New type domain.Movement

[2023-10-22 22:50:51 #24 type.registry] 
New type java.util.Vector<domain.Movement>

[2023-10-22 22:50:51 #25 type] 
Type domain.Movement is not enhanced.

[2023-10-22 22:50:51 #26 type.registry] 
New type java.util.Vector<java.lang.Object>

------------------------------------------------------------------------------------------------------------------------

[2023-10-22 22:51:15 #1 store] 
Database 'C:\Users\ander\git\Bets21\src\main\resources\bets.temp' has been recovered (tr. 1-6)

[2023-10-22 22:51:15 #2 store] 
Database 'C:\Users\ander\git\Bets21\src\main\resources\bets.temp' is opened by 17560@LAPTOP-KMC7QC4S

[2023-10-22 22:51:15 #3 type] 
Type domain.User is not enhanced.

[2023-10-22 22:51:15 #4 type] 
Type domain.Admin is not enhanced.

[2023-10-22 22:51:15 #5 type] 
Type domain.Message is not enhanced.

[2023-10-22 22:51:15 #6 type] 
Type domain.Question is not enhanced.

[2023-10-22 22:51:15 #7 type] 
Type domain.Quote is not enhanced.

[2023-10-22 22:51:15 #8 type] 
Type domain.Event is not enhanced.

[2023-10-22 22:51:15 #9 type] 
Type domain.Bet is not enhanced.

[2023-10-22 22:51:15 #10 type] 
Type domain.Registered is not enhanced.

[2023-10-22 22:51:15 #11 type] 
Type domain.Movement is not enhanced.

------------------------------------------------------------------------------------------------------------------------

[2023-10-22 23:03:03 #1 store] 
Database 'C:\Users\ander\git\Bets21\src\main\resources\bets.temp' has been recovered (tr. 7-161)

[2023-10-22 23:03:03 #2 store] 
Database 'C:\Users\ander\git\Bets21\src\main\resources\bets.temp' is opened by 9900@LAPTOP-KMC7QC4S

[2023-10-22 23:03:03 #3 type] 
Type domain.User is not enhanced.

[2023-10-22 23:03:03 #4 type] 
Type domain.Admin is not enhanced.

[2023-10-22 23:03:03 #5 type] 
Type domain.Message is not enhanced.

[2023-10-22 23:03:03 #6 type] 
Type domain.Question is not enhanced.

[2023-10-22 23:03:03 #7 type] 
Type domain.Quote is not enhanced.

[2023-10-22 23:03:03 #8 type] 
Type domain.Event is not enhanced.

[2023-10-22 23:03:03 #9 type] 
Type domain.Bet is not enhanced.

[2023-10-22 23:03:03 #10 type] 
Type domain.Registered is not enhanced.

[2023-10-22 23:03:03 #11 type] 
Type domain.Movement is not enhanced.

------------------------------------------------------------------------------------------------------------------------

[2023-10-22 23:05:54 #1 store] 
Database 'C:\Users\ander\git\Bets21\src\main\resources\bets.temp' has been recovered (tr. 162-180)

[2023-10-22 23:05:54 #2 store] 
Database 'C:\Users\ander\git\Bets21\src\main\resources\bets.temp' is opened by 13100@LAPTOP-KMC7QC4S

[2023-10-22 23:05:54 #3 type] 
Type domain.User is not enhanced.

[2023-10-22 23:05:54 #4 type] 
Type domain.Admin is not enhanced.

[2023-10-22 23:05:54 #5 type] 
Type domain.Message is not enhanced.

[2023-10-22 23:05:54 #6 type] 
Type domain.Question is not enhanced.

[2023-10-22 23:05:54 #7 type] 
Type domain.Quote is not enhanced.

[2023-10-22 23:05:54 #8 type] 
Type domain.Event is not enhanced.

[2023-10-22 23:05:54 #9 type] 
Type domain.Bet is not enhanced.

[2023-10-22 23:05:54 #10 type] 
Type domain.Registered is not enhanced.

[2023-10-22 23:05:54 #11 type] 
Type domain.Movement is not enhanced.

