------------------------------------------------------------------------------------------------------------------------

[2023-10-16 12:06:34 #1 store] 
Database 'C:\Users\ander\git\Bets21\src\main\resources\bets.temp' has been recovered (tr. 852-859)

[2023-10-16 12:06:34 #2 store] 
Database 'C:\Users\ander\git\Bets21\src\main\resources\bets.temp' is opened by 21916@LAPTOP-KMC7QC4S

[2023-10-16 12:06:34 #3 type] 
Type domain.User is not enhanced.

[2023-10-16 12:06:34 #4 type] 
Type domain.Admin is not enhanced.

[2023-10-16 12:06:34 #5 type] 
Type domain.Message is not enhanced.

[2023-10-16 12:06:34 #6 type] 
Type domain.Question is not enhanced.

[2023-10-16 12:06:34 #7 type] 
Type domain.Quote is not enhanced.

[2023-10-16 12:06:34 #8 type] 
Type domain.Event is not enhanced.

[2023-10-16 12:06:34 #9 type] 
Type domain.Bet is not enhanced.

[2023-10-16 12:06:34 #10 type] 
Type domain.Registered is not enhanced.

[2023-10-16 12:06:34 #11 type] 
Type domain.Movement is not enhanced.

