------------------------------------------------------------------------------------------------------------------------

[2023-10-07 18:46:48 #1 store] 
Database 'C:\Users\ander\git\Bets21\src\main\resources\bets.temp' has been recovered (tr. 175-188)

[2023-10-07 18:46:48 #2 store] 
Database 'C:\Users\ander\git\Bets21\src\main\resources\bets.temp' is opened by 17004@LAPTOP-KMC7QC4S

[2023-10-07 18:46:48 #3 type] 
Type domain.User is not enhanced.

[2023-10-07 18:46:48 #4 type] 
Type domain.Admin is not enhanced.

[2023-10-07 18:46:48 #5 type] 
Type domain.Message is not enhanced.

[2023-10-07 18:46:48 #6 type] 
Type domain.Question is not enhanced.

[2023-10-07 18:46:48 #7 type] 
Type domain.Quote is not enhanced.

[2023-10-07 18:46:48 #8 type] 
Type domain.Event is not enhanced.

[2023-10-07 18:46:48 #9 type] 
Type domain.Bet is not enhanced.

[2023-10-07 18:46:48 #10 type] 
Type domain.Registered is not enhanced.

[2023-10-07 18:46:48 #11 type] 
Type domain.Movement is not enhanced.

------------------------------------------------------------------------------------------------------------------------

[2023-10-07 18:51:12 #1 store] 
Database 'C:\Users\ander\git\Bets21\src\main\resources\bets.temp' is opened by 7024@LAPTOP-KMC7QC4S

[2023-10-07 18:51:12 #2 type] 
Type domain.User is not enhanced.

[2023-10-07 18:51:12 #3 type] 
Type domain.Admin is not enhanced.

[2023-10-07 18:51:12 #4 type] 
Type domain.Message is not enhanced.

[2023-10-07 18:51:12 #5 type] 
Type domain.Question is not enhanced.

[2023-10-07 18:51:12 #6 type] 
Type domain.Quote is not enhanced.

[2023-10-07 18:51:12 #7 type] 
Type domain.Event is not enhanced.

[2023-10-07 18:51:12 #8 type] 
Type domain.Bet is not enhanced.

[2023-10-07 18:51:12 #9 type] 
Type domain.Registered is not enhanced.

[2023-10-07 18:51:12 #10 type] 
Type domain.Movement is not enhanced.

------------------------------------------------------------------------------------------------------------------------

[2023-10-07 18:54:44 #1 store] 
Database 'C:\Users\ander\git\Bets21\src\main\resources\bets.temp' is opened by 18300@LAPTOP-KMC7QC4S

[2023-10-07 18:54:44 #2 type] 
Type domain.User is not enhanced.

[2023-10-07 18:54:44 #3 type] 
Type domain.Admin is not enhanced.

[2023-10-07 18:54:44 #4 type] 
Type domain.Message is not enhanced.

[2023-10-07 18:54:44 #5 type] 
Type domain.Question is not enhanced.

[2023-10-07 18:54:44 #6 type] 
Type domain.Quote is not enhanced.

[2023-10-07 18:54:44 #7 type] 
Type domain.Event is not enhanced.

[2023-10-07 18:54:44 #8 type] 
Type domain.Bet is not enhanced.

[2023-10-07 18:54:44 #9 type] 
Type domain.Registered is not enhanced.

[2023-10-07 18:54:44 #10 type] 
Type domain.Movement is not enhanced.

------------------------------------------------------------------------------------------------------------------------

[2023-10-07 18:56:31 #1 store] 
Database 'C:\Users\ander\git\Bets21\src\main\resources\bets.temp' is opened by 17548@LAPTOP-KMC7QC4S

[2023-10-07 18:56:31 #2 type] 
Type domain.User is not enhanced.

[2023-10-07 18:56:31 #3 type] 
Type domain.Admin is not enhanced.

[2023-10-07 18:56:31 #4 type] 
Type domain.Message is not enhanced.

[2023-10-07 18:56:31 #5 type] 
Type domain.Question is not enhanced.

[2023-10-07 18:56:31 #6 type] 
Type domain.Quote is not enhanced.

[2023-10-07 18:56:31 #7 type] 
Type domain.Event is not enhanced.

[2023-10-07 18:56:31 #8 type] 
Type domain.Bet is not enhanced.

[2023-10-07 18:56:31 #9 type] 
Type domain.Registered is not enhanced.

[2023-10-07 18:56:31 #10 type] 
Type domain.Movement is not enhanced.

------------------------------------------------------------------------------------------------------------------------

[2023-10-07 19:36:09 #1 store] 
Database 'C:\Users\ander\git\Bets21\src\main\resources\bets.temp' has been recovered (tr. 203-216)

[2023-10-07 19:36:09 #2 store] 
Database 'C:\Users\ander\git\Bets21\src\main\resources\bets.temp' is opened by 8096@LAPTOP-KMC7QC4S

[2023-10-07 19:36:09 #3 type] 
Type domain.User is not enhanced.

[2023-10-07 19:36:09 #4 type] 
Type domain.Admin is not enhanced.

[2023-10-07 19:36:09 #5 type] 
Type domain.Message is not enhanced.

[2023-10-07 19:36:09 #6 type] 
Type domain.Question is not enhanced.

[2023-10-07 19:36:09 #7 type] 
Type domain.Quote is not enhanced.

[2023-10-07 19:36:09 #8 type] 
Type domain.Event is not enhanced.

[2023-10-07 19:36:09 #9 type] 
Type domain.Bet is not enhanced.

[2023-10-07 19:36:09 #10 type] 
Type domain.Registered is not enhanced.

[2023-10-07 19:36:09 #11 type] 
Type domain.Movement is not enhanced.

------------------------------------------------------------------------------------------------------------------------

[2023-10-07 19:37:01 #1 store] 
Database 'C:\Users\ander\git\Bets21\src\main\resources\bets.temp' is opened by 3380@LAPTOP-KMC7QC4S

[2023-10-07 19:37:01 #2 type] 
Type domain.User is not enhanced.

[2023-10-07 19:37:01 #3 type] 
Type domain.Admin is not enhanced.

[2023-10-07 19:37:01 #4 type] 
Type domain.Message is not enhanced.

[2023-10-07 19:37:01 #5 type] 
Type domain.Question is not enhanced.

[2023-10-07 19:37:01 #6 type] 
Type domain.Quote is not enhanced.

[2023-10-07 19:37:01 #7 type] 
Type domain.Event is not enhanced.

[2023-10-07 19:37:01 #8 type] 
Type domain.Bet is not enhanced.

[2023-10-07 19:37:01 #9 type] 
Type domain.Registered is not enhanced.

[2023-10-07 19:37:01 #10 type] 
Type domain.Movement is not enhanced.

