------------------------------------------------------------------------------------------------------------------------

[2023-11-12 18:09:36 #1 store] 
Database 'C:\Users\sori2\Desktop\Clase\tercero\SI2\proiektua\Bets21\src\main\resources\bets.temp' is opened by 15388@LAPTOP-36P8KGSL

[2023-11-12 18:09:36 #2 type] 
Type domain.User is not enhanced.

[2023-11-12 18:09:36 #3 type] 
Type domain.Admin is not enhanced.

[2023-11-12 18:09:36 #4 type] 
Type domain.Message is not enhanced.

[2023-11-12 18:09:36 #5 type] 
Type domain.Question is not enhanced.

[2023-11-12 18:09:36 #6 type] 
Type domain.Quote is not enhanced.

[2023-11-12 18:09:36 #7 type] 
Type domain.Event is not enhanced.

[2023-11-12 18:09:36 #8 type] 
Type domain.Bet is not enhanced.

[2023-11-12 18:09:36 #9 type] 
Type domain.Registered is not enhanced.

[2023-11-12 18:09:36 #10 type] 
Type domain.Movement is not enhanced.

------------------------------------------------------------------------------------------------------------------------

[2023-11-12 18:25:37 #1 store] 
Database 'C:\Users\sori2\Desktop\Clase\tercero\SI2\proiektua\Bets21\src\main\resources\bets.temp' is opened by 14500@LAPTOP-36P8KGSL

[2023-11-12 18:25:37 #2 type] 
Type domain.User is not enhanced.

[2023-11-12 18:25:37 #3 type] 
Type domain.Admin is not enhanced.

[2023-11-12 18:25:37 #4 type] 
Type domain.Message is not enhanced.

[2023-11-12 18:25:37 #5 type] 
Type domain.Question is not enhanced.

[2023-11-12 18:25:37 #6 type] 
Type domain.Quote is not enhanced.

[2023-11-12 18:25:37 #7 type] 
Type domain.Event is not enhanced.

[2023-11-12 18:25:37 #8 type] 
Type domain.Bet is not enhanced.

[2023-11-12 18:25:37 #9 type] 
Type domain.Registered is not enhanced.

[2023-11-12 18:25:37 #10 type] 
Type domain.Movement is not enhanced.

------------------------------------------------------------------------------------------------------------------------

[2023-11-12 18:29:27 #1 store] 
Database 'C:\Users\sori2\Desktop\Clase\tercero\SI2\proiektua\Bets21\src\main\resources\bets.temp' is opened by 13168@LAPTOP-36P8KGSL

[2023-11-12 18:29:27 #2 type] 
Type domain.User is not enhanced.

[2023-11-12 18:29:27 #3 type] 
Type domain.Admin is not enhanced.

[2023-11-12 18:29:27 #4 type] 
Type domain.Message is not enhanced.

[2023-11-12 18:29:27 #5 type] 
Type domain.Question is not enhanced.

[2023-11-12 18:29:27 #6 type] 
Type domain.Quote is not enhanced.

[2023-11-12 18:29:27 #7 type] 
Type domain.Event is not enhanced.

[2023-11-12 18:29:27 #8 type] 
Type domain.Bet is not enhanced.

[2023-11-12 18:29:27 #9 type] 
Type domain.Registered is not enhanced.

[2023-11-12 18:29:27 #10 type] 
Type domain.Movement is not enhanced.

------------------------------------------------------------------------------------------------------------------------

[2023-11-12 18:31:12 #1 store] 
Database 'C:\Users\sori2\Desktop\Clase\tercero\SI2\proiektua\Bets21\src\main\resources\bets.temp' is opened by 9952@LAPTOP-36P8KGSL

[2023-11-12 18:31:12 #2 type] 
Type domain.User is not enhanced.

[2023-11-12 18:31:12 #3 type] 
Type domain.Admin is not enhanced.

[2023-11-12 18:31:12 #4 type] 
Type domain.Message is not enhanced.

[2023-11-12 18:31:12 #5 type] 
Type domain.Question is not enhanced.

[2023-11-12 18:31:12 #6 type] 
Type domain.Quote is not enhanced.

[2023-11-12 18:31:12 #7 type] 
Type domain.Event is not enhanced.

[2023-11-12 18:31:12 #8 type] 
Type domain.Bet is not enhanced.

[2023-11-12 18:31:12 #9 type] 
Type domain.Registered is not enhanced.

[2023-11-12 18:31:12 #10 type] 
Type domain.Movement is not enhanced.

------------------------------------------------------------------------------------------------------------------------

[2023-11-12 18:31:21 #1 store] 
Database 'C:\Users\sori2\Desktop\Clase\tercero\SI2\proiektua\Bets21\src\main\resources\bets.temp' is opened by 11696@LAPTOP-36P8KGSL

[2023-11-12 18:31:21 #2 type] 
Type domain.User is not enhanced.

[2023-11-12 18:31:21 #3 type] 
Type domain.Admin is not enhanced.

[2023-11-12 18:31:21 #4 type] 
Type domain.Message is not enhanced.

[2023-11-12 18:31:21 #5 type] 
Type domain.Question is not enhanced.

[2023-11-12 18:31:21 #6 type] 
Type domain.Quote is not enhanced.

[2023-11-12 18:31:21 #7 type] 
Type domain.Event is not enhanced.

[2023-11-12 18:31:21 #8 type] 
Type domain.Bet is not enhanced.

[2023-11-12 18:31:21 #9 type] 
Type domain.Registered is not enhanced.

[2023-11-12 18:31:21 #10 type] 
Type domain.Movement is not enhanced.

------------------------------------------------------------------------------------------------------------------------

[2023-11-12 18:31:55 #1 store] 
Database 'C:\Users\sori2\Desktop\Clase\tercero\SI2\proiektua\Bets21\src\main\resources\bets.temp' is opened by 16148@LAPTOP-36P8KGSL

[2023-11-12 18:31:55 #2 type] 
Type domain.User is not enhanced.

[2023-11-12 18:31:55 #3 type] 
Type domain.Admin is not enhanced.

[2023-11-12 18:31:55 #4 type] 
Type domain.Message is not enhanced.

[2023-11-12 18:31:55 #5 type] 
Type domain.Question is not enhanced.

[2023-11-12 18:31:55 #6 type] 
Type domain.Quote is not enhanced.

[2023-11-12 18:31:55 #7 type] 
Type domain.Event is not enhanced.

[2023-11-12 18:31:55 #8 type] 
Type domain.Bet is not enhanced.

[2023-11-12 18:31:55 #9 type] 
Type domain.Registered is not enhanced.

[2023-11-12 18:31:55 #10 type] 
Type domain.Movement is not enhanced.

------------------------------------------------------------------------------------------------------------------------

[2023-11-12 19:56:17 #1 store] 
Database 'C:\Users\sori2\Desktop\Clase\tercero\SI2\proiektua\Bets21\src\main\resources\bets.temp' is opened by 14032@LAPTOP-36P8KGSL

[2023-11-12 19:56:17 #2 type] 
Type domain.User is not enhanced.

[2023-11-12 19:56:18 #3 type] 
Type domain.Admin is not enhanced.

[2023-11-12 19:56:18 #4 type] 
Type domain.Message is not enhanced.

[2023-11-12 19:56:18 #5 type] 
Type domain.Question is not enhanced.

[2023-11-12 19:56:18 #6 type] 
Type domain.Quote is not enhanced.

[2023-11-12 19:56:18 #7 type] 
Type domain.Event is not enhanced.

[2023-11-12 19:56:18 #8 type] 
Type domain.Bet is not enhanced.

[2023-11-12 19:56:18 #9 type] 
Type domain.Registered is not enhanced.

[2023-11-12 19:56:18 #10 type] 
Type domain.Movement is not enhanced.

------------------------------------------------------------------------------------------------------------------------

[2023-11-12 21:52:45 #1 store] 
Database 'C:\Users\sori2\Desktop\Clase\tercero\SI2\proiektua\Bets21\src\main\resources\bets.temp' is opened by 12872@LAPTOP-36P8KGSL

[2023-11-12 21:52:46 #2 type] 
Type domain.User is not enhanced.

[2023-11-12 21:52:46 #3 type] 
Type domain.Admin is not enhanced.

[2023-11-12 21:52:46 #4 type] 
Type domain.Message is not enhanced.

[2023-11-12 21:52:46 #5 type] 
Type domain.Question is not enhanced.

[2023-11-12 21:52:46 #6 type] 
Type domain.Quote is not enhanced.

[2023-11-12 21:52:46 #7 type] 
Type domain.Event is not enhanced.

[2023-11-12 21:52:46 #8 type] 
Type domain.Bet is not enhanced.

[2023-11-12 21:52:46 #9 type] 
Type domain.Registered is not enhanced.

[2023-11-12 21:52:46 #10 type] 
Type domain.Movement is not enhanced.

------------------------------------------------------------------------------------------------------------------------

[2023-11-12 21:53:27 #1 store] 
Database 'C:\Users\sori2\Desktop\Clase\tercero\SI2\proiektua\Bets21\src\main\resources\bets.temp' is opened by 16748@LAPTOP-36P8KGSL

[2023-11-12 21:53:27 #2 type] 
Type domain.User is not enhanced.

[2023-11-12 21:53:27 #3 type] 
Type domain.Admin is not enhanced.

[2023-11-12 21:53:27 #4 type] 
Type domain.Message is not enhanced.

[2023-11-12 21:53:27 #5 type] 
Type domain.Question is not enhanced.

[2023-11-12 21:53:27 #6 type] 
Type domain.Quote is not enhanced.

[2023-11-12 21:53:27 #7 type] 
Type domain.Event is not enhanced.

[2023-11-12 21:53:27 #8 type] 
Type domain.Bet is not enhanced.

[2023-11-12 21:53:27 #9 type] 
Type domain.Registered is not enhanced.

[2023-11-12 21:53:27 #10 type] 
Type domain.Movement is not enhanced.

------------------------------------------------------------------------------------------------------------------------

[2023-11-12 22:00:54 #1 store] 
Database 'C:\Users\sori2\Desktop\Clase\tercero\SI2\proiektua\Bets21\src\main\resources\bets.temp' is opened by 14600@LAPTOP-36P8KGSL

[2023-11-12 22:00:54 #2 type] 
Type domain.User is not enhanced.

[2023-11-12 22:00:54 #3 type] 
Type domain.Admin is not enhanced.

[2023-11-12 22:00:54 #4 type] 
Type domain.Message is not enhanced.

[2023-11-12 22:00:54 #5 type] 
Type domain.Question is not enhanced.

[2023-11-12 22:00:54 #6 type] 
Type domain.Quote is not enhanced.

[2023-11-12 22:00:54 #7 type] 
Type domain.Event is not enhanced.

[2023-11-12 22:00:54 #8 type] 
Type domain.Bet is not enhanced.

[2023-11-12 22:00:54 #9 type] 
Type domain.Registered is not enhanced.

[2023-11-12 22:00:54 #10 type] 
Type domain.Movement is not enhanced.

------------------------------------------------------------------------------------------------------------------------

[2023-11-12 22:32:21 #1 store] 
Database 'C:\Users\sori2\Desktop\Clase\tercero\SI2\proiektua\Bets21\src\main\resources\bets.temp' is opened by 19464@LAPTOP-36P8KGSL

[2023-11-12 22:32:21 #2 type] 
Type domain.User is not enhanced.

[2023-11-12 22:32:21 #3 type] 
Type domain.Admin is not enhanced.

[2023-11-12 22:32:21 #4 type] 
Type domain.Message is not enhanced.

[2023-11-12 22:32:21 #5 type] 
Type domain.Question is not enhanced.

[2023-11-12 22:32:21 #6 type] 
Type domain.Quote is not enhanced.

[2023-11-12 22:32:21 #7 type] 
Type domain.Event is not enhanced.

[2023-11-12 22:32:21 #8 type] 
Type domain.Bet is not enhanced.

[2023-11-12 22:32:21 #9 type] 
Type domain.Registered is not enhanced.

[2023-11-12 22:32:21 #10 type] 
Type domain.Movement is not enhanced.

------------------------------------------------------------------------------------------------------------------------

[2023-11-12 22:35:11 #1 store] 
Database 'C:\Users\sori2\Desktop\Clase\tercero\SI2\proiektua\Bets21\src\main\resources\bets.temp' is opened by 19872@LAPTOP-36P8KGSL

[2023-11-12 22:35:11 #2 type] 
Type domain.User is not enhanced.

[2023-11-12 22:35:11 #3 type] 
Type domain.Admin is not enhanced.

[2023-11-12 22:35:11 #4 type] 
Type domain.Message is not enhanced.

[2023-11-12 22:35:11 #5 type] 
Type domain.Question is not enhanced.

[2023-11-12 22:35:11 #6 type] 
Type domain.Quote is not enhanced.

[2023-11-12 22:35:11 #7 type] 
Type domain.Event is not enhanced.

[2023-11-12 22:35:11 #8 type] 
Type domain.Bet is not enhanced.

[2023-11-12 22:35:11 #9 type] 
Type domain.Registered is not enhanced.

[2023-11-12 22:35:11 #10 type] 
Type domain.Movement is not enhanced.

------------------------------------------------------------------------------------------------------------------------

[2023-11-12 22:36:32 #1 store] 
Database 'C:\Users\sori2\Desktop\Clase\tercero\SI2\proiektua\Bets21\src\main\resources\bets.temp' is opened by 15724@LAPTOP-36P8KGSL

[2023-11-12 22:36:33 #2 type] 
Type domain.User is not enhanced.

[2023-11-12 22:36:33 #3 type] 
Type domain.Admin is not enhanced.

[2023-11-12 22:36:33 #4 type] 
Type domain.Message is not enhanced.

[2023-11-12 22:36:33 #5 type] 
Type domain.Question is not enhanced.

[2023-11-12 22:36:33 #6 type] 
Type domain.Quote is not enhanced.

[2023-11-12 22:36:33 #7 type] 
Type domain.Event is not enhanced.

[2023-11-12 22:36:33 #8 type] 
Type domain.Bet is not enhanced.

[2023-11-12 22:36:33 #9 type] 
Type domain.Registered is not enhanced.

[2023-11-12 22:36:33 #10 type] 
Type domain.Movement is not enhanced.

------------------------------------------------------------------------------------------------------------------------

[2023-11-12 22:40:15 #1 store] 
Database 'C:\Users\sori2\Desktop\Clase\tercero\SI2\proiektua\Bets21\src\main\resources\bets.temp' is opened by 19596@LAPTOP-36P8KGSL

[2023-11-12 22:40:15 #2 type] 
Type domain.User is not enhanced.

[2023-11-12 22:40:15 #3 type] 
Type domain.Admin is not enhanced.

[2023-11-12 22:40:15 #4 type] 
Type domain.Message is not enhanced.

[2023-11-12 22:40:15 #5 type] 
Type domain.Question is not enhanced.

[2023-11-12 22:40:15 #6 type] 
Type domain.Quote is not enhanced.

[2023-11-12 22:40:15 #7 type] 
Type domain.Event is not enhanced.

[2023-11-12 22:40:15 #8 type] 
Type domain.Bet is not enhanced.

[2023-11-12 22:40:15 #9 type] 
Type domain.Registered is not enhanced.

[2023-11-12 22:40:15 #10 type] 
Type domain.Movement is not enhanced.

------------------------------------------------------------------------------------------------------------------------

[2023-11-12 22:40:36 #1 store] 
Database 'C:\Users\sori2\Desktop\Clase\tercero\SI2\proiektua\Bets21\src\main\resources\bets.temp' is opened by 20084@LAPTOP-36P8KGSL

[2023-11-12 22:40:36 #2 type] 
Type domain.User is not enhanced.

[2023-11-12 22:40:36 #3 type] 
Type domain.Admin is not enhanced.

[2023-11-12 22:40:36 #4 type] 
Type domain.Message is not enhanced.

[2023-11-12 22:40:36 #5 type] 
Type domain.Question is not enhanced.

[2023-11-12 22:40:36 #6 type] 
Type domain.Quote is not enhanced.

[2023-11-12 22:40:36 #7 type] 
Type domain.Event is not enhanced.

[2023-11-12 22:40:36 #8 type] 
Type domain.Bet is not enhanced.

[2023-11-12 22:40:36 #9 type] 
Type domain.Registered is not enhanced.

[2023-11-12 22:40:36 #10 type] 
Type domain.Movement is not enhanced.

------------------------------------------------------------------------------------------------------------------------

[2023-11-12 22:42:03 #1 store] 
Database 'C:\Users\sori2\Desktop\Clase\tercero\SI2\proiektua\Bets21\src\main\resources\bets.temp' is opened by 20144@LAPTOP-36P8KGSL

[2023-11-12 22:42:03 #2 type] 
Type domain.User is not enhanced.

[2023-11-12 22:42:03 #3 type] 
Type domain.Admin is not enhanced.

[2023-11-12 22:42:03 #4 type] 
Type domain.Message is not enhanced.

[2023-11-12 22:42:03 #5 type] 
Type domain.Question is not enhanced.

[2023-11-12 22:42:03 #6 type] 
Type domain.Quote is not enhanced.

[2023-11-12 22:42:03 #7 type] 
Type domain.Event is not enhanced.

[2023-11-12 22:42:03 #8 type] 
Type domain.Bet is not enhanced.

[2023-11-12 22:42:03 #9 type] 
Type domain.Registered is not enhanced.

[2023-11-12 22:42:03 #10 type] 
Type domain.Movement is not enhanced.

------------------------------------------------------------------------------------------------------------------------

[2023-11-12 22:43:03 #1 store] 
Database 'C:\Users\sori2\Desktop\Clase\tercero\SI2\proiektua\Bets21\src\main\resources\bets.temp' is opened by 13208@LAPTOP-36P8KGSL

[2023-11-12 22:43:03 #2 type] 
Type domain.User is not enhanced.

[2023-11-12 22:43:03 #3 type] 
Type domain.Admin is not enhanced.

[2023-11-12 22:43:03 #4 type] 
Type domain.Message is not enhanced.

[2023-11-12 22:43:03 #5 type] 
Type domain.Question is not enhanced.

[2023-11-12 22:43:03 #6 type] 
Type domain.Quote is not enhanced.

[2023-11-12 22:43:03 #7 type] 
Type domain.Event is not enhanced.

[2023-11-12 22:43:03 #8 type] 
Type domain.Bet is not enhanced.

[2023-11-12 22:43:03 #9 type] 
Type domain.Registered is not enhanced.

[2023-11-12 22:43:03 #10 type] 
Type domain.Movement is not enhanced.

