------------------------------------------------------------------------------------------------------------------------

[2023-11-11 11:34:48 #1 store] 
Database 'C:\Users\ander\git\Bets21\src\main\resources\bets.temp' is opened by 2248@LAPTOP-KMC7QC4S

[2023-11-11 11:34:48 #2 type] 
Type domain.User is not enhanced.

[2023-11-11 11:34:48 #3 type] 
Type domain.Admin is not enhanced.

[2023-11-11 11:34:48 #4 type] 
Type domain.Message is not enhanced.

[2023-11-11 11:34:48 #5 type] 
Type domain.Question is not enhanced.

[2023-11-11 11:34:48 #6 type] 
Type domain.Quote is not enhanced.

[2023-11-11 11:34:48 #7 type] 
Type domain.Event is not enhanced.

[2023-11-11 11:34:48 #8 type] 
Type domain.Bet is not enhanced.

[2023-11-11 11:34:48 #9 type] 
Type domain.Registered is not enhanced.

[2023-11-11 11:34:48 #10 type] 
Type domain.Movement is not enhanced.

------------------------------------------------------------------------------------------------------------------------

[2023-11-11 11:36:48 #1 store] 
Database 'C:\Users\ander\git\Bets21\src\main\resources\bets.temp' has been recovered (tr. 202-202)

[2023-11-11 11:36:48 #2 store] 
Database 'C:\Users\ander\git\Bets21\src\main\resources\bets.temp' is opened by 10164@LAPTOP-KMC7QC4S

[2023-11-11 11:36:48 #3 type] 
Type domain.User is not enhanced.

[2023-11-11 11:36:48 #4 type] 
Type domain.Admin is not enhanced.

[2023-11-11 11:36:48 #5 type] 
Type domain.Message is not enhanced.

[2023-11-11 11:36:48 #6 type] 
Type domain.Question is not enhanced.

[2023-11-11 11:36:48 #7 type] 
Type domain.Quote is not enhanced.

[2023-11-11 11:36:48 #8 type] 
Type domain.Event is not enhanced.

[2023-11-11 11:36:48 #9 type] 
Type domain.Bet is not enhanced.

[2023-11-11 11:36:48 #10 type] 
Type domain.Registered is not enhanced.

[2023-11-11 11:36:48 #11 type] 
Type domain.Movement is not enhanced.

------------------------------------------------------------------------------------------------------------------------

[2023-11-11 11:39:47 #1 store] 
Database 'C:\Users\ander\git\Bets21\src\main\resources\bets.temp' is opened by 11828@LAPTOP-KMC7QC4S

[2023-11-11 11:39:47 #2 type] 
Type domain.User is not enhanced.

[2023-11-11 11:39:47 #3 type] 
Type domain.Admin is not enhanced.

[2023-11-11 11:39:47 #4 type] 
Type domain.Message is not enhanced.

[2023-11-11 11:39:47 #5 type] 
Type domain.Question is not enhanced.

[2023-11-11 11:39:47 #6 type] 
Type domain.Quote is not enhanced.

[2023-11-11 11:39:47 #7 type] 
Type domain.Event is not enhanced.

[2023-11-11 11:39:47 #8 type] 
Type domain.Bet is not enhanced.

[2023-11-11 11:39:47 #9 type] 
Type domain.Registered is not enhanced.

[2023-11-11 11:39:47 #10 type] 
Type domain.Movement is not enhanced.

------------------------------------------------------------------------------------------------------------------------

[2023-11-11 11:43:44 #1 store] 
Database 'C:\Users\ander\git\Bets21\src\main\resources\bets.temp' is opened by 9520@LAPTOP-KMC7QC4S

[2023-11-11 11:43:44 #2 type] 
Type domain.User is not enhanced.

[2023-11-11 11:43:44 #3 type] 
Type domain.Admin is not enhanced.

[2023-11-11 11:43:44 #4 type] 
Type domain.Message is not enhanced.

[2023-11-11 11:43:44 #5 type] 
Type domain.Question is not enhanced.

[2023-11-11 11:43:44 #6 type] 
Type domain.Quote is not enhanced.

[2023-11-11 11:43:44 #7 type] 
Type domain.Event is not enhanced.

[2023-11-11 11:43:44 #8 type] 
Type domain.Bet is not enhanced.

[2023-11-11 11:43:44 #9 type] 
Type domain.Registered is not enhanced.

[2023-11-11 11:43:44 #10 type] 
Type domain.Movement is not enhanced.

------------------------------------------------------------------------------------------------------------------------

[2023-11-11 11:54:21 #1 store] 
Database 'C:\Users\ander\git\Bets21\src\main\resources\bets.temp' is opened by 5892@LAPTOP-KMC7QC4S

[2023-11-11 11:54:21 #2 type] 
Type domain.User is not enhanced.

[2023-11-11 11:54:21 #3 type] 
Type domain.Admin is not enhanced.

[2023-11-11 11:54:21 #4 type] 
Type domain.Message is not enhanced.

[2023-11-11 11:54:21 #5 type] 
Type domain.Question is not enhanced.

[2023-11-11 11:54:21 #6 type] 
Type domain.Quote is not enhanced.

[2023-11-11 11:54:21 #7 type] 
Type domain.Event is not enhanced.

[2023-11-11 11:54:21 #8 type] 
Type domain.Bet is not enhanced.

[2023-11-11 11:54:21 #9 type] 
Type domain.Registered is not enhanced.

[2023-11-11 11:54:21 #10 type] 
Type domain.Movement is not enhanced.

------------------------------------------------------------------------------------------------------------------------

[2023-11-11 13:25:48 #1 store] 
Database 'C:\Users\ander\git\Bets21\src\main\resources\bets.temp' is opened by 14544@LAPTOP-KMC7QC4S

[2023-11-11 13:25:48 #2 type] 
Type domain.User is not enhanced.

[2023-11-11 13:25:48 #3 type] 
Type domain.Admin is not enhanced.

[2023-11-11 13:25:48 #4 type] 
Type domain.Message is not enhanced.

[2023-11-11 13:25:48 #5 type] 
Type domain.Question is not enhanced.

[2023-11-11 13:25:48 #6 type] 
Type domain.Quote is not enhanced.

[2023-11-11 13:25:48 #7 type] 
Type domain.Event is not enhanced.

[2023-11-11 13:25:48 #8 type] 
Type domain.Bet is not enhanced.

[2023-11-11 13:25:48 #9 type] 
Type domain.Registered is not enhanced.

[2023-11-11 13:25:48 #10 type] 
Type domain.Movement is not enhanced.

------------------------------------------------------------------------------------------------------------------------

[2023-11-11 13:32:18 #1 store] 
Database 'C:\Users\ander\git\Bets21\src\main\resources\bets.temp' has been recovered (tr. 203-212)

[2023-11-11 13:32:18 #2 store] 
Database 'C:\Users\ander\git\Bets21\src\main\resources\bets.temp' is opened by 4064@LAPTOP-KMC7QC4S

[2023-11-11 13:32:18 #3 type] 
Type domain.User is not enhanced.

[2023-11-11 13:32:18 #4 type] 
Type domain.Admin is not enhanced.

[2023-11-11 13:32:18 #5 type] 
Type domain.Message is not enhanced.

[2023-11-11 13:32:18 #6 type] 
Type domain.Question is not enhanced.

[2023-11-11 13:32:18 #7 type] 
Type domain.Quote is not enhanced.

[2023-11-11 13:32:18 #8 type] 
Type domain.Event is not enhanced.

[2023-11-11 13:32:18 #9 type] 
Type domain.Bet is not enhanced.

[2023-11-11 13:32:18 #10 type] 
Type domain.Registered is not enhanced.

[2023-11-11 13:32:18 #11 type] 
Type domain.Movement is not enhanced.

------------------------------------------------------------------------------------------------------------------------

[2023-11-11 13:34:38 #1 store] 
Database 'C:\Users\ander\git\Bets21\src\main\resources\bets.temp' is opened by 6004@LAPTOP-KMC7QC4S

[2023-11-11 13:34:38 #2 type] 
Type domain.User is not enhanced.

[2023-11-11 13:34:38 #3 type] 
Type domain.Admin is not enhanced.

[2023-11-11 13:34:38 #4 type] 
Type domain.Message is not enhanced.

[2023-11-11 13:34:38 #5 type] 
Type domain.Question is not enhanced.

[2023-11-11 13:34:38 #6 type] 
Type domain.Quote is not enhanced.

[2023-11-11 13:34:38 #7 type] 
Type domain.Event is not enhanced.

[2023-11-11 13:34:38 #8 type] 
Type domain.Bet is not enhanced.

[2023-11-11 13:34:38 #9 type] 
Type domain.Registered is not enhanced.

[2023-11-11 13:34:38 #10 type] 
Type domain.Movement is not enhanced.

